TN:
SF:examples/05-hermes-integration/jail.ts
FN:11,__name
FN:19,escapes
FN:30,walkChain
FN:47,createJail
FNF:4
FNH:4
FNDA:30,__name
FNDA:11,escapes
FNDA:3,walkChain
FNDA:9,createJail
DA:1,1
DA:2,1
DA:3,1
DA:4,1
DA:5,1
DA:6,1
DA:7,1
DA:8,1
DA:9,1
DA:10,1
DA:11,1
DA:12,1
DA:13,1
DA:14,1
DA:15,1
DA:16,1
DA:17,1
DA:18,1
DA:19,11
DA:20,11
DA:21,11
DA:22,1
DA:23,1
DA:24,1
DA:25,1
DA:26,1
DA:27,1
DA:28,1
DA:29,1
DA:30,3
DA:31,3
DA:32,3
DA:33,8
DA:34,8
DA:35,8
DA:36,8
DA:37,3
DA:38,3
DA:39,0
DA:40,8
DA:41,8
DA:42,8
DA:43,8
DA:44,3
DA:45,3
DA:46,1
DA:47,1
DA:48,9
DA:49,9
DA:50,9
DA:51,8
DA:52,8
DA:53,8
DA:54,8
DA:55,9
DA:56,9
DA:57,9
DA:58,9
DA:59,9
DA:60,9
DA:61,4
DA:62,4
DA:63,4
DA:64,4
DA:65,2
DA:66,2
DA:67,4
DA:68,4
DA:69,9
DA:70,9
DA:71,9
DA:72,9
DA:73,9
DA:74,9
DA:75,9
DA:76,5
DA:77,5
DA:78,5
DA:79,5
DA:80,1
DA:81,1
DA:82,5
DA:83,4
DA:84,4
DA:85,4
DA:86,4
DA:87,4
DA:88,4
DA:89,4
DA:90,5
DA:91,3
DA:92,3
DA:93,3
DA:94,3
DA:95,3
DA:96,3
DA:97,3
DA:98,3
DA:99,3
DA:100,3
DA:101,3
DA:102,3
DA:103,3
DA:104,3
DA:105,5
DA:106,0
DA:107,0
DA:108,0
DA:109,0
DA:110,0
DA:111,0
DA:112,5
DA:113,4
DA:114,4
DA:115,4
DA:116,5
DA:117,5
DA:118,9
DA:119,9
DA:120,9
LF:120
LH:113
BRDA:11,0,0,30
BRDA:19,1,0,11
BRDA:20,2,0,8
BRDA:30,3,0,3
BRDA:32,4,0,8
BRDA:36,5,0,5
BRDA:36,6,0,3
BRDA:38,7,0,0
BRDA:40,8,0,5
BRDA:40,9,0,0
BRDA:41,10,0,5
BRDA:42,11,0,0
BRDA:44,12,0,0
BRDA:47,13,0,9
BRDA:50,14,0,8
BRDA:51,15,0,0
BRDA:60,16,0,4
BRDA:63,17,0,3
BRDA:64,18,0,2
BRDA:67,19,0,1
BRDA:75,20,0,5
BRDA:79,21,0,1
BRDA:82,22,0,4
BRDA:90,23,0,3
BRDA:98,24,0,0
BRDA:99,25,0,0
BRDA:105,26,0,0
BRDA:112,27,0,4
BRDA:113,28,0,3
BRDA:116,29,0,1
BRF:30
BRH:22
end_of_record
TN:
SF:packages/adapters/mcp-server/src/index.ts
FN:40,__name
FN:66,mcpServerFromGlyph
FN:183,describeForMcp
FN:202,envelopeToMcpResult
FN:236,runStdioBridge
FNF:5
FNH:4
FNDA:26,__name
FNDA:11,mcpServerFromGlyph
FNDA:9,describeForMcp
FNDA:4,envelopeToMcpResult
FNDA:0,runStdioBridge
DA:1,1
DA:2,1
DA:3,1
DA:4,1
DA:5,1
DA:6,1
DA:7,1
DA:8,1
DA:9,1
DA:10,1
DA:11,1
DA:12,1
DA:13,1
DA:14,1
DA:15,1
DA:16,1
DA:17,1
DA:18,1
DA:19,1
DA:20,1
DA:21,1
DA:22,1
DA:23,1
DA:24,1
DA:25,1
DA:26,1
DA:27,1
DA:28,1
DA:29,1
DA:30,1
DA:31,1
DA:32,1
DA:33,1
DA:34,1
DA:35,1
DA:36,1
DA:37,1
DA:38,1
DA:39,1
DA:40,1
DA:41,1
DA:42,1
DA:43,1
DA:44,1
DA:45,1
DA:46,1
DA:47,1
DA:48,1
DA:49,1
DA:50,1
DA:51,1
DA:52,1
DA:53,1
DA:54,1
DA:55,1
DA:56,1
DA:57,1
DA:58,1
DA:59,1
DA:60,1
DA:61,1
DA:62,1
DA:63,1
DA:64,1
DA:65,1
DA:66,1
DA:67,11
DA:68,11
DA:69,11
DA:70,11
DA:71,11
DA:72,11
DA:73,11
DA:74,11
DA:75,11
DA:76,11
DA:77,11
DA:78,11
DA:79,11
DA:80,11
DA:81,11
DA:82,11
DA:83,11
DA:84,11
DA:85,11
DA:86,11
DA:87,11
DA:88,11
DA:89,11
DA:90,12
DA:91,12
DA:92,12
DA:93,12
DA:94,2
DA:95,2
DA:96,12
DA:97,10
DA:98,10
DA:99,12
DA:100,16
DA:101,16
DA:102,16
DA:103,16
DA:104,0
DA:105,0
DA:106,0
DA:107,0
DA:108,16
DA:109,16
DA:110,12
DA:111,10
DA:112,10
DA:113,12
DA:114,11
DA:115,11
DA:116,5
DA:117,5
DA:118,5
DA:119,9
DA:120,9
DA:121,9
DA:122,0
DA:123,0
DA:124,5
DA:125,5
DA:126,11
DA:127,11
DA:128,11
DA:129,7
DA:130,7
DA:131,7
DA:132,7
DA:133,7
DA:134,7
DA:135,7
DA:136,1
DA:137,1
DA:138,1
DA:139,1
DA:140,1
DA:141,7
DA:142,7
DA:143,7
DA:144,7
DA:145,1
DA:146,1
DA:147,1
DA:148,1
DA:149,1
DA:150,1
DA:151,1
DA:152,1
DA:153,1
DA:154,1
DA:155,7
DA:156,5
DA:157,5
DA:158,7
DA:159,7
DA:160,7
DA:161,7
DA:162,1
DA:163,1
DA:164,1
DA:165,1
DA:166,1
DA:167,1
DA:168,1
DA:169,1
DA:170,1
DA:171,1
DA:172,11
DA:173,11
DA:174,11
DA:175,11
DA:176,1
DA:177,1
DA:178,1
DA:179,1
DA:180,1
DA:181,1
DA:182,1
DA:183,9
DA:184,9
DA:185,9
DA:186,4
DA:187,4
DA:188,9
DA:189,9
DA:190,9
DA:191,9
DA:192,9
DA:193,9
DA:194,1
DA:195,1
DA:196,1
DA:197,1
DA:198,1
DA:199,1
DA:200,1
DA:201,1
DA:202,4
DA:203,4
DA:204,4
DA:205,4
DA:206,4
DA:207,4
DA:208,4
DA:209,4
DA:210,2
DA:211,2
DA:212,4
DA:213,4
DA:214,4
DA:215,4
DA:216,1
DA:217,1
DA:218,1
DA:219,1
DA:220,1
DA:221,1
DA:222,1
DA:223,1
DA:224,1
DA:225,1
DA:226,1
DA:227,1
DA:228,1
DA:229,4
DA:230,4
DA:231,1
DA:232,1
DA:233,1
DA:234,1
DA:235,1
DA:236,0
DA:237,0
DA:238,0
DA:239,0
DA:240,0
DA:241,0
DA:242,0
DA:243,0
DA:244,1
DA:245,1
DA:246,1
DA:247,1
DA:248,1
DA:249,1
LF:249
LH:235
BRDA:40,0,0,26
BRDA:66,1,0,11
BRDA:87,2,0,25
BRDA:89,3,0,12
BRDA:93,4,0,2
BRDA:93,5,0,2
BRDA:96,6,0,10
BRDA:99,7,0,16
BRDA:103,8,0,0
BRDA:110,9,0,10
BRDA:115,10,0,5
BRDA:118,11,0,9
BRDA:121,12,0,0
BRDA:128,13,0,7
BRDA:133,14,0,1
BRDA:135,15,0,1
BRDA:144,16,0,6
BRDA:144,17,0,1
BRDA:155,18,0,5
BRDA:158,19,0,0
BRDA:160,20,0,4
BRDA:161,21,0,1
BRDA:167,22,0,0
BRDA:183,23,0,9
BRDA:185,24,0,4
BRDA:188,25,0,4
BRDA:189,26,0,4
BRDA:190,27,0,4
BRDA:191,28,0,4
BRDA:191,29,0,5
BRDA:202,30,0,4
BRDA:209,31,0,2
BRDA:215,32,0,1
BRDA:221,33,0,1
BRDA:223,34,0,1
BRF:35
BRH:31
end_of_record
TN:
SF:packages/adapters/mcp-server/src/lazy.ts
FN:25,__name
FN:66,mcpServerFromGlyphLazy
FN:82,ensureIndex
FN:159,errorResult
FN:166,envelopeToMcpResult
FN:194,runStdioBridgeLazy
FNF:6
FNH:5
FNDA:24,__name
FNDA:16,mcpServerFromGlyphLazy
FNDA:15,ensureIndex
FNDA:7,errorResult
FNDA:3,envelopeToMcpResult
FNDA:0,runStdioBridgeLazy
DA:1,1
DA:2,1
DA:3,1
DA:4,1
DA:5,1
DA:6,1
DA:7,1
DA:8,1
DA:9,1
DA:10,1
DA:11,1
DA:12,1
DA:13,1
DA:14,1
DA:15,1
DA:16,1
DA:17,1
DA:18,1
DA:19,1
DA:20,1
DA:21,1
DA:22,1
DA:23,1
DA:24,1
DA:25,1
DA:26,1
DA:27,1
DA:28,1
DA:29,1
DA:30,1
DA:31,1
DA:32,1
DA:33,1
DA:34,1
DA:35,1
DA:36,1
DA:37,1
DA:38,1
DA:39,1
DA:40,1
DA:41,1
DA:42,1
DA:43,1
DA:44,1
DA:45,1
DA:46,1
DA:47,1
DA:48,1
DA:49,1
DA:50,1
DA:51,1
DA:52,1
DA:53,1
DA:54,1
DA:55,1
DA:56,1
DA:57,1
DA:58,1
DA:59,1
DA:60,1
DA:61,1
DA:62,1
DA:63,1
DA:64,1
DA:65,1
DA:66,1
DA:67,16
DA:68,16
DA:69,16
DA:70,16
DA:71,16
DA:72,16
DA:73,16
DA:74,16
DA:75,16
DA:76,16
DA:77,16
DA:78,16
DA:79,16
DA:80,16
DA:81,16
DA:82,16
DA:83,15
DA:84,15
DA:85,15
DA:86,22
DA:87,22
DA:88,22
DA:89,15
DA:90,15
DA:91,16
DA:92,16
DA:93,1
DA:94,16
DA:95,16
DA:96,16
DA:97,16
DA:98,16
DA:99,16
DA:100,5
DA:101,5
DA:102,8
DA:103,8
DA:104,8
DA:105,5
DA:106,5
DA:107,5
DA:108,5
DA:109,5
DA:110,16
DA:111,3
DA:112,3
DA:113,3
DA:114,1
DA:115,1
DA:116,3
DA:117,3
DA:118,1
DA:119,1
DA:120,1
DA:121,1
DA:122,1
DA:123,1
DA:124,1
DA:125,1
DA:126,1
DA:127,1
DA:128,1
DA:129,1
DA:130,1
DA:131,1
DA:132,1
DA:133,16
DA:134,7
DA:135,7
DA:136,7
DA:137,7
DA:138,7
DA:139,7
DA:140,7
DA:141,7
DA:142,7
DA:143,1
DA:144,1
DA:145,1
DA:146,1
DA:147,7
DA:148,7
DA:149,3
DA:150,16
DA:151,1
DA:152,1
DA:153,1
DA:154,16
DA:155,16
DA:156,16
DA:157,16
DA:158,1
DA:159,7
DA:160,7
DA:161,7
DA:162,7
DA:163,7
DA:164,7
DA:165,1
DA:166,3
DA:167,3
DA:168,3
DA:169,3
DA:170,3
DA:171,3
DA:172,3
DA:173,3
DA:174,3
DA:175,3
DA:176,3
DA:177,3
DA:178,1
DA:179,1
DA:180,1
DA:181,1
DA:182,1
DA:183,1
DA:184,1
DA:185,1
DA:186,1
DA:187,1
DA:188,1
DA:189,1
DA:190,1
DA:191,3
DA:192,3
DA:193,1
DA:194,0
DA:195,0
DA:196,0
DA:197,0
DA:198,0
DA:199,0
DA:200,0
DA:201,0
LF:201
LH:193
BRDA:25,0,0,24
BRDA:66,1,0,16
BRDA:72,2,0,15
BRDA:82,3,0,15
BRDA:83,4,0,3
BRDA:84,5,0,12
BRDA:85,6,0,22
BRDA:89,7,0,12
BRDA:92,8,0,1
BRDA:96,9,0,16
BRDA:99,10,0,5
BRDA:110,11,0,11
BRDA:110,12,0,3
BRDA:113,13,0,1
BRDA:116,14,0,2
BRDA:117,15,0,1
BRDA:133,16,0,8
BRDA:133,17,0,7
BRDA:135,18,0,0
BRDA:139,19,0,1
BRDA:140,20,0,6
BRDA:141,21,0,1
BRDA:142,22,0,5
BRDA:142,23,0,1
BRDA:147,24,0,4
BRDA:147,25,0,0
BRDA:148,26,0,3
BRDA:150,27,0,1
BRDA:152,28,0,0
BRDA:101,29,0,8
BRDA:159,30,0,7
BRDA:166,31,0,3
BRDA:173,32,0,1
BRDA:173,33,0,2
BRDA:177,34,0,1
BRDA:183,35,0,1
BRDA:185,36,0,1
BRF:37
BRH:34
end_of_record
TN:
SF:packages/adapters/mcp/src/index.ts
FN:1,__name
FN:36,glyphsFromMcpTools
FN:83,glyphsFromMcpClient
FN:101,isDangerousName
FN:109,deriveCost
FN:124,buildHandler
FN:142,buildZodInput
FN:166,jsonTypeToZod
FN:218,toKebab
FNF:9
FNH:9
FNDA:17,__name
FNDA:23,glyphsFromMcpTools
FNDA:1,glyphsFromMcpClient
FNDA:43,isDangerousName
FNDA:43,deriveCost
FNDA:43,buildHandler
FNDA:43,buildZodInput
FNDA:64,jsonTypeToZod
FNDA:43,toKebab
DA:1,1
DA:2,1
DA:3,1
DA:4,1
DA:5,1
DA:6,1
DA:7,1
DA:8,1
DA:9,1
DA:10,1
DA:11,1
DA:12,1
DA:13,1
DA:14,1
DA:15,1
DA:16,1
DA:17,1
DA:18,1
DA:19,1
DA:20,1
DA:21,1
DA:22,1
DA:23,1
DA:24,1
DA:25,1
DA:26,1
DA:27,1
DA:28,1
DA:29,1
DA:30,1
DA:31,1
DA:32,1
DA:33,1
DA:34,1
DA:35,1
DA:36,1
DA:37,23
DA:38,23
DA:39,23
DA:40,23
DA:41,23
DA:42,23
DA:43,23
DA:44,23
DA:45,43
DA:46,43
DA:47,43
DA:48,43
DA:49,43
DA:50,43
DA:51,43
DA:52,43
DA:53,43
DA:54,43
DA:55,43
DA:56,43
DA:57,43
DA:58,43
DA:59,43
DA:60,43
DA:61,43
DA:62,43
DA:63,43
DA:64,43
DA:65,43
DA:66,43
DA:67,43
DA:68,43
DA:69,43
DA:70,43
DA:71,4
DA:72,39
DA:73,43
DA:74,43
DA:75,43
DA:76,23
DA:77,23
DA:78,1
DA:79,1
DA:80,1
DA:81,1
DA:82,1
DA:83,1
DA:84,1
DA:85,1
DA:86,1
DA:87,1
DA:88,1
DA:89,1
DA:90,1
DA:91,1
DA:92,1
DA:93,1
DA:94,1
DA:95,1
DA:96,1
DA:97,1
DA:98,1
DA:99,1
DA:100,1
DA:101,43
DA:102,43
DA:103,43
DA:104,43
DA:105,43
DA:106,43
DA:107,43
DA:108,1
DA:109,43
DA:110,43
DA:111,43
DA:112,43
DA:113,43
DA:114,43
DA:115,43
DA:116,43
DA:117,43
DA:118,43
DA:119,43
DA:120,43
DA:121,43
DA:122,43
DA:123,1
DA:124,43
DA:125,43
DA:126,43
DA:127,43
DA:128,43
DA:129,3
DA:130,3
DA:131,1
DA:132,1
DA:133,1
DA:134,1
DA:135,1
DA:136,1
DA:137,1
DA:138,3
DA:139,3
DA:140,43
DA:141,1
DA:142,43
DA:143,43
DA:144,43
DA:145,40
DA:146,39
DA:147,38
DA:148,43
DA:149,5
DA:150,5
DA:151,43
DA:152,43
DA:153,43
DA:154,43
DA:155,62
DA:156,62
DA:157,62
DA:158,43
DA:159,43
DA:160,1
DA:161,1
DA:162,1
DA:163,1
DA:164,1
DA:165,1
DA:166,64
DA:167,64
DA:168,64
DA:169,64
DA:170,64
DA:171,2
DA:172,2
DA:173,1
DA:174,1
DA:175,2
DA:176,64
DA:177,64
DA:178,64
DA:179,48
DA:180,48
DA:181,48
DA:182,48
DA:183,48
DA:184,48
DA:185,48
DA:186,64
DA:187,10
DA:188,64
DA:189,1
DA:190,1
DA:191,1
DA:192,1
DA:193,1
DA:194,1
DA:195,1
DA:196,1
DA:197,1
DA:198,1
DA:199,1
DA:200,1
DA:201,1
DA:202,1
DA:203,1
DA:204,1
DA:205,1
DA:206,1
DA:207,1
DA:208,1
DA:209,1
DA:210,1
DA:211,1
DA:212,0
DA:213,64
DA:214,0
DA:215,64
DA:216,64
DA:217,1
DA:218,43
DA:219,43
DA:220,43
DA:221,43
DA:222,43
DA:223,43
DA:224,43
LF:224
LH:222
BRDA:1,0,0,17
BRDA:36,1,0,23
BRDA:41,2,0,2
BRDA:42,3,0,2
BRDA:42,4,0,21
BRDA:44,5,0,43
BRDA:48,6,0,0
BRDA:51,7,0,32
BRDA:51,8,0,33
BRDA:52,9,0,3
BRDA:53,10,0,37
BRDA:70,11,0,41
BRDA:70,12,0,4
BRDA:71,13,0,39
BRDA:83,14,0,1
BRDA:88,15,0,1
BRDA:101,16,0,43
BRDA:109,17,0,43
BRDA:113,18,0,32
BRDA:113,19,0,12
BRDA:114,20,0,32
BRDA:114,21,0,33
BRDA:119,22,0,21
BRDA:119,23,0,22
BRDA:119,24,0,11
BRDA:124,25,0,43
BRDA:128,26,0,3
BRDA:129,27,0,0
BRDA:130,28,0,1
BRDA:135,29,0,0
BRDA:138,30,0,2
BRDA:138,31,0,0
BRDA:133,32,0,1
BRDA:142,33,0,43
BRDA:144,34,0,40
BRDA:145,35,0,39
BRDA:146,36,0,38
BRDA:148,37,0,5
BRDA:151,38,0,38
BRDA:152,39,0,27
BRDA:152,40,0,11
BRDA:154,41,0,62
BRDA:156,42,0,38
BRDA:156,43,0,24
BRDA:158,44,0,38
BRDA:166,45,0,64
BRDA:167,46,0,0
BRDA:170,47,0,2
BRDA:170,48,0,2
BRDA:172,49,0,1
BRDA:177,50,0,62
BRDA:178,51,0,48
BRDA:180,52,0,0
BRDA:181,53,0,0
BRDA:182,54,0,0
BRDA:183,55,0,0
BRDA:186,56,0,10
BRDA:188,57,0,1
BRDA:195,58,0,0
BRDA:202,59,0,0
BRDA:207,60,0,0
BRDA:211,61,0,0
BRDA:213,62,0,0
BRDA:171,63,0,4
BRDA:218,64,0,43
BRF:65
BRH:51
end_of_record
TN:
SF:packages/adapters/openapi/src/index.ts
FN:1,__name
FN:35,redactUrl
FN:113,glyphsFromOpenApi
FN:210,extractHost
FN:218,deriveCost
FN:229,toKebab
FN:237,operationName
FN:242,buildInputSchema
FN:257,buildOutputSchema
FN:264,buildZodInput
FN:281,jsonTypeToZod
FN:339,buildHandler
FN:408,appendQuery
FN:425,applySecurity
FN:467,parseResponse
FN:483,resolveRefs
FN:502,pointerLookup
FNF:17
FNH:17
FNDA:48,__name
FNDA:11,redactUrl
FNDA:31,glyphsFromOpenApi
FNDA:2,extractHost
FNDA:69,deriveCost
FNDA:69,toKebab
FNDA:69,operationName
FNDA:69,buildInputSchema
FNDA:69,buildOutputSchema
FNDA:69,buildZodInput
FNDA:97,jsonTypeToZod
FNDA:69,buildHandler
FNDA:2,appendQuery
FNDA:8,applySecurity
FNDA:6,parseResponse
FNDA:912,resolveRefs
FNDA:56,pointerLookup
DA:1,1
DA:2,1
DA:3,1
DA:4,1
DA:5,1
DA:6,1
DA:7,1
DA:8,1
DA:9,1
DA:10,1
DA:11,1
DA:12,1
DA:13,1
DA:14,1
DA:15,1
DA:16,1
DA:17,1
DA:18,1
DA:19,1
DA:20,1
DA:21,1
DA:22,1
DA:23,1
DA:24,1
DA:25,1
DA:26,1
DA:27,1
DA:28,1
DA:29,1
DA:30,1
DA:31,1
DA:32,1
DA:33,1
DA:34,1
DA:35,1
DA:36,11
DA:37,11
DA:38,11
DA:39,11
DA:40,11
DA:41,11
DA:42,11
DA:43,11
DA:44,11
DA:45,11
DA:46,11
DA:47,11
DA:48,11
DA:49,11
DA:50,20
DA:51,20
DA:52,20
DA:53,12
DA:54,12
DA:55,20
DA:56,8
DA:57,8
DA:58,20
DA:59,10
DA:60,10
DA:61,10
DA:62,10
DA:63,10
DA:64,11
DA:65,1
DA:66,1
DA:67,1
DA:68,1
DA:69,1
DA:70,1
DA:71,1
DA:72,1
DA:73,1
DA:74,1
DA:75,1
DA:76,1
DA:77,1
DA:78,1
DA:79,1
DA:80,1
DA:81,1
DA:82,1
DA:83,1
DA:84,1
DA:85,1
DA:86,1
DA:87,1
DA:88,1
DA:89,1
DA:90,1
DA:91,1
DA:92,1
DA:93,1
DA:94,1
DA:95,1
DA:96,1
DA:97,1
DA:98,1
DA:99,1
DA:100,1
DA:101,1
DA:102,1
DA:103,1
DA:104,1
DA:105,1
DA:106,1
DA:107,1
DA:108,1
DA:109,1
DA:110,1
DA:111,1
DA:112,1
DA:113,1
DA:114,31
DA:115,31
DA:116,31
DA:117,31
DA:118,31
DA:119,31
DA:120,31
DA:121,31
DA:122,24
DA:123,24
DA:124,31
DA:125,4
DA:126,0
DA:127,0
DA:128,0
DA:129,0
DA:130,4
DA:131,4
DA:132,2
DA:133,2
DA:134,1
DA:135,1
DA:136,1
DA:137,1
DA:138,2
DA:139,4
DA:140,7
DA:141,2
DA:142,2
DA:143,2
DA:144,2
DA:145,2
DA:146,2
DA:147,2
DA:148,2
DA:149,1
DA:150,1
DA:151,1
DA:152,1
DA:153,31
DA:154,31
DA:155,31
DA:156,31
DA:157,31
DA:158,31
DA:159,41
DA:160,205
DA:161,205
DA:162,205
DA:163,205
DA:164,69
DA:165,69
DA:166,69
DA:167,185
DA:168,205
DA:169,205
DA:170,205
DA:171,205
DA:172,205
DA:173,205
DA:174,205
DA:175,205
DA:176,205
DA:177,205
DA:178,205
DA:179,205
DA:180,205
DA:181,205
DA:182,205
DA:183,205
DA:184,205
DA:185,205
DA:186,205
DA:187,205
DA:188,205
DA:189,205
DA:190,205
DA:191,205
DA:192,68
DA:193,68
DA:194,30
DA:195,39
DA:196,205
DA:197,205
DA:198,205
DA:199,205
DA:200,205
DA:201,205
DA:202,205
DA:203,41
DA:204,31
DA:205,31
DA:206,1
DA:207,1
DA:208,1
DA:209,1
DA:210,2
DA:211,2
DA:212,2
DA:213,2
DA:214,0
DA:215,0
DA:216,2
DA:217,1
DA:218,69
DA:219,69
DA:220,69
DA:221,69
DA:222,69
DA:223,69
DA:224,69
DA:225,69
DA:226,69
DA:227,69
DA:228,1
DA:229,69
DA:230,69
DA:231,69
DA:232,69
DA:233,69
DA:234,69
DA:235,69
DA:236,1
DA:237,69
DA:238,69
DA:239,69
DA:240,69
DA:241,1
DA:242,69
DA:243,69
DA:244,69
DA:245,69
DA:246,50
DA:247,50
DA:248,50
DA:249,69
DA:250,69
DA:251,15
DA:252,15
DA:253,15
DA:254,69
DA:255,69
DA:256,1
DA:257,69
DA:258,69
DA:259,69
DA:260,69
DA:261,69
DA:262,69
DA:263,1
DA:264,69
DA:265,69
DA:266,69
DA:267,50
DA:268,50
DA:269,50
DA:270,50
DA:271,69
DA:272,69
DA:273,15
DA:274,15
DA:275,0
DA:276,15
DA:277,15
DA:278,69
DA:279,69
DA:280,1
DA:281,97
DA:282,97
DA:283,97
DA:284,97
DA:285,97
DA:286,1
DA:287,1
DA:288,0
DA:289,1
DA:290,1
DA:291,97
DA:292,97
DA:293,97
DA:294,63
DA:295,63
DA:296,63
DA:297,63
DA:298,63
DA:299,63
DA:300,63
DA:301,97
DA:302,15
DA:303,97
DA:304,0
DA:305,0
DA:306,0
DA:307,97
DA:308,2
DA:309,2
DA:310,2
DA:311,2
DA:312,2
DA:313,97
DA:314,16
DA:315,16
DA:316,16
DA:317,16
DA:318,16
DA:319,16
DA:320,16
DA:321,30
DA:322,30
DA:323,30
DA:324,16
DA:325,16
DA:326,16
DA:327,0
DA:328,97
DA:329,0
DA:330,97
DA:331,97
DA:332,1
DA:333,1
DA:334,1
DA:335,1
DA:336,1
DA:337,1
DA:338,1
DA:339,69
DA:340,69
DA:341,69
DA:342,69
DA:343,69
DA:344,69
DA:345,69
DA:346,69
DA:347,69
DA:348,69
DA:349,69
DA:350,69
DA:351,69
DA:352,69
DA:353,3
DA:354,1
DA:355,1
DA:356,3
DA:357,69
DA:358,69
DA:359,8
DA:360,8
DA:361,8
DA:362,8
DA:363,8
DA:364,8
DA:365,6
DA:366,6
DA:367,6
DA:368,6
DA:369,2
DA:370,2
DA:371,2
DA:372,2
DA:373,2
DA:374,6
DA:375,1
DA:376,1
DA:377,1
DA:378,1
DA:379,1
DA:380,6
DA:381,6
DA:382,8
DA:383,8
DA:384,8
DA:385,8
DA:386,8
DA:387,8
DA:388,8
DA:389,8
DA:390,8
DA:391,8
DA:392,8
DA:393,8
DA:394,1
DA:395,1
DA:396,1
DA:397,8
DA:398,8
DA:399,8
DA:400,2
DA:401,2
DA:402,2
DA:403,2
DA:404,8
DA:405,8
DA:406,69
DA:407,1
DA:408,2
DA:409,2
DA:410,2
DA:411,2
DA:412,2
DA:413,1
DA:414,1
DA:415,1
DA:416,2
DA:417,0
DA:418,0
DA:419,0
DA:420,0
DA:421,0
DA:422,2
DA:423,2
DA:424,1
DA:425,8
DA:426,8
DA:427,8
DA:428,8
DA:429,8
DA:430,8
DA:431,8
DA:432,8
DA:433,3
DA:434,3
DA:435,3
DA:436,3
DA:437,3
DA:438,1
DA:439,1
DA:440,1
DA:441,1
DA:442,1
DA:443,3
DA:444,0
DA:445,0
DA:446,0
DA:447,0
DA:448,0
DA:449,0
DA:450,0
DA:451,0
DA:452,3
DA:453,2
DA:454,2
DA:455,2
DA:456,1
DA:457,0
DA:458,0
DA:459,0
DA:460,2
DA:461,3
DA:462,3
DA:463,3
DA:464,3
DA:465,8
DA:466,1
DA:467,6
DA:468,6
DA:469,6
DA:470,6
DA:471,6
DA:472,6
DA:473,6
DA:474,1
DA:475,1
DA:476,1
DA:477,0
DA:478,0
DA:479,1
DA:480,6
DA:481,6
DA:482,1
DA:483,912
DA:484,912
DA:485,912
DA:486,420
DA:487,420
DA:488,56
DA:489,56
DA:490,56
DA:491,56
DA:492,56
DA:493,420
DA:494,420
DA:495,569
DA:496,569
DA:497,420
DA:498,364
DA:499,912
DA:500,912
DA:501,1
DA:502,56
DA:503,56
DA:504,56
DA:505,56
DA:506,168
DA:507,168
DA:508,168
DA:509,168
DA:510,0
DA:511,0
DA:512,168
DA:513,56
DA:514,56
LF:514
LH:481
BRDA:1,0,0,48
BRDA:35,1,0,11
BRDA:37,2,0,2
BRDA:39,3,0,10
BRDA:39,4,0,9
BRDA:39,5,0,2
BRDA:39,6,0,7
BRDA:49,7,0,10
BRDA:49,8,0,20
BRDA:51,9,0,9
BRDA:52,10,0,12
BRDA:55,11,0,8
BRDA:60,12,0,9
BRDA:60,13,0,1
BRDA:62,14,0,8
BRDA:63,15,0,0
BRDA:39,16,0,2
BRDA:113,17,0,31
BRDA:117,18,0,0
BRDA:118,19,0,7
BRDA:121,20,0,24
BRDA:124,21,0,7
BRDA:124,22,0,4
BRDA:125,23,0,0
BRDA:131,24,0,2
BRDA:131,25,0,2
BRDA:133,26,0,1
BRDA:139,27,0,3
BRDA:140,28,0,3
BRDA:140,29,0,2
BRDA:148,30,0,1
BRDA:153,31,0,29
BRDA:153,32,0,27
BRDA:153,33,0,26
BRDA:154,34,0,17
BRDA:154,35,0,24
BRDA:155,36,0,24
BRDA:158,37,0,0
BRDA:158,38,0,41
BRDA:159,39,0,205
BRDA:161,40,0,136
BRDA:163,41,0,185
BRDA:163,42,0,69
BRDA:167,43,0,12
BRDA:168,44,0,41
BRDA:170,45,0,29
BRDA:191,46,0,68
BRDA:193,47,0,30
BRDA:194,48,0,39
BRDA:199,49,0,3
BRDA:199,50,0,66
BRDA:204,51,0,27
BRDA:210,52,0,2
BRDA:213,53,0,0
BRDA:218,54,0,69
BRDA:224,55,0,14
BRDA:224,56,0,55
BRDA:224,57,0,40
BRDA:224,58,0,15
BRDA:229,59,0,69
BRDA:237,60,0,69
BRDA:239,61,0,0
BRDA:242,62,0,69
BRDA:245,63,0,22
BRDA:245,64,0,50
BRDA:246,65,0,0
BRDA:247,66,0,34
BRDA:249,67,0,15
BRDA:250,68,0,15
BRDA:257,69,0,69
BRDA:258,70,0,0
BRDA:260,71,0,64
BRDA:260,72,0,31
BRDA:260,73,0,0
BRDA:261,74,0,31
BRDA:261,75,0,38
BRDA:259,76,0,69
BRDA:264,77,0,69
BRDA:266,78,0,22
BRDA:266,79,0,50
BRDA:267,80,0,0
BRDA:269,81,0,34
BRDA:269,82,0,16
BRDA:271,83,0,15
BRDA:272,84,0,15
BRDA:274,85,0,0
BRDA:276,86,0,0
BRDA:281,87,0,97
BRDA:282,88,0,0
BRDA:285,89,0,1
BRDA:285,90,0,1
BRDA:287,91,0,0
BRDA:292,92,0,96
BRDA:293,93,0,63
BRDA:295,94,0,0
BRDA:296,95,0,0
BRDA:297,96,0,0
BRDA:298,97,0,0
BRDA:301,98,0,15
BRDA:303,99,0,0
BRDA:307,100,0,2
BRDA:310,101,0,0
BRDA:313,102,0,16
BRDA:317,103,0,0
BRDA:320,104,0,30
BRDA:322,105,0,0
BRDA:326,106,0,0
BRDA:328,107,0,0
BRDA:286,108,0,2
BRDA:339,109,0,69
BRDA:346,110,0,22
BRDA:352,111,0,3
BRDA:353,112,0,2
BRDA:353,113,0,1
BRDA:353,114,0,1
BRDA:358,115,0,8
BRDA:364,116,0,6
BRDA:366,117,0,0
BRDA:368,118,0,2
BRDA:374,119,0,1
BRDA:386,120,0,3
BRDA:387,121,0,1
BRDA:393,122,0,1
BRDA:393,123,0,1
BRDA:399,124,0,2
BRDA:404,125,0,6
BRDA:408,126,0,2
BRDA:412,127,0,1
BRDA:413,128,0,2
BRDA:416,129,0,0
BRDA:422,130,0,1
BRDA:425,131,0,8
BRDA:432,132,0,3
BRDA:436,133,0,0
BRDA:437,134,0,1
BRDA:437,135,0,2
BRDA:437,136,0,1
BRDA:443,137,0,0
BRDA:443,138,0,0
BRDA:452,139,0,2
BRDA:452,140,0,2
BRDA:453,141,0,0
BRDA:454,142,0,0
BRDA:455,143,0,1
BRDA:456,144,0,0
BRDA:467,145,0,6
BRDA:468,146,0,0
BRDA:470,147,0,5
BRDA:473,148,0,1
BRDA:473,149,0,0
BRDA:473,150,0,1
BRDA:476,151,0,0
BRDA:480,152,0,0
BRDA:483,153,0,912
BRDA:484,154,0,65
BRDA:485,155,0,847
BRDA:485,156,0,420
BRDA:487,157,0,56
BRDA:488,158,0,0
BRDA:490,159,0,0
BRDA:493,160,0,364
BRDA:494,161,0,569
BRDA:497,162,0,364
BRDA:499,163,0,427
BRDA:484,164,0,126
BRDA:502,165,0,56
BRDA:503,166,0,0
BRDA:505,167,0,168
BRDA:509,168,0,0
BRF:169
BRH:129
end_of_record
TN:
SF:packages/cli/src/commands/diff.ts
FN:1,__name
FN:15,runDiffCard
FN:22,formatDiff
FN:53,fmt
FNF:4
FNH:4
FNDA:3,__name
FNDA:2,runDiffCard
FNDA:2,formatDiff
FNDA:2,fmt
DA:1,1
DA:2,1
DA:3,1
DA:4,1
DA:5,1
DA:6,1
DA:7,1
DA:8,1
DA:9,1
DA:10,1
DA:11,1
DA:12,1
DA:13,1
DA:14,1
DA:15,2
DA:16,2
DA:17,2
DA:18,2
DA:19,2
DA:20,1
DA:21,1
DA:22,1
DA:23,2
DA:24,2
DA:25,2
DA:26,2
DA:27,2
DA:28,2
DA:29,2
DA:30,2
DA:31,1
DA:32,1
DA:33,1
DA:34,1
DA:35,1
DA:36,1
DA:37,1
DA:38,1
DA:39,1
DA:40,1
DA:41,1
DA:42,1
DA:43,2
DA:44,2
DA:45,2
DA:46,1
DA:47,0
DA:48,2
DA:49,2
DA:50,2
DA:51,1
DA:52,1
DA:53,2
DA:54,2
DA:55,2
DA:56,2
DA:57,2
LF:57
LH:56
BRDA:1,0,0,3
BRDA:15,1,0,2
BRDA:22,2,0,2
BRDA:24,3,0,0
BRDA:30,4,0,1
BRDA:37,5,0,0
BRDA:43,6,0,0
BRDA:43,7,0,1
BRDA:44,8,0,0
BRDA:44,9,0,1
BRDA:45,10,0,1
BRDA:46,11,0,0
BRDA:35,12,0,1
BRDA:53,13,0,2
BRDA:54,14,0,0
BRDA:55,15,0,0
BRDA:56,16,0,0
BRF:17
BRH:9
end_of_record
TN:
SF:packages/cli/src/commands/init.ts
FN:1,__name
FN:325,runInit
FN:448,promptInitProfile
FNF:3
FNH:2
FNDA:2,__name
FNDA:8,runInit
FNDA:0,promptInitProfile
DA:1,1
DA:2,1
DA:3,1
DA:4,1
DA:5,1
DA:6,1
DA:7,1
DA:8,1
DA:9,1
DA:10,1
DA:11,1
DA:12,1
DA:13,1
DA:14,1
DA:15,1
DA:16,1
DA:17,1
DA:18,1
DA:19,1
DA:20,1
DA:21,1
DA:22,1
DA:23,1
DA:24,1
DA:25,1
DA:26,1
DA:27,1
DA:28,1
DA:29,1
DA:30,1
DA:31,1
DA:32,1
DA:33,1
DA:34,1
DA:35,1
DA:36,1
DA:37,1
DA:38,1
DA:39,1
DA:40,1
DA:41,1
DA:42,1
DA:43,1
DA:44,1
DA:45,1
DA:46,1
DA:47,1
DA:48,1
DA:49,1
DA:50,1
DA:51,1
DA:52,1
DA:53,1
DA:54,1
DA:55,1
DA:56,1
DA:57,1
DA:58,1
DA:59,1
DA:60,1
DA:61,1
DA:62,1
DA:63,1
DA:64,1
DA:65,1
DA:66,1
DA:67,1
DA:68,1
DA:69,1
DA:70,1
DA:71,1
DA:72,1
DA:73,1
DA:74,1
DA:75,1
DA:76,1
DA:77,1
DA:78,1
DA:79,1
DA:80,1
DA:81,1
DA:82,1
DA:83,1
DA:84,1
DA:85,1
DA:86,1
DA:87,1
DA:88,1
DA:89,1
DA:90,1
DA:91,1
DA:92,1
DA:93,1
DA:94,1
DA:95,1
DA:96,1
DA:97,1
DA:98,1
DA:99,1
DA:100,1
DA:101,1
DA:102,1
DA:103,1
DA:104,1
DA:105,1
DA:106,1
DA:107,1
DA:108,1
DA:109,1
DA:110,1
DA:111,1
DA:112,1
DA:113,1
DA:114,1
DA:115,1
DA:116,1
DA:117,1
DA:118,1
DA:119,1
DA:120,1
DA:121,1
DA:122,1
DA:123,1
DA:124,1
DA:125,1
DA:126,1
DA:127,1
DA:128,1
DA:129,1
DA:130,1
DA:131,1
DA:132,1
DA:133,1
DA:134,1
DA:135,1
DA:136,1
DA:137,1
DA:138,1
DA:139,1
DA:140,1
DA:141,1
DA:142,1
DA:143,1
DA:144,1
DA:145,1
DA:146,1
DA:147,1
DA:148,1
DA:149,1
DA:150,1
DA:151,1
DA:152,1
DA:153,1
DA:154,1
DA:155,1
DA:156,1
DA:157,1
DA:158,1
DA:159,1
DA:160,1
DA:161,1
DA:162,1
DA:163,1
DA:164,1
DA:165,1
DA:166,1
DA:167,1
DA:168,1
DA:169,1
DA:170,1
DA:171,1
DA:172,1
DA:173,1
DA:174,1
DA:175,1
DA:176,1
DA:177,1
DA:178,1
DA:179,1
DA:180,1
DA:181,1
DA:182,1
DA:183,1
DA:184,1
DA:185,1
DA:186,1
DA:187,1
DA:188,1
DA:189,1
DA:190,1
DA:191,1
DA:192,1
DA:193,1
DA:194,1
DA:195,1
DA:196,1
DA:197,1
DA:198,1
DA:199,1
DA:200,1
DA:201,1
DA:202,1
DA:203,1
DA:204,1
DA:205,1
DA:206,1
DA:207,1
DA:208,1
DA:209,1
DA:210,1
DA:211,1
DA:212,1
DA:213,1
DA:214,1
DA:215,1
DA:216,1
DA:217,1
DA:218,1
DA:219,1
DA:220,1
DA:221,1
DA:222,1
DA:223,1
DA:224,1
DA:225,1
DA:226,1
DA:227,1
DA:228,1
DA:229,1
DA:230,1
DA:231,1
DA:232,1
DA:233,1
DA:234,1
DA:235,1
DA:236,1
DA:237,1
DA:238,1
DA:239,1
DA:240,1
DA:241,1
DA:242,1
DA:243,1
DA:244,1
DA:245,1
DA:246,1
DA:247,1
DA:248,1
DA:249,1
DA:250,1
DA:251,1
DA:252,1
DA:253,1
DA:254,1
DA:255,1
DA:256,1
DA:257,1
DA:258,1
DA:259,1
DA:260,1
DA:261,1
DA:262,1
DA:263,1
DA:264,1
DA:265,1
DA:266,1
DA:267,1
DA:268,1
DA:269,1
DA:270,1
DA:271,1
DA:272,1
DA:273,1
DA:274,1
DA:275,1
DA:276,1
DA:277,1
DA:278,1
DA:279,1
DA:280,1
DA:281,1
DA:282,1
DA:283,1
DA:284,1
DA:285,1
DA:286,1
DA:287,1
DA:288,1
DA:289,1
DA:290,1
DA:291,1
DA:292,1
DA:293,1
DA:294,1
DA:295,1
DA:296,1
DA:297,1
DA:298,1
DA:299,1
DA:300,1
DA:301,1
DA:302,1
DA:303,1
DA:304,1
DA:305,1
DA:306,1
DA:307,1
DA:308,1
DA:309,1
DA:310,1
DA:311,1
DA:312,1
DA:313,1
DA:314,1
DA:315,1
DA:316,1
DA:317,1
DA:318,1
DA:319,1
DA:320,1
DA:321,1
DA:322,1
DA:323,1
DA:324,1
DA:325,8
DA:326,8
DA:327,8
DA:328,8
DA:329,8
DA:330,8
DA:331,8
DA:332,8
DA:333,8
DA:334,8
DA:335,0
DA:336,0
DA:337,0
DA:338,0
DA:339,8
DA:340,8
DA:341,8
DA:342,8
DA:343,1
DA:344,1
DA:345,8
DA:346,8
DA:347,7
DA:348,8
DA:349,6
DA:350,6
DA:351,8
DA:352,7
DA:353,8
DA:354,8
DA:355,8
DA:356,1
DA:357,1
DA:358,1
DA:359,1
DA:360,8
DA:361,8
DA:362,7
DA:363,2
DA:364,2
DA:365,2
DA:366,2
DA:367,2
DA:368,2
DA:369,5
DA:370,2
DA:371,2
DA:372,2
DA:373,2
DA:374,2
DA:375,2
DA:376,3
DA:377,1
DA:378,1
DA:379,1
DA:380,1
DA:381,1
DA:382,1
DA:383,2
DA:384,1
DA:385,1
DA:386,1
DA:387,1
DA:388,1
DA:389,1
DA:390,1
DA:391,1
DA:392,1
DA:393,1
DA:394,1
DA:395,1
DA:396,1
DA:397,1
DA:398,0
DA:399,8
DA:400,8
DA:401,8
DA:402,8
DA:403,8
DA:404,8
DA:405,8
DA:406,8
DA:407,8
DA:408,1
DA:409,1
DA:410,1
DA:411,1
DA:412,1
DA:413,1
DA:414,1
DA:415,1
DA:416,1
DA:417,1
DA:418,1
DA:419,1
DA:420,1
DA:421,1
DA:422,1
DA:423,1
DA:424,1
DA:425,1
DA:426,1
DA:427,1
DA:428,1
DA:429,1
DA:430,1
DA:431,1
DA:432,1
DA:433,1
DA:434,1
DA:435,1
DA:436,1
DA:437,1
DA:438,1
DA:439,1
DA:440,1
DA:441,1
DA:442,1
DA:443,1
DA:444,1
DA:445,1
DA:446,1
DA:447,1
DA:448,0
DA:449,0
DA:450,0
DA:451,0
DA:452,0
DA:453,0
DA:454,0
DA:455,0
DA:456,0
DA:457,0
DA:458,0
DA:459,0
DA:460,0
DA:461,0
DA:462,0
DA:463,0
DA:464,0
DA:465,0
LF:465
LH:442
BRDA:1,0,0,2
BRDA:325,1,0,8
BRDA:332,2,0,2
BRDA:334,3,0,0
BRDA:342,4,0,7
BRDA:342,5,0,1
BRDA:346,6,0,7
BRDA:348,7,0,6
BRDA:351,8,0,7
BRDA:353,9,0,1
BRDA:353,10,0,6
BRDA:355,11,0,7
BRDA:355,12,0,1
BRDA:361,13,0,7
BRDA:362,14,0,2
BRDA:368,15,0,5
BRDA:369,16,0,4
BRDA:369,17,0,2
BRDA:375,18,0,3
BRDA:376,19,0,1
BRDA:382,20,0,2
BRDA:383,21,0,1
BRDA:397,22,0,0
BRF:23
BRH:21
end_of_record
TN:
SF:packages/cli/src/commands/inspect.ts
FN:1,__name
FN:6,runInspect
FN:17,formatOverview
FN:35,formatCard
FNF:4
FNH:3
FNDA:3,__name
FNDA:0,runInspect
FNDA:1,formatOverview
FNDA:1,formatCard
DA:1,1
DA:2,1
DA:3,1
DA:4,1
DA:5,1
DA:6,0
DA:7,0
DA:8,0
DA:9,0
DA:10,0
DA:11,0
DA:12,0
DA:13,0
DA:14,0
DA:15,1
DA:16,1
DA:17,1
DA:18,1
DA:19,1
DA:20,1
DA:21,1
DA:22,1
DA:23,0
DA:24,0
DA:25,0
DA:26,1
DA:27,1
DA:28,1
DA:29,1
DA:30,1
DA:31,1
DA:32,1
DA:33,1
DA:34,1
DA:35,1
DA:36,1
DA:37,1
DA:38,1
DA:39,1
DA:40,1
DA:41,1
DA:42,1
DA:43,1
DA:44,1
DA:45,1
DA:46,1
LF:46
LH:34
BRDA:1,0,0,3
BRDA:17,1,0,1
BRDA:22,2,0,0
BRDA:35,3,0,1
BRDA:41,4,0,0
BRDA:41,5,0,0
BRDA:42,6,0,0
BRDA:44,7,0,0
BRF:8
BRH:3
end_of_record
TN:
SF:packages/cli/src/commands/manifest.ts
FN:1,__name
FN:17,runManifestVerify
FN:44,loadManifest
FNF:3
FNH:3
FNDA:2,__name
FNDA:2,runManifestVerify
FNDA:2,loadManifest
DA:1,1
DA:2,1
DA:3,1
DA:4,1
DA:5,1
DA:6,1
DA:7,1
DA:8,1
DA:9,1
DA:10,1
DA:11,1
DA:12,1
DA:13,1
DA:14,1
DA:15,1
DA:16,1
DA:17,2
DA:18,2
DA:19,0
DA:20,0
DA:21,0
DA:22,0
DA:23,0
DA:24,2
DA:25,2
DA:26,2
DA:27,2
DA:28,2
DA:29,2
DA:30,2
DA:31,2
DA:32,2
DA:33,2
DA:34,2
DA:35,2
DA:36,2
DA:37,2
DA:38,1
DA:39,1
DA:40,2
DA:41,2
DA:42,2
DA:43,1
DA:44,2
DA:45,2
DA:46,2
DA:47,0
DA:48,0
DA:49,0
DA:50,2
DA:51,2
DA:52,2
DA:53,2
DA:54,2
DA:55,2
DA:56,0
DA:57,0
DA:58,2
LF:58
LH:48
BRDA:1,0,0,2
BRDA:17,1,0,2
BRDA:18,2,0,0
BRDA:35,3,0,1
BRDA:36,4,0,1
BRDA:37,5,0,1
BRDA:44,6,0,2
BRDA:46,7,0,0
BRDA:55,8,0,0
BRF:9
BRH:6
end_of_record
TN:
SF:packages/cli/src/commands/pins.ts
FN:1,__name
FN:16,storeFor
FN:21,runPinsList
FN:43,runPinsApprove
FN:76,runPinsRevoke
FNF:5
FNH:5
FNDA:4,__name
FNDA:7,storeFor
FNDA:2,runPinsList
FNDA:4,runPinsApprove
FNDA:1,runPinsRevoke
DA:1,1
DA:2,1
DA:3,1
DA:4,1
DA:5,1
DA:6,1
DA:7,1
DA:8,1
DA:9,1
DA:10,1
DA:11,1
DA:12,1
DA:13,1
DA:14,1
DA:15,1
DA:16,7
DA:17,7
DA:18,7
DA:19,1
DA:20,1
DA:21,2
DA:22,2
DA:23,2
DA:24,2
DA:25,1
DA:26,1
DA:27,1
DA:28,1
DA:29,1
DA:30,1
DA:31,1
DA:32,1
DA:33,1
DA:34,1
DA:35,1
DA:36,1
DA:37,2
DA:38,1
DA:39,1
DA:40,1
DA:41,1
DA:42,1
DA:43,4
DA:44,4
DA:45,4
DA:46,4
DA:47,4
DA:48,0
DA:49,0
DA:50,0
DA:51,0
DA:52,0
DA:53,4
DA:54,4
DA:55,4
DA:56,4
DA:57,4
DA:58,4
DA:59,4
DA:60,4
DA:61,4
DA:62,3
DA:63,3
DA:64,3
DA:65,3
DA:66,3
DA:67,4
DA:68,4
DA:69,4
DA:70,4
DA:71,1
DA:72,1
DA:73,1
DA:74,1
DA:75,1
DA:76,1
DA:77,1
DA:78,1
DA:79,1
DA:80,1
DA:81,0
DA:82,0
DA:83,1
DA:84,1
DA:85,1
DA:86,1
DA:87,1
DA:88,1
DA:89,1
DA:90,1
DA:91,1
DA:92,1
DA:93,1
DA:94,1
DA:95,1
DA:96,1
LF:96
LH:89
BRDA:14,0,0,0
BRDA:1,1,0,4
BRDA:16,2,0,7
BRDA:17,3,0,0
BRDA:21,4,0,2
BRDA:24,5,0,1
BRDA:29,6,0,0
BRDA:31,7,0,0
BRDA:43,8,0,4
BRDA:47,9,0,0
BRDA:61,10,0,3
BRDA:67,11,0,0
BRDA:76,12,0,1
BRDA:80,13,0,0
BRDA:90,14,0,0
BRF:15
BRH:7
end_of_record
TN:
SF:packages/cli/src/commands/verify.ts
FN:1,__name
FN:14,runVerify
FN:32,loadCard
FNF:3
FNH:3
FNDA:4,__name
FNDA:2,runVerify
FNDA:10,loadCard
DA:1,1
DA:2,1
DA:3,1
DA:4,1
DA:5,1
DA:6,1
DA:7,1
DA:8,1
DA:9,1
DA:10,1
DA:11,1
DA:12,1
DA:13,1
DA:14,2
DA:15,2
DA:16,2
DA:17,2
DA:18,2
DA:19,2
DA:20,2
DA:21,2
DA:22,2
DA:23,2
DA:24,2
DA:25,2
DA:26,2
DA:27,2
DA:28,2
DA:29,2
DA:30,1
DA:31,1
DA:32,10
DA:33,10
DA:34,10
DA:35,0
DA:36,0
DA:37,0
DA:38,10
DA:39,10
DA:40,10
DA:41,10
DA:42,10
DA:43,10
DA:44,0
DA:45,0
DA:46,10
LF:46
LH:41
BRDA:1,0,0,4
BRDA:14,1,0,2
BRDA:19,2,0,1
BRDA:22,3,0,0
BRDA:23,4,0,1
BRDA:24,5,0,1
BRDA:25,6,0,1
BRDA:32,7,0,10
BRDA:34,8,0,0
BRDA:43,9,0,0
BRF:10
BRH:7
end_of_record
TN:
SF:packages/cli/src/commands/import-mcp/emitter.ts
FN:1,__name
FN:12,emitServerProject
FN:40,renderServerTs
FN:83,renderPackageJson
FN:108,renderEnvExample
FN:124,renderReadme
FN:162,emitTopLevelIndex
FNF:7
FNH:6
FNDA:6,__name
FNDA:1,emitServerProject
FNDA:1,renderServerTs
FNDA:1,renderPackageJson
FNDA:1,renderEnvExample
FNDA:1,renderReadme
FNDA:0,emitTopLevelIndex
DA:1,1
DA:2,1
DA:3,1
DA:4,1
DA:5,1
DA:6,1
DA:7,1
DA:8,1
DA:9,1
DA:10,1
DA:11,1
DA:12,1
DA:13,1
DA:14,1
DA:15,1
DA:16,1
DA:17,1
DA:18,1
DA:19,1
DA:20,1
DA:21,2
DA:22,2
DA:23,2
DA:24,1
DA:25,1
DA:26,1
DA:27,1
DA:28,1
DA:29,1
DA:30,1
DA:31,1
DA:32,1
DA:33,1
DA:34,1
DA:35,1
DA:36,1
DA:37,1
DA:38,1
DA:39,1
DA:40,1
DA:41,1
DA:42,0
DA:43,0
DA:44,0
DA:45,1
DA:46,1
DA:47,1
DA:48,1
DA:49,1
DA:50,1
DA:51,0
DA:52,0
DA:53,0
DA:54,1
DA:55,1
DA:56,1
DA:57,1
DA:58,1
DA:59,1
DA:60,1
DA:61,1
DA:62,1
DA:63,1
DA:64,1
DA:65,1
DA:66,1
DA:67,1
DA:68,1
DA:69,1
DA:70,1
DA:71,1
DA:72,1
DA:73,1
DA:74,1
DA:75,1
DA:76,1
DA:77,1
DA:78,1
DA:79,1
DA:80,1
DA:81,1
DA:82,1
DA:83,1
DA:84,1
DA:85,1
DA:86,1
DA:87,1
DA:88,1
DA:89,1
DA:90,1
DA:91,1
DA:92,1
DA:93,1
DA:94,1
DA:95,1
DA:96,1
DA:97,1
DA:98,1
DA:99,1
DA:100,1
DA:101,1
DA:102,1
DA:103,1
DA:104,1
DA:105,1
DA:106,1
DA:107,1
DA:108,1
DA:109,1
DA:110,1
DA:111,1
DA:112,0
DA:113,0
DA:114,1
DA:115,1
DA:116,1
DA:117,1
DA:118,1
DA:119,1
DA:120,1
DA:121,1
DA:122,1
DA:123,1
DA:124,1
DA:125,1
DA:126,1
DA:127,1
DA:128,1
DA:129,1
DA:130,1
DA:131,1
DA:132,1
DA:133,1
DA:134,1
DA:135,1
DA:136,1
DA:137,1
DA:138,1
DA:139,1
DA:140,1
DA:141,1
DA:142,1
DA:143,1
DA:144,1
DA:145,1
DA:146,1
DA:147,1
DA:148,1
DA:149,1
DA:150,2
DA:151,1
DA:152,1
DA:153,1
DA:154,1
DA:155,1
DA:156,1
DA:157,1
DA:158,1
DA:159,1
DA:160,1
DA:161,1
DA:162,0
DA:163,0
DA:164,0
DA:165,0
DA:166,0
DA:167,0
DA:168,0
DA:169,0
DA:170,0
DA:171,0
DA:172,0
DA:173,0
DA:174,0
DA:175,0
DA:176,0
DA:177,0
DA:178,0
DA:179,0
DA:180,0
DA:181,0
DA:182,0
LF:182
LH:153
BRDA:1,0,0,6
BRDA:12,1,0,1
BRDA:20,2,0,2
BRDA:40,3,0,1
BRDA:41,4,0,0
BRDA:46,5,0,0
BRDA:47,6,0,0
BRDA:50,7,0,0
BRDA:50,8,0,1
BRDA:83,9,0,1
BRDA:108,10,0,1
BRDA:109,11,0,0
BRDA:110,12,0,0
BRDA:111,13,0,0
BRDA:119,14,0,1
BRDA:124,15,0,1
BRDA:129,16,0,2
BRDA:130,17,0,2
BRDA:131,18,0,2
BRDA:149,19,0,2
BRDA:150,20,0,1
BRF:21
BRH:14
end_of_record
TN:
SF:packages/cli/src/commands/import-mcp/importer.ts
FN:1,__name
FN:16,importOneServer
FN:55,withTimeout
FNF:3
FNH:3
FNDA:2,__name
FNDA:1,importOneServer
FNDA:1,withTimeout
DA:1,1
DA:2,1
DA:3,1
DA:4,1
DA:5,1
DA:6,1
DA:7,1
DA:8,1
DA:9,1
DA:10,1
DA:11,1
DA:12,1
DA:13,1
DA:14,1
DA:15,1
DA:16,1
DA:17,1
DA:18,1
DA:19,1
DA:20,1
DA:21,0
DA:22,0
DA:23,0
DA:24,0
DA:25,0
DA:26,0
DA:27,0
DA:28,0
DA:29,1
DA:30,1
DA:31,1
DA:32,1
DA:33,1
DA:34,1
DA:35,1
DA:36,1
DA:37,1
DA:38,1
DA:39,1
DA:40,1
DA:41,0
DA:42,0
DA:43,0
DA:44,0
DA:45,0
DA:46,1
DA:47,1
DA:48,1
DA:49,1
DA:50,0
DA:51,0
DA:52,1
DA:53,1
DA:54,1
DA:55,1
DA:56,1
DA:57,1
DA:58,1
DA:59,1
DA:60,1
DA:61,1
DA:62,1
DA:63,1
DA:64,1
DA:65,1
LF:65
LH:50
BRDA:1,0,0,2
BRDA:16,1,0,1
BRDA:20,2,0,0
BRDA:40,3,0,0
BRDA:49,4,0,0
BRDA:55,5,0,1
BRDA:57,6,0,1
BRF:7
BRH:4
end_of_record
TN:
SF:packages/cli/src/commands/import-mcp/index.ts
FN:1,__name
FN:36,runImportMcp
FN:83,resolveConfigs
FN:105,interactiveSelect
FN:150,pickFromList
FN:181,printDryRunPlan
FN:195,safeDirName
FNF:7
FNH:4
FNDA:6,__name
FNDA:2,runImportMcp
FNDA:2,resolveConfigs
FNDA:0,interactiveSelect
FNDA:0,pickFromList
FNDA:1,printDryRunPlan
FNDA:0,safeDirName
DA:1,1
DA:2,1
DA:3,1
DA:4,1
DA:5,1
DA:6,1
DA:7,1
DA:8,1
DA:9,1
DA:10,1
DA:11,1
DA:12,1
DA:13,1
DA:14,1
DA:15,1
DA:16,1
DA:17,1
DA:18,1
DA:19,1
DA:20,1
DA:21,1
DA:22,1
DA:23,1
DA:24,1
DA:25,1
DA:26,1
DA:27,1
DA:28,1
DA:29,1
DA:30,1
DA:31,1
DA:32,1
DA:33,1
DA:34,1
DA:35,1
DA:36,2
DA:37,2
DA:38,2
DA:39,0
DA:40,0
DA:41,0
DA:42,0
DA:43,0
DA:44,2
DA:45,2
DA:46,1
DA:47,1
DA:48,1
DA:49,1
DA:50,1
DA:51,1
DA:52,1
DA:53,1
DA:54,1
DA:55,1
DA:56,1
DA:57,1
DA:58,1
DA:59,1
DA:60,0
DA:61,0
DA:62,0
DA:63,0
DA:64,0
DA:65,0
DA:66,0
DA:67,1
DA:68,1
DA:69,1
DA:70,1
DA:71,1
DA:72,1
DA:73,1
DA:74,2
DA:75,0
DA:76,0
DA:77,2
DA:78,1
DA:79,1
DA:80,1
DA:81,2
DA:82,1
DA:83,2
DA:84,2
DA:85,2
DA:86,2
DA:87,2
DA:88,0
DA:89,0
DA:90,0
DA:91,0
DA:92,0
DA:93,0
DA:94,0
DA:95,0
DA:96,0
DA:97,0
DA:98,0
DA:99,0
DA:100,0
DA:101,0
DA:102,0
DA:103,2
DA:104,1
DA:105,0
DA:106,0
DA:107,0
DA:108,0
DA:109,0
DA:110,0
DA:111,0
DA:112,0
DA:113,0
DA:114,0
DA:115,0
DA:116,0
DA:117,0
DA:118,0
DA:119,0
DA:120,0
DA:121,0
DA:122,0
DA:123,0
DA:124,0
DA:125,0
DA:126,0
DA:127,0
DA:128,0
DA:129,0
DA:130,0
DA:131,0
DA:132,0
DA:133,0
DA:134,0
DA:135,0
DA:136,0
DA:137,0
DA:138,0
DA:139,0
DA:140,0
DA:141,0
DA:142,0
DA:143,0
DA:144,0
DA:145,0
DA:146,0
DA:147,0
DA:148,0
DA:149,1
DA:150,0
DA:151,0
DA:152,0
DA:153,0
DA:154,0
DA:155,0
DA:156,0
DA:157,0
DA:158,0
DA:159,0
DA:160,0
DA:161,0
DA:162,0
DA:163,0
DA:164,0
DA:165,0
DA:166,0
DA:167,0
DA:168,0
DA:169,0
DA:170,0
DA:171,0
DA:172,0
DA:173,0
DA:174,0
DA:175,0
DA:176,0
DA:177,0
DA:178,0
DA:179,0
DA:180,1
DA:181,1
DA:182,1
DA:183,1
DA:184,1
DA:185,1
DA:186,1
DA:187,1
DA:188,0
DA:189,1
DA:190,1
DA:191,1
DA:192,1
DA:193,1
DA:194,1
DA:195,0
DA:196,0
DA:197,0
DA:198,0
DA:199,0
DA:200,0
DA:201,0
DA:202,0
LF:202
LH:90
BRDA:1,0,0,6
BRDA:36,1,0,2
BRDA:38,2,0,0
BRDA:45,3,0,1
BRDA:59,4,0,0
BRDA:68,5,0,0
BRDA:74,6,0,0
BRDA:77,7,0,1
BRDA:83,8,0,2
BRDA:87,9,0,0
BRDA:181,10,0,1
BRDA:187,11,0,0
BRDA:187,12,0,0
BRF:13
BRH:6
end_of_record
TN:
SF:packages/cli/src/commands/import-mcp/manual.ts
FN:17,__name
FN:17,manualConfig
FN:38,slugFromUrl
FN:47,slugFromCommand
FNF:4
FNH:4
FNDA:3,__name
FNDA:5,manualConfig
FNDA:1,slugFromUrl
FNDA:3,slugFromCommand
DA:1,1
DA:2,1
DA:3,1
DA:4,1
DA:5,1
DA:6,1
DA:7,1
DA:8,1
DA:9,1
DA:10,1
DA:11,1
DA:12,1
DA:13,1
DA:14,1
DA:15,1
DA:16,1
DA:17,1
DA:18,5
DA:19,1
DA:20,1
DA:21,1
DA:22,1
DA:23,1
DA:24,1
DA:25,5
DA:26,3
DA:27,3
DA:28,3
DA:29,3
DA:30,3
DA:31,3
DA:32,3
DA:33,3
DA:34,3
DA:35,5
DA:36,5
DA:37,1
DA:38,1
DA:39,1
DA:40,1
DA:41,1
DA:42,1
DA:43,0
DA:44,0
DA:45,1
DA:46,1
DA:47,3
DA:48,3
DA:49,3
DA:50,3
DA:51,3
DA:52,3
DA:53,3
DA:54,3
DA:55,3
DA:56,3
DA:57,3
DA:58,3
LF:58
LH:56
BRDA:17,0,0,3
BRDA:17,1,0,5
BRDA:18,2,0,1
BRDA:25,3,0,4
BRDA:25,4,0,3
BRDA:27,5,0,0
BRDA:35,6,0,1
BRDA:38,7,0,1
BRDA:41,8,0,0
BRDA:42,9,0,0
BRDA:47,10,0,3
BRDA:50,11,0,0
BRDA:56,12,0,0
BRF:13
BRH:8
end_of_record
TN:
SF:packages/cli/src/commands/import-mcp/report.ts
FN:1,__name
FN:9,emitReport
FNF:2
FNH:2
FNDA:1,__name
FNDA:2,emitReport
DA:1,1
DA:2,1
DA:3,1
DA:4,1
DA:5,1
DA:6,1
DA:7,1
DA:8,1
DA:9,2
DA:10,2
DA:11,2
DA:12,2
DA:13,2
DA:14,2
DA:15,2
DA:16,2
DA:17,1
DA:18,1
DA:19,1
DA:20,1
DA:21,1
DA:22,1
DA:23,1
DA:24,1
DA:25,2
DA:26,2
DA:27,0
DA:28,2
DA:29,2
DA:30,2
DA:31,2
DA:32,2
DA:33,2
DA:34,2
DA:35,1
DA:36,2
DA:37,2
DA:38,2
DA:39,1
DA:40,1
DA:41,1
DA:42,1
DA:43,1
DA:44,1
DA:45,1
DA:46,1
DA:47,1
DA:48,1
DA:49,1
DA:50,1
DA:51,1
DA:52,2
DA:53,2
DA:54,2
DA:55,2
DA:56,2
LF:56
LH:55
BRDA:1,0,0,1
BRDA:9,1,0,2
BRDA:16,2,0,1
BRDA:26,3,0,0
BRDA:38,4,0,1
BRDA:48,5,0,0
BRDA:34,6,0,1
BRDA:35,7,0,2
BRDA:35,8,0,1
BRF:9
BRH:7
end_of_record
TN:
SF:packages/cli/src/commands/import-mcp/clients/claude-desktop.ts
FN:1,__name
FN:15,claudeDesktopConfigPath
FN:40,detect
FN:48,load
FN:58,parseClaudeDesktopJson
FNF:5
FNH:3
FNDA:2,__name
FNDA:1,claudeDesktopConfigPath
FNDA:0,detect
FNDA:0,load
FNDA:3,parseClaudeDesktopJson
DA:1,1
DA:2,1
DA:3,1
DA:4,1
DA:5,1
DA:6,1
DA:7,1
DA:8,1
DA:9,1
DA:10,1
DA:11,1
DA:12,1
DA:13,1
DA:14,1
DA:15,1
DA:16,1
DA:17,1
DA:18,1
DA:19,1
DA:20,1
DA:21,0
DA:22,0
DA:23,0
DA:24,0
DA:25,0
DA:26,0
DA:27,0
DA:28,0
DA:29,0
DA:30,0
DA:31,0
DA:32,0
DA:33,1
DA:34,1
DA:35,1
DA:36,1
DA:37,1
DA:38,1
DA:39,1
DA:40,1
DA:41,0
DA:42,0
DA:43,0
DA:44,0
DA:45,0
DA:46,0
DA:47,0
DA:48,1
DA:49,0
DA:50,0
DA:51,0
DA:52,1
DA:53,1
DA:54,1
DA:55,1
DA:56,1
DA:57,1
DA:58,1
DA:59,3
DA:60,3
DA:61,3
DA:62,3
DA:63,3
DA:64,3
DA:65,3
DA:66,1
DA:67,1
DA:68,1
DA:69,1
DA:70,3
DA:71,3
DA:72,3
DA:73,5
DA:74,5
DA:75,5
DA:76,0
DA:77,0
DA:78,0
DA:79,5
DA:80,1
DA:81,1
DA:82,1
DA:83,5
DA:84,3
DA:85,3
DA:86,3
DA:87,3
DA:88,3
DA:89,3
DA:90,3
DA:91,0
DA:92,5
DA:93,5
DA:94,1
DA:95,1
DA:96,1
DA:97,1
DA:98,1
DA:99,2
DA:100,5
DA:101,5
DA:102,5
DA:103,3
DA:104,3
LF:104
LH:78
BRDA:1,0,0,2
BRDA:15,1,0,1
BRDA:20,2,0,0
BRDA:58,3,0,3
BRDA:65,4,0,1
BRDA:67,5,0,0
BRDA:70,6,0,2
BRDA:70,7,0,0
BRDA:72,8,0,5
BRDA:73,9,0,1
BRDA:74,10,0,4
BRDA:75,11,0,0
BRDA:79,12,0,4
BRDA:79,13,0,1
BRDA:83,14,0,3
BRDA:90,15,0,0
BRDA:93,16,0,1
BRDA:98,17,0,2
BRDA:103,18,0,2
BRDA:90,19,0,7
BRDA:96,20,0,1
BRF:21
BRH:16
end_of_record
TN:
SF:packages/cli/src/commands/import-mcp/clients/codex.ts
FN:1,__name
FN:16,projectPath
FN:20,tryRead
FN:32,detect
FN:35,load
FN:54,parseCodexToml
FNF:6
FNH:3
FNDA:3,__name
FNDA:1,projectPath
FNDA:0,tryRead
FNDA:0,detect
FNDA:0,load
FNDA:1,parseCodexToml
DA:1,1
DA:2,1
DA:3,1
DA:4,1
DA:5,1
DA:6,1
DA:7,1
DA:8,1
DA:9,1
DA:10,1
DA:11,1
DA:12,1
DA:13,1
DA:14,1
DA:15,1
DA:16,1
DA:17,1
DA:18,1
DA:19,1
DA:20,0
DA:21,0
DA:22,0
DA:23,0
DA:24,0
DA:25,0
DA:26,0
DA:27,1
DA:28,1
DA:29,1
DA:30,1
DA:31,1
DA:32,1
DA:33,0
DA:34,0
DA:35,1
DA:36,0
DA:37,0
DA:38,0
DA:39,0
DA:40,0
DA:41,0
DA:42,0
DA:43,0
DA:44,0
DA:45,0
DA:46,0
DA:47,1
DA:48,1
DA:49,1
DA:50,1
DA:51,1
DA:52,1
DA:53,1
DA:54,1
DA:55,1
DA:56,1
DA:57,1
DA:58,1
DA:59,0
DA:60,0
DA:61,0
DA:62,0
DA:63,1
DA:64,1
DA:65,1
DA:66,2
DA:67,2
DA:68,2
DA:69,2
DA:70,2
DA:71,2
DA:72,2
DA:73,2
DA:74,2
DA:75,1
DA:76,1
DA:77,1
DA:78,1
DA:79,1
DA:80,1
DA:81,1
DA:82,1
DA:83,1
DA:84,1
DA:85,1
DA:86,2
DA:87,2
DA:88,1
DA:89,1
DA:90,1
DA:91,1
DA:92,1
DA:93,1
DA:94,1
DA:95,0
DA:96,2
DA:97,2
DA:98,1
DA:99,1
DA:100,1
DA:101,1
DA:102,1
DA:103,0
DA:104,2
DA:105,2
DA:106,2
DA:107,1
DA:108,1
LF:108
LH:82
BRDA:1,0,0,3
BRDA:16,1,0,1
BRDA:54,2,0,1
BRDA:58,3,0,0
BRDA:63,4,0,0
BRDA:65,5,0,2
BRDA:66,6,0,0
BRDA:74,7,0,1
BRDA:81,8,0,0
BRDA:86,9,0,0
BRDA:87,10,0,1
BRDA:94,11,0,0
BRDA:97,12,0,1
BRDA:102,13,0,0
BRDA:94,14,0,3
BRDA:100,15,0,1
BRF:16
BRH:9
end_of_record
TN:
SF:packages/cli/src/commands/import-mcp/clients/cursor.ts
FN:1,__name
FN:14,projectPath
FN:18,tryRead
FN:30,detect
FN:33,load
FNF:5
FNH:2
FNDA:2,__name
FNDA:1,projectPath
FNDA:0,tryRead
FNDA:0,detect
FNDA:0,load
DA:1,1
DA:2,1
DA:3,1
DA:4,1
DA:5,1
DA:6,1
DA:7,1
DA:8,1
DA:9,1
DA:10,1
DA:11,1
DA:12,1
DA:13,1
DA:14,1
DA:15,1
DA:16,1
DA:17,1
DA:18,0
DA:19,0
DA:20,0
DA:21,0
DA:22,0
DA:23,0
DA:24,0
DA:25,1
DA:26,1
DA:27,1
DA:28,1
DA:29,1
DA:30,1
DA:31,0
DA:32,0
DA:33,1
DA:34,0
DA:35,0
DA:36,0
DA:37,0
DA:38,0
DA:39,0
DA:40,0
DA:41,0
DA:42,0
DA:43,0
DA:44,0
DA:45,0
DA:46,0
DA:47,0
DA:48,0
DA:49,0
DA:50,1
LF:50
LH:25
BRDA:1,0,0,2
BRDA:14,1,0,1
BRF:2
BRH:2
end_of_record
TN:
SF:packages/cli/src/commands/import-mcp/clients/hermes-agent.ts
FN:15,detect
FN:18,load
FNF:2
FNH:0
FNDA:0,detect
FNDA:0,load
DA:1,1
DA:2,1
DA:3,1
DA:4,1
DA:5,1
DA:6,1
DA:7,1
DA:8,1
DA:9,1
DA:10,1
DA:11,1
DA:12,1
DA:13,1
DA:14,1
DA:15,1
DA:16,0
DA:17,0
DA:18,1
DA:19,0
DA:20,0
DA:21,0
DA:22,0
DA:23,0
DA:24,1
LF:24
LH:17
BRF:0
BRH:0
end_of_record
TN:
SF:packages/cli/src/commands/import-mcp/clients/index.ts
FNF:0
FNH:0
DA:1,1
DA:2,1
DA:3,1
DA:4,1
DA:5,1
DA:6,1
DA:7,1
DA:8,1
DA:9,1
DA:10,1
DA:11,1
DA:12,1
DA:13,1
DA:14,1
DA:15,1
DA:16,1
DA:17,1
DA:18,1
DA:19,1
DA:20,1
DA:21,1
DA:22,1
LF:22
LH:22
BRF:0
BRH:0
end_of_record
TN:
SF:packages/cli/src/commands/import-mcp/clients/openclaw.ts
FN:14,detect
FN:17,load
FNF:2
FNH:0
FNDA:0,detect
FNDA:0,load
DA:1,1
DA:2,1
DA:3,1
DA:4,1
DA:5,1
DA:6,1
DA:7,1
DA:8,1
DA:9,1
DA:10,1
DA:11,1
DA:12,1
DA:13,1
DA:14,1
DA:15,0
DA:16,0
DA:17,1
DA:18,0
DA:19,0
DA:20,0
DA:21,0
DA:22,0
DA:23,1
LF:23
LH:16
BRF:0
BRH:0
end_of_record
TN:
SF:packages/client/src/attestation.ts
FN:14,__name
FN:1,<static_initializer>
FN:15,<instance_members_initializer>
FN:17,verify
FN:1,<static_initializer>
FN:96,<instance_members_initializer>
FN:98,verify
FNF:7
FNH:7
FNDA:22,__name
FNDA:11,<static_initializer>
FNDA:98,<instance_members_initializer>
FNDA:10,verify
FNDA:11,<static_initializer>
FNDA:98,<instance_members_initializer>
FNDA:9,verify
DA:1,11
DA:2,11
DA:3,11
DA:4,11
DA:5,11
DA:6,11
DA:7,11
DA:8,11
DA:9,11
DA:10,11
DA:11,11
DA:12,11
DA:13,11
DA:14,11
DA:15,11
DA:16,11
DA:17,11
DA:18,11
DA:19,11
DA:20,11
DA:21,11
DA:22,11
DA:23,11
DA:24,11
DA:25,11
DA:26,11
DA:27,11
DA:28,11
DA:29,11
DA:30,11
DA:31,11
DA:32,11
DA:33,11
DA:34,11
DA:35,11
DA:36,11
DA:37,11
DA:38,11
DA:39,11
DA:40,11
DA:41,11
DA:42,11
DA:43,11
DA:44,11
DA:45,11
DA:46,11
DA:47,11
DA:48,11
DA:49,11
DA:50,11
DA:51,11
DA:52,11
DA:53,11
DA:54,11
DA:55,11
DA:56,11
DA:57,11
DA:58,11
DA:59,11
DA:60,11
DA:61,11
DA:62,11
DA:63,11
DA:64,11
DA:65,11
DA:66,11
DA:67,11
DA:68,11
DA:69,11
DA:70,11
DA:71,11
DA:72,11
DA:73,11
DA:74,11
DA:75,11
DA:76,11
DA:77,11
DA:78,11
DA:79,11
DA:80,11
DA:81,11
DA:82,11
DA:83,11
DA:84,11
DA:85,11
DA:86,11
DA:87,11
DA:88,11
DA:89,11
DA:90,11
DA:91,11
DA:92,11
DA:93,11
DA:94,11
DA:95,11
DA:96,1
DA:97,1
DA:98,1
DA:99,9
DA:100,1
DA:101,1
DA:102,9
DA:103,9
DA:104,8
DA:105,8
DA:106,9
DA:107,1
DA:108,1
DA:109,9
DA:110,9
DA:111,2
DA:112,2
DA:113,2
DA:114,2
DA:115,2
DA:116,2
DA:117,9
DA:118,9
DA:119,1
DA:120,1
DA:121,9
DA:122,9
DA:123,1
DA:124,1
DA:125,9
DA:126,9
DA:127,9
DA:128,9
DA:129,1
DA:130,1
DA:131,1
DA:132,1
DA:133,1
DA:134,1
DA:135,9
DA:136,9
DA:137,2
DA:138,2
DA:139,2
DA:140,2
DA:141,2
DA:142,1
DA:143,1
DA:144,9
DA:145,9
DA:146,9
DA:147,9
DA:148,9
DA:149,9
DA:150,9
DA:151,1
LF:151
LH:151
BRDA:14,0,0,22
BRDA:1,1,0,11
BRDA:15,2,0,98
BRDA:17,3,0,10
BRDA:18,4,0,1
BRDA:22,5,0,9
BRDA:25,6,0,1
BRDA:29,7,0,8
BRDA:29,8,0,3
BRDA:33,9,0,5
BRDA:33,10,0,1
BRDA:41,11,0,4
BRDA:41,12,0,1
BRDA:50,13,0,3
BRDA:1,14,0,11
BRDA:96,15,0,98
BRDA:98,16,0,9
BRDA:99,17,0,1
BRDA:103,18,0,8
BRDA:106,19,0,1
BRDA:110,20,0,7
BRDA:110,21,0,2
BRDA:114,22,0,1
BRDA:118,23,0,5
BRDA:118,24,0,4
BRDA:118,25,0,1
BRDA:122,26,0,4
BRDA:122,27,0,3
BRDA:122,28,0,1
BRDA:127,29,0,3
BRDA:128,30,0,1
BRDA:136,31,0,2
BRDA:141,32,0,1
BRF:33
BRH:33
end_of_record
TN:
SF:packages/client/src/file-pin-store.ts
FN:1,__name
FN:1,<static_initializer>
FN:25,<instance_members_initializer>
FN:29,FilePinStore
FN:34,get
FN:39,set
FN:48,list
FN:53,load
FN:72,flush
FNF:9
FNH:9
FNDA:11,__name
FNDA:11,<static_initializer>
FNDA:13,<instance_members_initializer>
FNDA:13,FilePinStore
FNDA:8,get
FNDA:8,set
FNDA:3,list
FNDA:19,load
FNDA:8,flush
DA:1,11
DA:2,11
DA:3,11
DA:4,11
DA:5,11
DA:6,11
DA:7,11
DA:8,11
DA:9,11
DA:10,11
DA:11,11
DA:12,11
DA:13,11
DA:14,11
DA:15,11
DA:16,11
DA:17,11
DA:18,11
DA:19,11
DA:20,11
DA:21,11
DA:22,11
DA:23,11
DA:24,11
DA:25,1
DA:26,13
DA:27,13
DA:28,1
DA:29,1
DA:30,13
DA:31,13
DA:32,13
DA:33,1
DA:34,1
DA:35,8
DA:36,8
DA:37,8
DA:38,1
DA:39,1
DA:40,8
DA:41,8
DA:42,8
DA:43,8
DA:44,8
DA:45,8
DA:46,1
DA:47,1
DA:48,1
DA:49,3
DA:50,3
DA:51,3
DA:52,1
DA:53,1
DA:54,19
DA:55,19
DA:56,12
DA:57,12
DA:58,19
DA:59,1
DA:60,1
DA:61,12
DA:62,19
DA:63,7
DA:64,6
DA:65,7
DA:66,1
DA:67,1
DA:68,7
DA:69,19
DA:70,19
DA:71,1
DA:72,1
DA:73,8
DA:74,8
DA:75,8
DA:76,8
DA:77,8
DA:78,8
DA:79,8
DA:80,8
DA:81,8
DA:82,1
LF:82
LH:82
BRDA:1,0,0,11
BRDA:1,1,0,11
BRDA:25,2,0,13
BRDA:29,3,0,13
BRDA:30,4,0,0
BRDA:34,5,0,8
BRDA:36,6,0,7
BRDA:39,7,0,8
BRDA:43,8,0,8
BRDA:48,9,0,3
BRDA:53,10,0,19
BRDA:54,11,0,7
BRDA:55,12,0,12
BRDA:57,13,0,6
BRDA:58,14,0,5
BRDA:58,15,0,12
BRDA:58,16,0,1
BRDA:61,17,0,5
BRDA:62,18,0,7
BRDA:63,19,0,6
BRDA:65,20,0,1
BRDA:69,21,0,11
BRDA:72,22,0,8
BRF:23
BRH:22
end_of_record
TN:
SF:packages/client/src/index.ts
FN:1,__name
FN:1,<static_initializer>
FN:39,GlyphVerificationError
FN:1,<static_initializer>
FN:50,<instance_members_initializer>
FN:52,GlyphRevokedError
FN:1,<static_initializer>
FN:67,<instance_members_initializer>
FN:69,GlyphTrustError
FN:1,<static_initializer>
FN:87,<instance_members_initializer>
FN:90,GlyphNotApprovedError
FN:1,<static_initializer>
FN:108,<instance_members_initializer>
FN:110,GlyphAttestationError
FN:1,<static_initializer>
FN:152,<instance_members_initializer>
FN:171,GlyphClient
FN:263,connect
FN:275,getLexicon
FN:279,getCard
FN:294,prepare
FN:298,call
FN:321,invoke
FN:335,inspectCard
FN:355,approveCard
FN:379,revokeTool
FN:402,inspectLexicon
FN:429,getManifest
FN:457,verifyReceipt
FN:489,requirePins
FN:501,enforceTrust
FN:529,ensureApproved
FN:564,ensureAttested
FN:609,buildHeaders
FN:616,get
FN:626,post
FNF:37
FNH:35
FNDA:66,__name
FNDA:11,<static_initializer>
FNDA:7,GlyphVerificationError
FNDA:11,<static_initializer>
FNDA:3,<instance_members_initializer>
FNDA:3,GlyphRevokedError
FNDA:11,<static_initializer>
FNDA:2,<instance_members_initializer>
FNDA:2,GlyphTrustError
FNDA:11,<static_initializer>
FNDA:8,<instance_members_initializer>
FNDA:8,GlyphNotApprovedError
FNDA:11,<static_initializer>
FNDA:4,<instance_members_initializer>
FNDA:4,GlyphAttestationError
FNDA:11,<static_initializer>
FNDA:92,<instance_members_initializer>
FNDA:92,GlyphClient
FNDA:26,connect
FNDA:25,getLexicon
FNDA:74,getCard
FNDA:0,prepare
FNDA:43,call
FNDA:0,invoke
FNDA:23,inspectCard
FNDA:29,approveCard
FNDA:5,revokeTool
FNDA:2,inspectLexicon
FNDA:4,getManifest
FNDA:5,verifyReceipt
FNDA:59,requirePins
FNDA:34,enforceTrust
FNDA:43,ensureApproved
FNDA:32,ensureAttested
FNDA:157,buildHeaders
FNDA:99,get
FNDA:54,post
DA:1,11
DA:2,11
DA:3,11
DA:4,11
DA:5,11
DA:6,11
DA:7,11
DA:8,11
DA:9,11
DA:10,11
DA:11,11
DA:12,11
DA:13,11
DA:14,11
DA:15,11
DA:16,11
DA:17,11
DA:18,11
DA:19,11
DA:20,11
DA:21,11
DA:22,11
DA:23,11
DA:24,11
DA:25,11
DA:26,11
DA:27,11
DA:28,11
DA:29,11
DA:30,11
DA:31,11
DA:32,11
DA:33,11
DA:34,11
DA:35,11
DA:36,11
DA:37,11
DA:38,11
DA:39,11
DA:40,11
DA:41,11
DA:42,11
DA:43,11
DA:44,11
DA:45,11
DA:46,11
DA:47,11
DA:48,11
DA:49,11
DA:50,11
DA:51,11
DA:52,11
DA:53,11
DA:54,11
DA:55,11
DA:56,11
DA:57,11
DA:58,11
DA:59,11
DA:60,11
DA:61,11
DA:62,11
DA:63,11
DA:64,11
DA:65,11
DA:66,11
DA:67,11
DA:68,11
DA:69,11
DA:70,11
DA:71,11
DA:72,11
DA:73,11
DA:74,11
DA:75,11
DA:76,11
DA:77,11
DA:78,11
DA:79,11
DA:80,11
DA:81,11
DA:82,11
DA:83,11
DA:84,11
DA:85,11
DA:86,11
DA:87,11
DA:88,11
DA:89,11
DA:90,11
DA:91,11
DA:92,11
DA:93,11
DA:94,11
DA:95,11
DA:96,11
DA:97,11
DA:98,11
DA:99,11
DA:100,11
DA:101,11
DA:102,11
DA:103,11
DA:104,11
DA:105,11
DA:106,11
DA:107,11
DA:108,11
DA:109,11
DA:110,11
DA:111,11
DA:112,11
DA:113,11
DA:114,11
DA:115,11
DA:116,11
DA:117,11
DA:118,11
DA:119,11
DA:120,11
DA:121,11
DA:122,11
DA:123,11
DA:124,11
DA:125,11
DA:126,11
DA:127,11
DA:128,11
DA:129,11
DA:130,11
DA:131,11
DA:132,11
DA:133,11
DA:134,11
DA:135,11
DA:136,11
DA:137,11
DA:138,11
DA:139,11
DA:140,11
DA:141,11
DA:142,11
DA:143,11
DA:144,11
DA:145,11
DA:146,11
DA:147,11
DA:148,11
DA:149,11
DA:150,11
DA:151,11
DA:152,1
DA:153,92
DA:154,92
DA:155,92
DA:156,92
DA:157,92
DA:158,92
DA:159,92
DA:160,92
DA:161,92
DA:162,92
DA:163,92
DA:164,92
DA:165,92
DA:166,92
DA:167,92
DA:168,92
DA:169,92
DA:170,1
DA:171,1
DA:172,92
DA:173,92
DA:174,92
DA:175,92
DA:176,92
DA:177,92
DA:178,92
DA:179,92
DA:180,92
DA:181,92
DA:182,92
DA:183,92
DA:184,92
DA:185,92
DA:186,92
DA:187,92
DA:188,92
DA:189,92
DA:190,92
DA:191,92
DA:192,92
DA:193,92
DA:194,92
DA:195,92
DA:196,92
DA:197,92
DA:198,92
DA:199,92
DA:200,92
DA:201,92
DA:202,92
DA:203,92
DA:204,92
DA:205,92
DA:206,92
DA:207,92
DA:208,92
DA:209,92
DA:210,92
DA:211,92
DA:212,92
DA:213,92
DA:214,92
DA:215,92
DA:216,92
DA:217,92
DA:218,92
DA:219,92
DA:220,92
DA:221,92
DA:222,92
DA:223,92
DA:224,92
DA:225,92
DA:226,92
DA:227,92
DA:228,92
DA:229,92
DA:230,92
DA:231,92
DA:232,92
DA:233,92
DA:234,92
DA:235,1
DA:236,1
DA:237,1
DA:238,1
DA:239,91
DA:240,91
DA:241,92
DA:242,92
DA:243,92
DA:244,92
DA:245,92
DA:246,92
DA:247,92
DA:248,92
DA:249,92
DA:250,92
DA:251,92
DA:252,92
DA:253,92
DA:254,92
DA:255,92
DA:256,92
DA:257,92
DA:258,92
DA:259,1
DA:260,1
DA:261,92
DA:262,1
DA:263,1
DA:264,26
DA:265,26
DA:266,26
DA:267,26
DA:268,26
DA:269,26
DA:270,26
DA:271,26
DA:272,26
DA:273,26
DA:274,1
DA:275,1
DA:276,25
DA:277,25
DA:278,1
DA:279,1
DA:280,74
DA:281,74
DA:282,74
DA:283,74
DA:284,74
DA:285,74
DA:286,1
DA:287,1
DA:288,74
DA:289,73
DA:290,74
DA:291,1
DA:292,1
DA:293,1
DA:294,1
DA:295,0
DA:296,0
DA:297,1
DA:298,1
DA:299,43
DA:300,43
DA:301,43
DA:302,43
DA:303,43
DA:304,43
DA:305,34
DA:306,32
DA:307,28
DA:308,28
DA:309,28
DA:310,43
DA:311,43
DA:312,43
DA:313,43
DA:314,43
DA:315,5
DA:316,5
DA:317,5
DA:318,43
DA:319,43
DA:320,1
DA:321,1
DA:322,0
DA:323,0
DA:324,0
DA:325,0
DA:326,0
DA:327,0
DA:328,0
DA:329,1
DA:330,1
DA:331,1
DA:332,1
DA:333,1
DA:334,1
DA:335,1
DA:336,23
DA:337,23
DA:338,23
DA:339,23
DA:340,23
DA:341,23
DA:342,12
DA:343,12
DA:344,23
DA:345,23
DA:346,1
DA:347,1
DA:348,1
DA:349,1
DA:350,1
DA:351,1
DA:352,1
DA:353,1
DA:354,1
DA:355,1
DA:356,29
DA:357,0
DA:358,0
DA:359,29
DA:360,29
DA:361,29
DA:362,2
DA:363,2
DA:364,29
DA:365,27
DA:366,27
DA:367,27
DA:368,27
DA:369,27
DA:370,27
DA:371,29
DA:372,1
DA:373,1
DA:374,1
DA:375,1
DA:376,1
DA:377,1
DA:378,1
DA:379,1
DA:380,5
DA:381,5
DA:382,5
DA:383,1
DA:384,1
DA:385,1
DA:386,1
DA:387,5
DA:388,5
DA:389,4
DA:390,4
DA:391,4
DA:392,4
DA:393,4
DA:394,4
DA:395,5
DA:396,1
DA:397,1
DA:398,1
DA:399,1
DA:400,1
DA:401,1
DA:402,1
DA:403,2
DA:404,2
DA:405,2
DA:406,4
DA:407,4
DA:408,4
DA:409,4
DA:410,1
DA:411,3
DA:412,1
DA:413,2
DA:414,1
DA:415,1
DA:416,4
DA:417,4
DA:418,2
DA:419,2
DA:420,1
DA:421,1
DA:422,1
DA:423,1
DA:424,1
DA:425,1
DA:426,1
DA:427,1
DA:428,1
DA:429,1
DA:430,4
DA:431,4
DA:432,4
DA:433,4
DA:434,4
DA:435,4
DA:436,4
DA:437,0
DA:438,0
DA:439,4
DA:440,4
DA:441,1
DA:442,1
DA:443,4
DA:444,1
DA:445,1
DA:446,1
DA:447,1
DA:448,1
DA:449,1
DA:450,4
DA:451,1
DA:452,1
DA:453,1
DA:454,1
DA:455,1
DA:456,1
DA:457,1
DA:458,5
DA:459,5
DA:460,5
DA:461,5
DA:462,5
DA:463,1
DA:464,1
DA:465,5
DA:466,5
DA:467,5
DA:468,0
DA:469,0
DA:470,5
DA:471,5
DA:472,5
DA:473,1
DA:474,1
DA:475,5
DA:476,5
DA:477,5
DA:478,5
DA:479,1
DA:480,1
DA:481,1
DA:482,1
DA:483,5
DA:484,5
DA:485,1
DA:486,1
DA:487,5
DA:488,1
DA:489,1
DA:490,59
DA:491,0
DA:492,0
DA:493,59
DA:494,59
DA:495,1
DA:496,1
DA:497,1
DA:498,1
DA:499,1
DA:500,1
DA:501,1
DA:502,34
DA:503,34
DA:504,34
DA:505,4
DA:506,4
DA:507,4
DA:508,4
DA:509,34
DA:510,34
DA:511,34
DA:512,2
DA:513,1
DA:514,1
DA:515,2
DA:516,2
DA:517,34
DA:518,1
DA:519,1
DA:520,34
DA:521,1
DA:522,1
DA:523,1
DA:524,1
DA:525,1
DA:526,1
DA:527,1
DA:528,1
DA:529,1
DA:530,43
DA:531,43
DA:532,24
DA:533,33
DA:534,33
DA:535,24
DA:536,33
DA:537,1
DA:538,1
DA:539,19
DA:540,19
DA:541,19
DA:542,19
DA:543,43
DA:544,3
DA:545,3
DA:546,7
DA:547,7
DA:548,7
DA:549,7
DA:550,2
DA:551,2
DA:552,2
DA:553,2
DA:554,2
DA:555,2
DA:556,19
DA:557,43
DA:558,1
DA:559,1
DA:560,1
DA:561,1
DA:562,1
DA:563,1
DA:564,1
DA:565,32
DA:566,32
DA:567,32
DA:568,8
DA:569,10
DA:570,10
DA:571,10
DA:572,10
DA:573,8
DA:574,5
DA:575,32
DA:576,32
DA:577,10
DA:578,10
DA:579,10
DA:580,3
DA:581,3
DA:582,3
DA:583,3
DA:584,3
DA:585,3
DA:586,3
DA:587,3
DA:588,3
DA:589,10
DA:590,6
DA:591,6
DA:592,6
DA:593,6
DA:594,2
DA:595,2
DA:596,2
DA:597,6
DA:598,6
DA:599,10
DA:600,10
DA:601,1
DA:602,1
DA:603,1
DA:604,1
DA:605,1
DA:606,32
DA:607,1
DA:608,1
DA:609,1
DA:610,157
DA:611,157
DA:612,157
DA:613,157
DA:614,157
DA:615,1
DA:616,1
DA:617,99
DA:618,99
DA:619,99
DA:620,99
DA:621,99
DA:622,99
DA:623,99
DA:624,99
DA:625,1
DA:626,1
DA:627,54
DA:628,54
DA:629,54
DA:630,54
DA:631,54
DA:632,54
DA:633,54
DA:634,54
DA:635,2
DA:636,2
DA:637,2
DA:638,54
DA:639,54
DA:640,1
LF:640
LH:623
BRDA:1,0,0,66
BRDA:1,1,0,11
BRDA:39,2,0,7
BRDA:1,3,0,11
BRDA:50,4,0,3
BRDA:52,5,0,3
BRDA:54,6,0,2
BRDA:54,7,0,1
BRDA:1,8,0,11
BRDA:67,9,0,2
BRDA:69,10,0,2
BRDA:71,11,0,1
BRDA:1,12,0,11
BRDA:87,13,0,8
BRDA:90,14,0,8
BRDA:92,15,0,1
BRDA:93,16,0,7
BRDA:1,17,0,11
BRDA:108,18,0,4
BRDA:110,19,0,4
BRDA:112,20,0,0
BRDA:1,21,0,11
BRDA:152,22,0,92
BRDA:171,23,0,92
BRDA:234,24,0,20
BRDA:234,25,0,91
BRDA:234,26,0,1
BRDA:241,27,0,91
BRDA:243,28,0,90
BRDA:244,29,0,6
BRDA:246,30,0,72
BRDA:247,31,0,89
BRDA:248,32,0,89
BRDA:249,33,0,4
BRDA:249,34,0,87
BRDA:250,35,0,4
BRDA:251,36,0,4
BRDA:251,37,0,90
BRDA:252,38,0,82
BRDA:258,39,0,90
BRDA:258,40,0,1
BRDA:263,41,0,26
BRDA:270,42,0,0
BRDA:275,43,0,25
BRDA:279,44,0,74
BRDA:280,45,0,38
BRDA:280,46,0,36
BRDA:285,47,0,64
BRDA:285,48,0,1
BRDA:288,49,0,73
BRDA:288,50,0,63
BRDA:288,51,0,73
BRDA:288,52,0,63
BRDA:298,53,0,43
BRDA:304,54,0,34
BRDA:305,55,0,32
BRDA:306,56,0,28
BRDA:310,57,0,0
BRDA:314,58,0,26
BRDA:314,59,0,19
BRDA:314,60,0,6
BRDA:314,61,0,5
BRDA:314,62,0,5
BRDA:318,63,0,22
BRDA:335,64,0,23
BRDA:337,65,0,1
BRDA:340,66,0,22
BRDA:340,67,0,1
BRDA:341,68,0,21
BRDA:341,69,0,13
BRDA:341,70,0,12
BRDA:344,71,0,9
BRDA:355,72,0,29
BRDA:356,73,0,0
BRDA:361,74,0,4
BRDA:361,75,0,3
BRDA:361,76,0,2
BRDA:364,77,0,27
BRDA:379,78,0,5
BRDA:382,79,0,1
BRDA:387,80,0,4
BRDA:387,81,0,0
BRDA:388,82,0,4
BRDA:402,83,0,2
BRDA:405,84,0,4
BRDA:409,85,0,1
BRDA:410,86,0,3
BRDA:411,87,0,1
BRDA:412,88,0,2
BRDA:413,89,0,1
BRDA:429,90,0,4
BRDA:435,91,0,1
BRDA:436,92,0,3
BRDA:436,93,0,0
BRDA:439,94,0,3
BRDA:440,95,0,1
BRDA:443,96,0,2
BRDA:443,97,0,1
BRDA:457,98,0,5
BRDA:459,99,0,1
BRDA:462,100,0,4
BRDA:462,101,0,1
BRDA:467,102,0,3
BRDA:467,103,0,0
BRDA:472,104,0,3
BRDA:472,105,0,1
BRDA:477,106,0,2
BRDA:478,107,0,1
BRDA:483,108,0,0
BRDA:484,109,0,1
BRDA:489,110,0,59
BRDA:490,111,0,0
BRDA:501,112,0,34
BRDA:502,113,0,30
BRDA:504,114,0,4
BRDA:505,115,0,0
BRDA:508,116,0,2
BRDA:511,117,0,4
BRDA:511,118,0,2
BRDA:512,119,0,1
BRDA:517,120,0,1
BRDA:529,121,0,43
BRDA:530,122,0,20
BRDA:531,123,0,33
BRDA:531,124,0,24
BRDA:531,125,0,23
BRDA:532,126,0,16
BRDA:533,127,0,23
BRDA:533,128,0,0
BRDA:534,129,0,24
BRDA:534,130,0,23
BRDA:535,131,0,12
BRDA:536,132,0,19
BRDA:536,133,0,11
BRDA:536,134,0,1
BRDA:543,135,0,10
BRDA:543,136,0,4
BRDA:543,137,0,19
BRDA:543,138,0,3
BRDA:545,139,0,7
BRDA:549,140,0,6
BRDA:549,141,0,2
BRDA:556,142,0,8
BRDA:564,143,0,32
BRDA:565,144,0,24
BRDA:567,145,0,10
BRDA:567,146,0,8
BRDA:569,147,0,0
BRDA:572,148,0,8
BRDA:573,149,0,5
BRDA:576,150,0,10
BRDA:576,151,0,2
BRDA:579,152,0,6
BRDA:579,153,0,3
BRDA:589,154,0,6
BRDA:591,155,0,0
BRDA:593,156,0,2
BRDA:597,157,0,4
BRDA:600,158,0,3
BRDA:600,159,0,1
BRDA:603,160,0,0
BRDA:609,161,0,157
BRDA:611,162,0,54
BRDA:612,163,0,2
BRDA:616,164,0,99
BRDA:622,165,0,0
BRDA:626,166,0,54
BRDA:634,167,0,2
BRDA:638,168,0,52
BRF:169
BRH:154
end_of_record
TN:
SF:packages/client/src/pins.ts
FN:18,__name
FN:1,<static_initializer>
FN:19,<instance_members_initializer>
FN:21,get
FN:25,set
FNF:5
FNH:5
FNDA:11,__name
FNDA:11,<static_initializer>
FNDA:27,<instance_members_initializer>
FNDA:57,get
FNDA:30,set
DA:1,11
DA:2,11
DA:3,11
DA:4,11
DA:5,11
DA:6,11
DA:7,11
DA:8,11
DA:9,11
DA:10,11
DA:11,11
DA:12,11
DA:13,11
DA:14,11
DA:15,11
DA:16,11
DA:17,11
DA:18,11
DA:19,1
DA:20,1
DA:21,1
DA:22,57
DA:23,57
DA:24,1
DA:25,1
DA:26,30
DA:27,30
DA:28,1
LF:28
LH:28
BRDA:18,0,0,11
BRDA:1,1,0,11
BRDA:19,2,0,27
BRDA:21,3,0,57
BRDA:25,4,0,30
BRF:5
BRH:5
end_of_record
TN:
SF:packages/client/src/render.ts
FN:1,__name
FN:9,dataPreamble
FN:43,renderEnvelope
FNF:3
FNH:3
FNDA:22,__name
FNDA:1,dataPreamble
FNDA:8,renderEnvelope
DA:1,1
DA:2,1
DA:3,1
DA:4,1
DA:5,1
DA:6,1
DA:7,1
DA:8,1
DA:9,1
DA:10,1
DA:11,1
DA:12,1
DA:13,1
DA:14,1
DA:15,1
DA:16,1
DA:17,1
DA:18,1
DA:19,1
DA:20,1
DA:21,1
DA:22,1
DA:23,1
DA:24,1
DA:25,1
DA:26,1
DA:27,1
DA:28,1
DA:29,1
DA:30,1
DA:31,1
DA:32,1
DA:33,1
DA:34,1
DA:35,1
DA:36,1
DA:37,1
DA:38,1
DA:39,1
DA:40,1
DA:41,1
DA:42,1
DA:43,1
DA:44,8
DA:45,1
DA:46,1
DA:47,1
DA:48,1
DA:49,8
DA:50,8
DA:51,8
DA:52,8
DA:53,8
DA:54,8
DA:55,8
DA:56,8
DA:57,8
DA:58,8
DA:59,8
DA:60,8
DA:61,8
DA:62,1
DA:63,1
DA:64,1
DA:65,1
DA:66,1
DA:67,8
DA:68,7
DA:69,7
DA:70,7
DA:71,8
LF:71
LH:71
BRDA:1,0,0,22
BRDA:9,1,0,1
BRDA:43,2,0,8
BRDA:44,3,0,2
BRDA:44,4,0,1
BRDA:50,5,0,7
BRDA:51,6,0,0
BRDA:61,7,0,1
BRDA:61,8,0,1
BRDA:67,9,0,7
BRF:10
BRH:9
end_of_record
TN:
SF:packages/client/src/trust.ts
FN:1,__name
FN:1,<static_initializer>
FN:29,<instance_members_initializer>
FN:35,ProviderTrustResolver
FN:71,resolve
FN:96,list
FN:105,getGenesis
FN:113,getGenesisSnapshot
FN:124,enforceGenesis
FN:142,resolveFromFilesystem
FN:158,resolveFromHttp
FN:174,isValidEntry
FNF:12
FNH:12
FNDA:11,__name
FNDA:11,<static_initializer>
FNDA:13,<instance_members_initializer>
FNDA:13,ProviderTrustResolver
FNDA:14,resolve
FNDA:2,list
FNDA:2,getGenesis
FNDA:1,getGenesisSnapshot
FNDA:11,enforceGenesis
FNDA:5,resolveFromFilesystem
FNDA:1,resolveFromHttp
FNDA:2,isValidEntry
DA:1,11
DA:2,11
DA:3,11
DA:4,11
DA:5,11
DA:6,11
DA:7,11
DA:8,11
DA:9,11
DA:10,11
DA:11,11
DA:12,11
DA:13,11
DA:14,11
DA:15,11
DA:16,11
DA:17,11
DA:18,11
DA:19,11
DA:20,11
DA:21,11
DA:22,11
DA:23,11
DA:24,11
DA:25,11
DA:26,11
DA:27,11
DA:28,11
DA:29,1
DA:30,13
DA:31,13
DA:32,13
DA:33,13
DA:34,1
DA:35,1
DA:36,13
DA:37,13
DA:38,13
DA:39,13
DA:40,13
DA:41,13
DA:42,13
DA:43,13
DA:44,13
DA:45,13
DA:46,13
DA:47,13
DA:48,13
DA:49,13
DA:50,13
DA:51,13
DA:52,13
DA:53,13
DA:54,13
DA:55,13
DA:56,1
DA:57,1
DA:58,1
DA:59,1
DA:60,13
DA:61,13
DA:62,9
DA:63,9
DA:64,13
DA:65,1
DA:66,1
DA:67,1
DA:68,1
DA:69,1
DA:70,1
DA:71,1
DA:72,14
DA:73,14
DA:74,14
DA:75,14
DA:76,14
DA:77,14
DA:78,14
DA:79,1
DA:80,1
DA:81,1
DA:82,14
DA:83,14
DA:84,14
DA:85,1
DA:86,1
DA:87,1
DA:88,1
DA:89,1
DA:90,1
DA:91,14
DA:92,14
DA:93,14
DA:94,1
DA:95,1
DA:96,1
DA:97,2
DA:98,2
DA:99,1
DA:100,1
DA:101,1
DA:102,1
DA:103,1
DA:104,1
DA:105,1
DA:106,2
DA:107,2
DA:108,1
DA:109,1
DA:110,1
DA:111,1
DA:112,1
DA:113,1
DA:114,1
DA:115,1
DA:116,1
DA:117,1
DA:118,1
DA:119,1
DA:120,1
DA:121,1
DA:122,1
DA:123,1
DA:124,1
DA:125,11
DA:126,11
DA:127,11
DA:128,11
DA:129,11
DA:130,11
DA:131,11
DA:132,11
DA:133,10
DA:134,10
DA:135,10
DA:136,10
DA:137,11
DA:138,11
DA:139,11
DA:140,11
DA:141,1
DA:142,1
DA:143,5
DA:144,5
DA:145,5
DA:146,5
DA:147,5
DA:148,5
DA:149,5
DA:150,5
DA:151,5
DA:152,5
DA:153,4
DA:154,4
DA:155,4
DA:156,5
DA:157,1
DA:158,1
DA:159,1
DA:160,1
DA:161,1
DA:162,1
DA:163,1
DA:164,1
DA:165,1
DA:166,1
DA:167,1
DA:168,1
DA:169,0
DA:170,0
DA:171,1
DA:172,1
DA:173,1
DA:174,1
DA:175,2
DA:176,2
DA:177,2
DA:178,2
DA:179,2
DA:180,2
DA:181,2
DA:182,2
DA:183,2
DA:184,2
DA:185,1
LF:185
LH:183
BRDA:1,0,0,11
BRDA:1,1,0,11
BRDA:29,2,0,13
BRDA:35,3,0,13
BRDA:51,4,0,12
BRDA:52,5,0,12
BRDA:53,6,0,12
BRDA:55,7,0,1
BRDA:61,8,0,4
BRDA:61,9,0,9
BRDA:71,10,0,14
BRDA:74,11,0,9
BRDA:77,12,0,5
BRDA:78,13,0,1
BRDA:84,14,0,4
BRDA:84,15,0,1
BRDA:92,16,0,3
BRDA:96,17,0,2
BRDA:105,18,0,2
BRDA:113,19,0,1
BRDA:124,20,0,11
BRDA:128,21,0,5
BRDA:128,22,0,0
BRDA:129,23,0,0
BRDA:132,24,0,10
BRDA:138,25,0,1
BRDA:139,26,0,0
BRDA:142,27,0,5
BRDA:148,28,0,1
BRDA:149,29,0,0
BRDA:150,30,0,1
BRDA:151,31,0,0
BRDA:152,32,0,4
BRDA:158,33,0,1
BRDA:164,34,0,0
BRDA:166,35,0,0
BRDA:168,36,0,0
BRDA:174,37,0,2
BRDA:175,38,0,0
BRDA:182,39,0,2
BRF:40
BRH:31
end_of_record
TN:
SF:packages/conformance/src/conformance.ts
FN:1,__name
FN:47,resolveProfile
FN:65,runConformance
FN:142,formatReport
FN:165,formatReportMarkdown
FN:201,formatBadgeJson
FN:216,buildHttp
FNF:7
FNH:4
FNDA:18,__name
FNDA:6,resolveProfile
FNDA:14,runConformance
FNDA:0,formatReport
FNDA:0,formatReportMarkdown
FNDA:0,formatBadgeJson
FNDA:14,buildHttp
DA:1,1
DA:2,1
DA:3,1
DA:4,1
DA:5,1
DA:6,1
DA:7,1
DA:8,1
DA:9,1
DA:10,1
DA:11,1
DA:12,1
DA:13,1
DA:14,1
DA:15,1
DA:16,1
DA:17,1
DA:18,1
DA:19,1
DA:20,1
DA:21,1
DA:22,1
DA:23,1
DA:24,1
DA:25,1
DA:26,1
DA:27,1
DA:28,1
DA:29,1
DA:30,1
DA:31,1
DA:32,1
DA:33,1
DA:34,1
DA:35,1
DA:36,1
DA:37,1
DA:38,1
DA:39,1
DA:40,1
DA:41,1
DA:42,1
DA:43,1
DA:44,1
DA:45,1
DA:46,1
DA:47,1
DA:48,6
DA:49,6
DA:50,6
DA:51,6
DA:52,2
DA:53,2
DA:54,2
DA:55,6
DA:56,1
DA:57,1
DA:58,1
DA:59,1
DA:60,1
DA:61,1
DA:62,1
DA:63,1
DA:64,1
DA:65,14
DA:66,14
DA:67,14
DA:68,14
DA:69,14
DA:70,14
DA:71,14
DA:72,14
DA:73,11
DA:74,5
DA:75,14
DA:76,14
DA:77,14
DA:78,14
DA:79,14
DA:80,14
DA:81,14
DA:82,14
DA:83,14
DA:84,14
DA:85,14
DA:86,14
DA:87,14
DA:88,14
DA:89,14
DA:90,14
DA:91,14
DA:92,56
DA:93,56
DA:94,56
DA:95,14
DA:96,14
DA:97,14
DA:98,14
DA:99,0
DA:100,0
DA:101,0
DA:102,0
DA:103,0
DA:104,0
DA:105,0
DA:106,0
DA:107,0
DA:108,0
DA:109,0
DA:110,14
DA:111,14
DA:112,14
DA:113,39
DA:114,39
DA:115,39
DA:116,39
DA:117,14
DA:118,14
DA:119,14
DA:120,14
DA:121,39
DA:122,39
DA:123,39
DA:124,39
DA:125,39
DA:126,39
DA:127,39
DA:128,39
DA:129,14
DA:130,14
DA:131,14
DA:132,14
DA:133,14
DA:134,14
DA:135,14
DA:136,14
DA:137,14
DA:138,14
DA:139,14
DA:140,1
DA:141,1
DA:142,1
DA:143,0
DA:144,0
DA:145,0
DA:146,0
DA:147,0
DA:148,0
DA:149,0
DA:150,0
DA:151,0
DA:152,0
DA:153,0
DA:154,0
DA:155,0
DA:156,0
DA:157,0
DA:158,0
DA:159,0
DA:160,0
DA:161,0
DA:162,0
DA:163,1
DA:164,1
DA:165,1
DA:166,0
DA:167,0
DA:168,0
DA:169,0
DA:170,0
DA:171,0
DA:172,0
DA:173,0
DA:174,0
DA:175,0
DA:176,0
DA:177,0
DA:178,0
DA:179,0
DA:180,0
DA:181,0
DA:182,0
DA:183,0
DA:184,0
DA:185,0
DA:186,0
DA:187,0
DA:188,0
DA:189,0
DA:190,0
DA:191,0
DA:192,0
DA:193,0
DA:194,0
DA:195,1
DA:196,1
DA:197,1
DA:198,1
DA:199,1
DA:200,1
DA:201,1
DA:202,0
DA:203,0
DA:204,0
DA:205,0
DA:206,0
DA:207,0
DA:208,0
DA:209,0
DA:210,0
DA:211,0
DA:212,0
DA:213,0
DA:214,0
DA:215,1
DA:216,14
DA:217,14
DA:218,737
DA:219,737
DA:220,643
DA:221,737
DA:222,4
DA:223,4
DA:224,4
DA:225,737
DA:226,737
DA:227,2
DA:228,2
DA:229,0
DA:230,2
DA:231,2
DA:232,737
DA:233,737
DA:234,737
DA:235,737
DA:236,737
DA:237,737
DA:238,737
DA:239,737
DA:240,737
DA:241,737
DA:242,737
DA:243,737
DA:244,12
DA:245,12
DA:246,737
DA:247,737
DA:248,14
DA:249,1
DA:250,1
DA:251,1
LF:251
LH:177
BRDA:1,0,0,18
BRDA:47,1,0,6
BRDA:48,2,0,1
BRDA:49,3,0,5
BRDA:49,4,0,3
BRDA:51,5,0,2
BRDA:53,6,0,3
BRDA:54,7,0,3
BRDA:65,8,0,14
BRDA:69,9,0,0
BRDA:72,10,0,12
BRDA:72,11,0,11
BRDA:73,12,0,6
BRDA:73,13,0,5
BRDA:73,14,0,5
BRDA:79,15,0,10
BRDA:88,16,0,0
BRDA:91,17,0,56
BRDA:92,18,0,14
BRDA:93,19,0,42
BRDA:93,20,0,25
BRDA:98,21,0,0
BRDA:98,22,0,0
BRDA:112,23,0,39
BRDA:120,24,0,39
BRDA:125,25,0,38
BRDA:125,26,0,34
BRDA:125,27,0,5
BRDA:127,28,0,34
BRDA:121,29,0,807
BRDA:122,30,0,261
BRDA:123,31,0,261
BRDA:124,32,0,261
BRDA:134,33,0,37
BRDA:216,34,0,14
BRDA:217,35,0,737
BRDA:219,36,0,647
BRDA:219,37,0,643
BRDA:221,38,0,94
BRDA:221,39,0,4
BRDA:225,40,0,422
BRDA:226,41,0,2
BRDA:228,42,0,0
BRDA:236,43,0,90
BRDA:236,44,0,647
BRDA:236,45,0,4
BRDA:236,46,0,643
BRDA:242,47,0,0
BRDA:243,48,0,12
BRF:49
BRH:43
end_of_record
TN:
SF:packages/conformance/src/fixtures.ts
FN:2,__name
FN:24,buildFixtureGlyphs
FN:107,registerFixtures
FNF:3
FNH:2
FNDA:18,__name
FNDA:3,buildFixtureGlyphs
FNDA:0,registerFixtures
DA:1,1
DA:2,1
DA:3,1
DA:4,1
DA:5,1
DA:6,1
DA:7,1
DA:8,1
DA:9,1
DA:10,1
DA:11,1
DA:12,1
DA:13,1
DA:14,1
DA:15,1
DA:16,1
DA:17,1
DA:18,1
DA:19,1
DA:20,1
DA:21,1
DA:22,1
DA:23,1
DA:24,1
DA:25,3
DA:26,3
DA:27,3
DA:28,3
DA:29,3
DA:30,3
DA:31,3
DA:32,3
DA:33,3
DA:34,3
DA:35,3
DA:36,3
DA:37,3
DA:38,3
DA:39,3
DA:40,3
DA:41,3
DA:42,3
DA:43,3
DA:44,3
DA:45,3
DA:46,3
DA:47,3
DA:48,3
DA:49,3
DA:50,3
DA:51,3
DA:52,3
DA:53,3
DA:54,3
DA:55,3
DA:56,3
DA:57,3
DA:58,3
DA:59,3
DA:60,3
DA:61,3
DA:62,3
DA:63,3
DA:64,3
DA:65,3
DA:66,3
DA:67,3
DA:68,3
DA:69,3
DA:70,3
DA:71,1
DA:72,1
DA:73,1
DA:74,1
DA:75,1
DA:76,1
DA:77,1
DA:78,3
DA:79,3
DA:80,3
DA:81,3
DA:82,3
DA:83,3
DA:84,3
DA:85,3
DA:86,3
DA:87,3
DA:88,3
DA:89,3
DA:90,3
DA:91,3
DA:92,3
DA:93,3
DA:94,3
DA:95,1
DA:96,3
DA:97,3
DA:98,3
DA:99,3
DA:100,3
DA:101,3
DA:102,3
DA:103,1
DA:104,1
DA:105,1
DA:106,1
DA:107,1
DA:108,0
DA:109,0
DA:110,0
LF:110
LH:107
BRDA:2,0,0,18
BRDA:24,1,0,3
BRDA:38,2,0,603
BRDA:54,3,0,1
BRDA:70,4,0,1
BRDA:71,5,0,1
BRDA:73,6,0,1
BRDA:94,7,0,1
BRF:8
BRH:8
end_of_record
TN:
SF:packages/conformance/src/index.ts
FNF:0
FNH:0
DA:1,1
DA:2,1
DA:3,1
DA:4,1
DA:5,1
DA:6,1
DA:7,1
DA:8,1
DA:9,1
DA:10,1
DA:11,1
DA:12,1
DA:13,1
DA:14,1
DA:15,1
DA:16,1
DA:17,1
DA:18,1
DA:19,1
DA:20,1
DA:21,1
DA:22,1
DA:23,1
DA:24,1
DA:25,1
DA:26,1
LF:26
LH:26
BRF:0
BRH:0
end_of_record
TN:
SF:packages/conformance/src/schemas.ts
FN:1,__name
FN:14,load
FNF:2
FNH:2
FNDA:3,__name
FNDA:33,load
DA:1,1
DA:2,1
DA:3,1
DA:4,1
DA:5,1
DA:6,1
DA:7,1
DA:8,1
DA:9,1
DA:10,1
DA:11,1
DA:12,1
DA:13,1
DA:14,33
DA:15,33
DA:16,33
DA:17,33
DA:18,1
DA:19,1
DA:20,1
DA:21,1
DA:22,1
DA:23,1
DA:24,1
DA:25,1
DA:26,1
DA:27,1
DA:28,1
DA:29,1
DA:30,1
DA:31,1
DA:32,1
LF:32
LH:32
BRDA:1,0,0,3
BRDA:14,1,0,33
BRF:2
BRH:2
end_of_record
TN:
SF:packages/conformance/src/types.ts
FNF:0
FNH:0
DA:1,1
DA:2,1
DA:3,1
DA:4,1
DA:5,1
DA:6,1
DA:7,1
DA:8,1
DA:9,1
DA:10,1
DA:11,1
DA:12,1
DA:13,1
DA:14,1
DA:15,1
DA:16,1
DA:17,1
DA:18,1
DA:19,1
DA:20,1
DA:21,1
DA:22,1
DA:23,1
DA:24,1
DA:25,1
DA:26,1
DA:27,1
DA:28,1
DA:29,1
DA:30,1
DA:31,1
DA:32,1
DA:33,1
DA:34,1
DA:35,1
DA:36,1
DA:37,1
DA:38,1
DA:39,1
DA:40,1
DA:41,1
DA:42,1
DA:43,1
DA:44,1
DA:45,1
DA:46,1
DA:47,1
DA:48,1
DA:49,1
DA:50,1
DA:51,1
DA:52,1
DA:53,1
DA:54,1
DA:55,1
DA:56,1
DA:57,1
DA:58,1
DA:59,1
DA:60,1
DA:61,1
DA:62,1
DA:63,1
DA:64,1
DA:65,1
DA:66,1
DA:67,1
DA:68,1
DA:69,1
DA:70,1
DA:71,1
DA:72,1
DA:73,1
DA:74,1
DA:75,1
DA:76,1
DA:77,1
DA:78,1
DA:79,1
DA:80,1
DA:81,1
DA:82,1
DA:83,1
DA:84,1
DA:85,1
DA:86,1
DA:87,1
DA:88,1
DA:89,1
DA:90,1
DA:91,1
DA:92,1
DA:93,1
DA:94,1
DA:95,1
DA:96,1
DA:97,1
DA:98,1
DA:99,1
DA:100,1
DA:101,1
DA:102,1
DA:103,1
DA:104,1
DA:105,1
DA:106,1
DA:107,1
DA:108,1
DA:109,1
DA:110,1
DA:111,1
DA:112,1
DA:113,1
DA:114,1
DA:115,1
DA:116,1
DA:117,1
DA:118,1
DA:119,1
DA:120,1
DA:121,1
DA:122,1
DA:123,1
DA:124,1
DA:125,1
DA:126,1
LF:126
LH:126
BRF:0
BRH:0
end_of_record
TN:
SF:packages/conformance/src/levels/discovery.ts
FN:1,__name
FN:193,errMsg
FNF:2
FNH:2
FNDA:29,__name
FNDA:6,errMsg
DA:1,1
DA:2,1
DA:3,1
DA:4,1
DA:5,1
DA:6,1
DA:7,1
DA:8,1
DA:9,1
DA:10,1
DA:11,1
DA:12,1
DA:13,1
DA:14,21
DA:15,21
DA:16,189
DA:17,21
DA:18,21
DA:19,21
DA:20,21
DA:21,21
DA:22,21
DA:23,21
DA:24,21
DA:25,21
DA:26,19
DA:27,2
DA:28,21
DA:29,21
DA:30,0
DA:31,0
DA:32,21
DA:33,21
DA:34,21
DA:35,21
DA:36,21
DA:37,21
DA:38,21
DA:39,21
DA:40,21
DA:41,21
DA:42,21
DA:43,21
DA:44,21
DA:45,21
DA:46,21
DA:47,21
DA:48,21
DA:49,21
DA:50,0
DA:51,0
DA:52,21
DA:53,21
DA:54,21
DA:55,21
DA:56,21
DA:57,21
DA:58,21
DA:59,21
DA:60,21
DA:61,21
DA:62,21
DA:63,12
DA:64,12
DA:65,21
DA:66,21
DA:67,21
DA:68,21
DA:69,12
DA:70,9
DA:71,21
DA:72,21
DA:73,0
DA:74,0
DA:75,21
DA:76,21
DA:77,21
DA:78,21
DA:79,21
DA:80,21
DA:81,21
DA:82,19
DA:83,21
DA:84,21
DA:85,21
DA:86,21
DA:87,19
DA:88,2
DA:89,21
DA:90,21
DA:91,21
DA:92,0
DA:93,0
DA:94,21
DA:95,21
DA:96,21
DA:97,21
DA:98,21
DA:99,6
DA:100,6
DA:101,20
DA:102,15
DA:103,15
DA:104,15
DA:105,15
DA:106,15
DA:107,15
DA:108,15
DA:109,15
DA:110,15
DA:111,15
DA:112,15
DA:113,15
DA:114,15
DA:115,13
DA:116,13
DA:117,13
DA:118,13
DA:119,13
DA:120,11
DA:121,2
DA:122,13
DA:123,15
DA:124,2
DA:125,2
DA:126,15
DA:127,0
DA:128,0
DA:129,0
DA:130,15
DA:131,21
DA:132,21
DA:133,21
DA:134,21
DA:135,21
DA:136,21
DA:137,21
DA:138,21
DA:139,21
DA:140,21
DA:141,12
DA:142,12
DA:143,21
DA:144,21
DA:145,21
DA:146,21
DA:147,12
DA:148,9
DA:149,21
DA:150,21
DA:151,0
DA:152,0
DA:153,21
DA:154,21
DA:155,21
DA:156,21
DA:157,21
DA:158,21
DA:159,21
DA:160,21
DA:161,21
DA:162,21
DA:163,12
DA:164,3
DA:165,21
DA:166,21
DA:167,6
DA:168,6
DA:169,21
DA:170,21
DA:171,21
DA:172,21
DA:173,21
DA:174,21
DA:175,21
DA:176,21
DA:177,21
DA:178,21
DA:179,21
DA:180,21
DA:181,21
DA:182,21
DA:183,21
DA:184,0
DA:185,21
DA:186,21
DA:187,0
DA:188,0
DA:189,21
DA:190,21
DA:191,21
DA:192,1
DA:193,6
DA:194,6
DA:195,6
LF:195
LH:179
BRDA:1,0,0,29
BRDA:13,1,0,21
BRDA:21,2,0,19
BRDA:21,3,0,19
BRDA:24,4,0,20
BRDA:24,5,0,19
BRDA:24,6,0,2
BRDA:25,7,0,20
BRDA:25,8,0,19
BRDA:26,9,0,2
BRDA:29,10,0,0
BRDA:45,11,0,20
BRDA:45,12,0,19
BRDA:45,13,0,2
BRDA:46,14,0,20
BRDA:46,15,0,19
BRDA:46,16,0,2
BRDA:48,17,0,19
BRDA:49,18,0,0
BRDA:62,19,0,12
BRDA:67,20,0,20
BRDA:67,21,0,12
BRDA:67,22,0,9
BRDA:68,23,0,20
BRDA:68,24,0,12
BRDA:69,25,0,9
BRDA:70,26,0,7
BRDA:70,27,0,0
BRDA:72,28,0,0
BRDA:81,29,0,19
BRDA:85,30,0,20
BRDA:85,31,0,19
BRDA:85,32,0,2
BRDA:86,33,0,19
BRDA:87,34,0,12
BRDA:87,35,0,7
BRDA:87,36,0,2
BRDA:90,37,0,19
BRDA:90,38,0,5
BRDA:91,39,0,0
BRDA:98,40,0,20
BRDA:98,41,0,6
BRDA:101,42,0,15
BRDA:108,43,0,13
BRDA:111,44,0,13
BRDA:111,45,0,2
BRDA:112,46,0,13
BRDA:112,47,0,2
BRDA:114,48,0,13
BRDA:118,49,0,11
BRDA:118,50,0,2
BRDA:119,51,0,11
BRDA:120,52,0,2
BRDA:123,53,0,2
BRDA:126,54,0,0
BRDA:133,55,0,20
BRDA:133,56,0,15
BRDA:133,57,0,6
BRDA:140,58,0,12
BRDA:145,59,0,20
BRDA:145,60,0,12
BRDA:145,61,0,9
BRDA:146,62,0,20
BRDA:146,63,0,12
BRDA:147,64,0,9
BRDA:148,65,0,8
BRDA:148,66,0,7
BRDA:148,67,0,1
BRDA:150,68,0,0
BRDA:158,69,0,18
BRDA:161,70,0,20
BRDA:161,71,0,12
BRDA:161,72,0,3
BRDA:162,73,0,20
BRDA:162,74,0,12
BRDA:163,75,0,3
BRDA:164,76,0,2
BRDA:164,77,0,1
BRDA:166,78,0,6
BRDA:181,79,0,0
BRDA:183,80,0,0
BRDA:186,81,0,0
BRDA:15,82,0,189
BRDA:82,83,0,24
BRDA:95,84,0,24
BRDA:193,85,0,6
BRDA:194,86,0,0
BRF:87
BRH:76
end_of_record
TN:
SF:packages/conformance/src/levels/execution.ts
FN:1,__name
FN:158,errMsg
FNF:2
FNH:2
FNDA:26,__name
FNDA:8,errMsg
DA:1,1
DA:2,1
DA:3,1
DA:4,1
DA:5,1
DA:6,1
DA:7,1
DA:8,1
DA:9,1
DA:10,1
DA:11,18
DA:12,18
DA:13,110
DA:14,18
DA:15,18
DA:16,18
DA:17,8
DA:18,8
DA:19,8
DA:20,8
DA:21,8
DA:22,8
DA:23,8
DA:24,8
DA:25,18
DA:26,10
DA:27,10
DA:28,10
DA:29,10
DA:30,10
DA:31,10
DA:32,10
DA:33,10
DA:34,10
DA:35,10
DA:36,8
DA:37,1
DA:38,10
DA:39,10
DA:40,10
DA:41,8
DA:42,8
DA:43,8
DA:44,8
DA:45,8
DA:46,8
DA:47,8
DA:48,8
DA:49,8
DA:50,8
DA:51,8
DA:52,8
DA:53,8
DA:54,8
DA:55,3
DA:56,5
DA:57,8
DA:58,8
DA:59,0
DA:60,0
DA:61,8
DA:62,8
DA:63,8
DA:64,8
DA:65,8
DA:66,8
DA:67,8
DA:68,8
DA:69,3
DA:70,5
DA:71,8
DA:72,10
DA:73,1
DA:74,1
DA:75,1
DA:76,1
DA:77,10
DA:78,1
DA:79,1
DA:80,1
DA:81,1
DA:82,1
DA:83,10
DA:84,10
DA:85,10
DA:86,10
DA:87,10
DA:88,10
DA:89,10
DA:90,8
DA:91,3
DA:92,3
DA:93,10
DA:94,10
DA:95,10
DA:96,10
DA:97,3
DA:98,5
DA:99,10
DA:100,10
DA:101,2
DA:102,2
DA:103,10
DA:104,10
DA:105,10
DA:106,10
DA:107,10
DA:108,10
DA:109,10
DA:110,10
DA:111,10
DA:112,8
DA:113,3
DA:114,3
DA:115,10
DA:116,10
DA:117,10
DA:118,10
DA:119,3
DA:120,5
DA:121,10
DA:122,10
DA:123,2
DA:124,2
DA:125,10
DA:126,18
DA:127,18
DA:128,18
DA:129,18
DA:130,18
DA:131,16
DA:132,18
DA:133,2
DA:134,2
DA:135,2
DA:136,2
DA:137,2
DA:138,2
DA:139,2
DA:140,2
DA:141,2
DA:142,2
DA:143,2
DA:144,2
DA:145,2
DA:146,2
DA:147,2
DA:148,0
DA:149,2
DA:150,2
DA:151,0
DA:152,0
DA:153,2
DA:154,18
DA:155,18
DA:156,18
DA:157,1
DA:158,8
DA:159,8
DA:160,8
LF:160
LH:155
BRDA:1,0,0,26
BRDA:10,1,0,18
BRDA:16,2,0,10
BRDA:16,3,0,8
BRDA:25,4,0,10
BRDA:31,5,0,9
BRDA:31,6,0,8
BRDA:34,7,0,8
BRDA:34,8,0,1
BRDA:35,9,0,8
BRDA:36,10,0,1
BRDA:40,11,0,8
BRDA:44,12,0,0
BRDA:53,13,0,3
BRDA:53,14,0,5
BRDA:54,15,0,3
BRDA:55,16,0,5
BRDA:58,17,0,0
BRDA:67,18,0,3
BRDA:67,19,0,5
BRDA:68,20,0,3
BRDA:69,21,0,5
BRDA:72,22,0,1
BRDA:77,23,0,1
BRDA:89,24,0,8
BRDA:90,25,0,3
BRDA:95,26,0,3
BRDA:95,27,0,5
BRDA:96,28,0,3
BRDA:97,29,0,5
BRDA:98,30,0,1
BRDA:98,31,0,4
BRDA:100,32,0,2
BRDA:111,33,0,8
BRDA:112,34,0,3
BRDA:117,35,0,3
BRDA:117,36,0,5
BRDA:118,37,0,3
BRDA:119,38,0,5
BRDA:120,39,0,1
BRDA:120,40,0,4
BRDA:122,41,0,2
BRDA:130,42,0,2
BRDA:130,43,0,16
BRDA:132,44,0,2
BRDA:145,45,0,0
BRDA:147,46,0,0
BRDA:150,47,0,0
BRDA:12,48,0,110
BRDA:158,49,0,8
BRDA:159,50,0,0
BRF:51
BRH:45
end_of_record
TN:
SF:packages/conformance/src/levels/governance.ts
FN:10,__name
FN:97,errMsg
FNF:2
FNH:2
FNDA:21,__name
FNDA:3,errMsg
DA:1,1
DA:2,1
DA:3,1
DA:4,1
DA:5,1
DA:6,1
DA:7,1
DA:8,1
DA:9,1
DA:10,1
DA:11,13
DA:12,13
DA:13,39
DA:14,13
DA:15,13
DA:16,13
DA:17,13
DA:18,13
DA:19,13
DA:20,13
DA:21,1
DA:22,13
DA:23,12
DA:24,12
DA:25,12
DA:26,11
DA:27,11
DA:28,11
DA:29,11
DA:30,11
DA:31,11
DA:32,11
DA:33,11
DA:34,12
DA:35,12
DA:36,12
DA:37,12
DA:38,12
DA:39,12
DA:40,1
DA:41,1
DA:42,12
DA:43,13
DA:44,13
DA:45,13
DA:46,13
DA:47,1
DA:48,13
DA:49,12
DA:50,12
DA:51,12
DA:52,8
DA:53,12
DA:54,3
DA:55,3
DA:56,3
DA:57,3
DA:58,3
DA:59,3
DA:60,0
DA:61,3
DA:62,3
DA:63,12
DA:64,1
DA:65,1
DA:66,12
DA:67,13
DA:68,13
DA:69,13
DA:70,13
DA:71,13
DA:72,13
DA:73,7
DA:74,8
DA:75,5
DA:76,5
DA:77,4
DA:78,3
DA:79,3
DA:80,3
DA:81,3
DA:82,5
DA:83,5
DA:84,5
DA:85,5
DA:86,3
DA:87,2
DA:88,5
DA:89,5
DA:90,13
DA:91,1
DA:92,1
DA:93,13
DA:94,13
DA:95,13
DA:96,1
DA:97,3
DA:98,3
DA:99,3
LF:99
LH:98
BRDA:10,0,0,21
BRDA:10,1,0,13
BRDA:20,2,0,1
BRDA:22,3,0,12
BRDA:25,4,0,11
BRDA:36,5,0,11
BRDA:36,6,0,0
BRDA:37,7,0,11
BRDA:37,8,0,0
BRDA:39,9,0,1
BRDA:46,10,0,1
BRDA:48,11,0,12
BRDA:51,12,0,11
BRDA:51,13,0,8
BRDA:53,14,0,3
BRDA:57,15,0,0
BRDA:59,16,0,0
BRDA:63,17,0,1
BRDA:72,18,0,12
BRDA:72,19,0,8
BRDA:72,20,0,7
BRDA:74,21,0,5
BRDA:76,22,0,4
BRDA:77,23,0,3
BRDA:84,24,0,3
BRDA:84,25,0,2
BRDA:85,26,0,3
BRDA:86,27,0,0
BRDA:86,28,0,2
BRDA:90,29,0,1
BRDA:12,30,0,39
BRDA:80,31,0,3
BRDA:97,32,0,3
BRDA:98,33,0,0
BRF:34
BRH:28
end_of_record
TN:
SF:packages/conformance/src/levels/security.ts
FN:10,__name
FN:177,errMsg
FNF:2
FNH:1
FNDA:30,__name
FNDA:0,errMsg
DA:1,1
DA:2,1
DA:3,1
DA:4,1
DA:5,1
DA:6,1
DA:7,1
DA:8,1
DA:9,1
DA:10,1
DA:11,22
DA:12,22
DA:13,132
DA:14,22
DA:15,22
DA:16,22
DA:17,22
DA:18,18
DA:19,18
DA:20,18
DA:21,22
DA:22,4
DA:23,4
DA:24,4
DA:25,4
DA:26,4
DA:27,4
DA:28,4
DA:29,4
DA:30,4
DA:31,4
DA:32,4
DA:33,4
DA:34,4
DA:35,4
DA:36,4
DA:37,4
DA:38,0
DA:39,4
DA:40,4
DA:41,0
DA:42,0
DA:43,4
DA:44,4
DA:45,4
DA:46,4
DA:47,4
DA:48,4
DA:49,4
DA:50,4
DA:51,4
DA:52,4
DA:53,3
DA:54,3
DA:55,4
DA:56,4
DA:57,4
DA:58,4
DA:59,2
DA:60,2
DA:61,4
DA:62,4
DA:63,0
DA:64,0
DA:65,4
DA:66,4
DA:67,4
DA:68,4
DA:69,4
DA:70,4
DA:71,4
DA:72,3
DA:73,3
DA:74,3
DA:75,3
DA:76,3
DA:77,3
DA:78,3
DA:79,3
DA:80,3
DA:81,3
DA:82,3
DA:83,4
DA:84,1
DA:85,1
DA:86,1
DA:87,1
DA:88,1
DA:89,1
DA:90,4
DA:91,0
DA:92,0
DA:93,4
DA:94,22
DA:95,22
DA:96,22
DA:97,22
DA:98,18
DA:99,22
DA:100,4
DA:101,4
DA:102,4
DA:103,4
DA:104,4
DA:105,4
DA:106,4
DA:107,4
DA:108,4
DA:109,4
DA:110,4
DA:111,4
DA:112,4
DA:113,4
DA:114,4
DA:115,0
DA:116,0
DA:117,4
DA:118,22
DA:119,22
DA:120,22
DA:121,22
DA:122,20
DA:123,22
DA:124,2
DA:125,2
DA:126,2
DA:127,2
DA:128,2
DA:129,2
DA:130,2
DA:131,2
DA:132,2
DA:133,2
DA:134,2
DA:135,2
DA:136,2
DA:137,0
DA:138,2
DA:139,2
DA:140,0
DA:141,0
DA:142,2
DA:143,22
DA:144,22
DA:145,22
DA:146,22
DA:147,22
DA:148,22
DA:149,16
DA:150,22
DA:151,6
DA:152,6
DA:153,6
DA:154,811
DA:155,811
DA:156,811
DA:157,811
DA:158,2
DA:159,2
DA:160,2
DA:161,811
DA:162,6
DA:163,6
DA:164,6
DA:165,6
DA:166,2
DA:167,4
DA:168,6
DA:169,6
DA:170,0
DA:171,0
DA:172,6
DA:173,22
DA:174,22
DA:175,22
DA:176,1
DA:177,0
DA:178,0
DA:179,0
LF:179
LH:162
BRDA:10,0,0,30
BRDA:10,1,0,22
BRDA:17,2,0,4
BRDA:17,3,0,18
BRDA:21,4,0,4
BRDA:35,5,0,0
BRDA:37,6,0,0
BRDA:40,7,0,0
BRDA:52,8,0,3
BRDA:57,9,0,2
BRDA:58,10,0,2
BRDA:60,11,0,1
BRDA:62,12,0,0
BRDA:71,13,0,3
BRDA:71,14,0,3
BRDA:77,15,0,2
BRDA:80,16,0,2
BRDA:80,17,0,1
BRDA:81,18,0,2
BRDA:81,19,0,1
BRDA:83,20,0,1
BRDA:90,21,0,0
BRDA:97,22,0,18
BRDA:99,23,0,4
BRDA:108,24,0,2
BRDA:111,25,0,2
BRDA:112,26,0,2
BRDA:114,27,0,0
BRDA:121,28,0,2
BRDA:121,29,0,20
BRDA:123,30,0,2
BRDA:134,31,0,0
BRDA:136,32,0,0
BRDA:139,33,0,0
BRDA:148,34,0,6
BRDA:148,35,0,16
BRDA:150,36,0,6
BRDA:153,37,0,811
BRDA:157,38,0,2
BRDA:164,39,0,5
BRDA:164,40,0,2
BRDA:164,41,0,4
BRDA:165,42,0,5
BRDA:165,43,0,2
BRDA:166,44,0,4
BRDA:169,45,0,0
BRDA:12,46,0,132
BRF:47
BRH:37
end_of_record
TN:
SF:packages/core/src/attestation.ts
FN:23,__name
FN:1,<static_initializer>
FN:24,<instance_members_initializer>
FN:26,register
FN:30,get
FN:34,list
FN:1,<static_initializer>
FN:46,<instance_members_initializer>
FN:48,verify
FNF:9
FNH:9
FNDA:74,__name
FNDA:37,<static_initializer>
FNDA:95,<instance_members_initializer>
FNDA:187,register
FNDA:9,get
FNDA:6,list
FNDA:37,<static_initializer>
FNDA:14,<instance_members_initializer>
FNDA:10,verify
DA:1,37
DA:2,37
DA:3,37
DA:4,37
DA:5,37
DA:6,37
DA:7,37
DA:8,37
DA:9,37
DA:10,37
DA:11,37
DA:12,37
DA:13,37
DA:14,37
DA:15,37
DA:16,37
DA:17,37
DA:18,37
DA:19,37
DA:20,37
DA:21,37
DA:22,37
DA:23,37
DA:24,37
DA:25,37
DA:26,37
DA:27,37
DA:28,37
DA:29,37
DA:30,37
DA:31,37
DA:32,37
DA:33,37
DA:34,37
DA:35,37
DA:36,37
DA:37,37
DA:38,37
DA:39,37
DA:40,37
DA:41,37
DA:42,37
DA:43,37
DA:44,37
DA:45,37
DA:46,1
DA:47,1
DA:48,1
DA:49,10
DA:50,1
DA:51,1
DA:52,10
DA:53,10
DA:54,9
DA:55,9
DA:56,10
DA:57,1
DA:58,1
DA:59,10
DA:60,10
DA:61,1
DA:62,1
DA:63,10
DA:64,10
DA:65,10
DA:66,1
DA:67,1
DA:68,10
DA:69,10
DA:70,3
DA:71,3
DA:72,3
DA:73,3
DA:74,3
DA:75,3
DA:76,3
DA:77,3
DA:78,10
DA:79,1
LF:79
LH:79
BRDA:23,0,0,74
BRDA:1,1,0,37
BRDA:24,2,0,95
BRDA:26,3,0,187
BRDA:30,4,0,9
BRDA:34,5,0,6
BRDA:1,6,0,37
BRDA:46,7,0,14
BRDA:48,8,0,10
BRDA:49,9,0,1
BRDA:53,10,0,9
BRDA:56,11,0,1
BRDA:60,12,0,8
BRDA:60,13,0,1
BRDA:64,14,0,7
BRDA:65,15,0,1
BRDA:69,16,0,6
BRDA:69,17,0,3
BRF:18
BRH:18
end_of_record
TN:
SF:packages/core/src/frost.ts
FN:30,__name
FN:1,<static_initializer>
FN:95,<instance_members_initializer>
FN:102,FrostSigner
FN:123,signGlyph
FN:128,signManifest
FN:133,signReceipt
FN:142,signGlyphSync
FN:146,signManifestSync
FN:156,get pendingApprovals
FN:160,approve
FN:167,reject
FN:175,destroy
FN:183,#sign
FNF:14
FNH:10
FNDA:2,__name
FNDA:1,<static_initializer>
FNDA:3,<instance_members_initializer>
FNDA:3,FrostSigner
FNDA:1,signGlyph
FNDA:0,signManifest
FNDA:0,signReceipt
FNDA:1,signGlyphSync
FNDA:1,signManifestSync
FNDA:1,get pendingApprovals
FNDA:0,approve
FNDA:0,reject
FNDA:3,destroy
FNDA:1,#sign
DA:1,1
DA:2,1
DA:3,1
DA:4,1
DA:5,1
DA:6,1
DA:7,1
DA:8,1
DA:9,1
DA:10,1
DA:11,1
DA:12,1
DA:13,1
DA:14,1
DA:15,1
DA:16,1
DA:17,1
DA:18,1
DA:19,1
DA:20,1
DA:21,1
DA:22,1
DA:23,1
DA:24,1
DA:25,1
DA:26,1
DA:27,1
DA:28,1
DA:29,1
DA:30,1
DA:31,1
DA:32,1
DA:33,1
DA:34,1
DA:35,1
DA:36,1
DA:37,1
DA:38,1
DA:39,1
DA:40,1
DA:41,1
DA:42,1
DA:43,1
DA:44,1
DA:45,1
DA:46,1
DA:47,1
DA:48,1
DA:49,1
DA:50,1
DA:51,1
DA:52,1
DA:53,1
DA:54,1
DA:55,1
DA:56,1
DA:57,1
DA:58,1
DA:59,1
DA:60,1
DA:61,1
DA:62,1
DA:63,1
DA:64,1
DA:65,1
DA:66,1
DA:67,1
DA:68,1
DA:69,1
DA:70,1
DA:71,1
DA:72,1
DA:73,1
DA:74,1
DA:75,1
DA:76,1
DA:77,1
DA:78,1
DA:79,1
DA:80,1
DA:81,1
DA:82,1
DA:83,1
DA:84,1
DA:85,1
DA:86,1
DA:87,1
DA:88,1
DA:89,1
DA:90,1
DA:91,1
DA:92,1
DA:93,1
DA:94,1
DA:95,1
DA:96,3
DA:97,3
DA:98,3
DA:99,3
DA:100,3
DA:101,1
DA:102,1
DA:103,3
DA:104,3
DA:105,3
DA:106,3
DA:107,3
DA:108,3
DA:109,3
DA:110,3
DA:111,3
DA:112,3
DA:113,3
DA:114,3
DA:115,3
DA:116,3
DA:117,3
DA:118,1
DA:119,1
DA:120,1
DA:121,1
DA:122,1
DA:123,1
DA:124,1
DA:125,1
DA:126,1
DA:127,1
DA:128,1
DA:129,0
DA:130,0
DA:131,0
DA:132,1
DA:133,1
DA:134,0
DA:135,0
DA:136,0
DA:137,1
DA:138,1
DA:139,1
DA:140,1
DA:141,1
DA:142,1
DA:143,1
DA:144,1
DA:145,1
DA:146,1
DA:147,1
DA:148,1
DA:149,1
DA:150,1
DA:151,1
DA:152,1
DA:153,1
DA:154,1
DA:155,1
DA:156,1
DA:157,1
DA:158,1
DA:159,1
DA:160,1
DA:161,0
DA:162,0
DA:163,0
DA:164,0
DA:165,0
DA:166,1
DA:167,1
DA:168,0
DA:169,0
DA:170,0
DA:171,0
DA:172,0
DA:173,1
DA:174,1
DA:175,1
DA:176,3
DA:177,3
DA:178,1
DA:179,1
DA:180,1
DA:181,1
DA:182,1
DA:183,1
DA:184,1
DA:185,1
DA:186,1
DA:187,1
DA:188,1
DA:189,1
DA:190,3
DA:191,2
DA:192,2
DA:193,2
DA:194,3
DA:195,1
DA:196,1
DA:197,1
DA:198,1
DA:199,1
DA:200,1
DA:201,1
DA:202,0
DA:203,0
DA:204,0
DA:205,0
DA:206,1
DA:207,1
DA:208,1
DA:209,1
DA:210,1
DA:211,3
DA:212,1
DA:213,1
DA:214,0
DA:215,0
DA:216,0
DA:217,0
DA:218,0
DA:219,0
DA:220,0
DA:221,0
DA:222,0
DA:223,1
DA:224,1
DA:225,1
DA:226,1
DA:227,1
DA:228,1
DA:229,1
DA:230,1
DA:231,1
DA:232,1
DA:233,2
DA:234,2
DA:235,2
DA:236,2
DA:237,2
DA:238,2
DA:239,2
DA:240,1
DA:241,1
DA:242,1
DA:243,1
DA:244,1
DA:245,1
DA:246,0
DA:247,0
DA:248,1
DA:249,1
DA:250,1
DA:251,1
DA:252,1
DA:253,1
DA:254,1
DA:255,1
DA:256,1
LF:256
LH:225
BRDA:30,0,0,2
BRDA:1,1,0,1
BRDA:95,2,0,3
BRDA:102,3,0,3
BRDA:123,4,0,1
BRDA:142,5,0,1
BRDA:146,6,0,1
BRDA:156,7,0,1
BRDA:175,8,0,3
BRDA:183,9,0,1
BRDA:189,10,0,3
BRDA:190,11,0,2
BRDA:194,12,0,1
BRDA:213,13,0,0
BRDA:232,14,0,2
BRDA:238,15,0,1
BRDA:245,16,0,0
BRDA:250,17,0,2
BRDA:196,18,0,1
BRDA:233,19,0,3
BRF:20
BRH:18
end_of_record
TN:
SF:packages/core/src/index.ts
FN:1,__name
FN:18,ed.hashes.sha512
FN:48,canonicalize
FN:62,computeGlyphId
FN:74,generateKeyPair
FN:80,signGlyph
FN:85,verifyGlyph
FN:131,diffCards
FN:176,canonicalHash
FN:183,signReceipt
FN:189,verifyReceipt
FN:201,signManifest
FN:210,verifyManifest
FN:237,verifyAttestation
FN:251,toLexiconEntry
FN:261,applyDepth
FN:286,sealResult
FN:360,sanitizeString
FN:380,sanitizeValue
FN:406,sanitize
FNF:20
FNH:20
FNDA:868,__name
FNDA:2884,ed.hashes.sha512
FNDA:26959,canonicalize
FNDA:426,computeGlyphId
FNDA:184,generateKeyPair
FNDA:168,signGlyph
FNDA:115,verifyGlyph
FNDA:17,diffCards
FNDA:2672,canonicalHash
FNDA:641,signReceipt
FNDA:16,verifyReceipt
FNDA:11,signManifest
FNDA:11,verifyManifest
[...]
BRDA:82,6,0,4
BRDA:94,7,0,0
BRDA:97,8,0,0
BRDA:105,9,0,6
BRDA:110,10,0,4
BRDA:132,11,0,2
BRDA:111,12,0,3
BRDA:125,13,0,0
BRDA:127,14,0,2
BRDA:128,15,0,1
BRDA:130,16,0,0
BRF:17
BRH:12
end_of_record
TN:
SF:packages/integrations/openai-agents/src/index.ts
FN:24,__name
FN:24,glyphsAsOpenAiAgentTools
FN:40,fromLexicon
FN:53,buildTool
FN:75,makeExecute
FNF:5
FNH:5
FNDA:4,__name
FNDA:4,glyphsAsOpenAiAgentTools
FNDA:2,fromLexicon
FNDA:4,buildTool
FNDA:6,makeExecute
DA:1,1
DA:2,1
DA:3,1
DA:4,1
DA:5,1
DA:6,1
DA:7,1
DA:8,1
DA:9,1
DA:10,1
DA:11,1
DA:12,1
DA:13,1
DA:14,1
DA:15,1
DA:16,1
DA:17,1
DA:18,1
DA:19,1
DA:20,1
DA:21,1
DA:22,1
DA:23,1
DA:24,4
DA:25,4
DA:26,4
DA:27,4
DA:28,4
DA:29,4
DA:30,4
DA:31,4
DA:32,4
DA:33,4
DA:34,4
DA:35,1
DA:36,1
DA:37,1
DA:38,1
DA:39,1
DA:40,1
DA:41,2
DA:42,2
DA:43,2
DA:44,2
DA:45,2
DA:46,2
DA:47,2
DA:48,2
DA:49,2
DA:50,2
DA:51,2
DA:52,1
DA:53,4
DA:54,4
DA:55,4
DA:56,4
DA:57,4
DA:58,4
DA:59,4
DA:60,4
DA:61,4
DA:62,4
DA:63,0
DA:64,0
DA:65,0
DA:66,0
DA:67,4
DA:68,4
DA:69,4
DA:70,4
DA:71,4
DA:72,4
DA:73,4
DA:74,1
DA:75,6
DA:76,6
DA:77,6
DA:78,6
DA:79,6
DA:80,6
DA:81,4
DA:82,3
DA:83,3
DA:84,3
DA:85,3
DA:86,3
DA:87,3
DA:88,3
DA:89,3
DA:90,3
DA:91,3
DA:92,3
DA:93,3
DA:94,3
DA:95,3
DA:96,0
DA:97,3
DA:98,3
DA:99,1
DA:100,3
DA:101,4
DA:102,4
DA:103,4
DA:104,6
LF:104
LH:99
BRDA:24,0,0,4
BRDA:24,1,0,4
BRDA:40,2,0,2
BRDA:45,3,0,2
BRDA:53,4,0,4
BRDA:62,5,0,0
BRDA:75,6,0,6
BRDA:80,7,0,4
BRDA:102,8,0,2
BRDA:81,9,0,3
BRDA:95,10,0,0
BRDA:97,11,0,2
BRDA:98,12,0,1
BRDA:100,13,0,0
BRF:14
BRH:11
end_of_record
TN:
SF:packages/integrations/vercel-ai/src/index.ts
FN:43,__name
FN:43,glyphsAsVercelAiTools
FN:61,fromLexicon
FN:77,buildTool
FN:98,makeExecute
FNF:5
FNH:5
FNDA:4,__name
FNDA:5,glyphsAsVercelAiTools
FNDA:2,fromLexicon
FNDA:5,buildTool
FNDA:7,makeExecute
DA:1,1
DA:2,1
DA:3,1
DA:4,1
DA:5,1
DA:6,1
DA:7,1
DA:8,1
DA:9,1
DA:10,1
DA:11,1
DA:12,1
DA:13,1
DA:14,1
DA:15,1
DA:16,1
DA:17,1
DA:18,1
DA:19,1
DA:20,1
DA:21,1
DA:22,1
DA:23,1
DA:24,1
DA:25,1
DA:26,1
DA:27,1
DA:28,1
DA:29,1
DA:30,1
DA:31,1
DA:32,1
DA:33,1
DA:34,1
DA:35,1
DA:36,1
DA:37,1
DA:38,1
DA:39,1
DA:40,1
DA:41,1
DA:42,1
DA:43,5
DA:44,5
DA:45,5
DA:46,5
DA:47,5
DA:48,5
DA:49,5
DA:50,5
DA:51,5
DA:52,5
DA:53,5
DA:54,1
DA:55,1
DA:56,1
DA:57,1
DA:58,1
DA:59,1
DA:60,1
DA:61,1
DA:62,2
DA:63,2
DA:64,2
DA:65,2
DA:66,2
DA:67,2
DA:68,2
DA:69,2
DA:70,2
DA:71,2
DA:72,2
DA:73,2
DA:74,2
DA:75,2
DA:76,1
DA:77,5
DA:78,5
DA:79,5
DA:80,5
DA:81,5
DA:82,5
DA:83,5
DA:84,5
DA:85,5
DA:86,5
DA:87,0
DA:88,0
DA:89,0
DA:90,0
DA:91,5
DA:92,5
DA:93,5
DA:94,5
DA:95,5
DA:96,5
DA:97,1
DA:98,7
DA:99,7
DA:100,7
DA:101,7
DA:102,7
DA:103,7
DA:104,5
DA:105,4
DA:106,4
DA:107,4
DA:108,4
DA:109,4
DA:110,4
DA:111,4
DA:112,4
DA:113,4
DA:114,4
DA:115,3
DA:116,3
DA:117,3
DA:118,3
DA:119,3
DA:120,3
DA:121,1
DA:122,4
DA:123,4
DA:124,4
DA:125,4
DA:126,4
DA:127,1
DA:128,4
DA:129,5
DA:130,5
DA:131,5
DA:132,7
LF:132
LH:128
BRDA:43,0,0,4
BRDA:43,1,0,5
BRDA:61,2,0,2
BRDA:77,3,0,5
BRDA:86,4,0,0
BRDA:98,5,0,7
BRDA:103,6,0,5
BRDA:130,7,0,2
BRDA:104,8,0,4
BRDA:114,9,0,3
BRDA:120,10,0,1
BRDA:125,11,0,3
BRDA:126,12,0,1
BRDA:128,13,0,0
BRF:14
BRH:12
end_of_record
TN:
SF:packages/resolver/src/embedding.ts
FN:6,__name
FN:6,cosineSimilarity
FN:25,EmbeddingScorer
FN:25,<instance_members_initializer>
FN:1,<static_initializer>
FN:27,rank
FN:43,createTransformersScorer
FNF:7
FNH:7
FNDA:3,__name
FNDA:2,cosineSimilarity
FNDA:1,EmbeddingScorer
FNDA:1,<instance_members_initializer>
FNDA:1,<static_initializer>
FNDA:1,rank
FNDA:1,createTransformersScorer
DA:1,1
DA:2,1
DA:3,1
DA:4,1
DA:5,1
DA:6,1
DA:7,1
DA:8,1
DA:9,1
DA:10,1
DA:11,1
DA:12,1
DA:13,1
DA:14,1
DA:15,1
DA:16,1
DA:17,1
DA:18,1
DA:19,1
DA:20,1
DA:21,1
DA:22,1
DA:23,1
DA:24,1
DA:25,1
DA:26,1
DA:27,1
DA:28,1
DA:29,1
DA:30,1
DA:31,1
DA:32,2
DA:33,2
DA:34,1
DA:35,1
DA:36,1
DA:37,1
DA:38,1
DA:39,1
DA:40,1
DA:41,1
DA:42,1
DA:43,1
DA:44,1
DA:45,1
DA:46,1
DA:47,1
DA:48,1
DA:49,1
DA:50,1
DA:51,1
DA:52,1
DA:53,1
DA:54,1
DA:55,1
DA:56,1
DA:57,1
DA:58,1
DA:59,0
DA:60,0
DA:61,0
DA:62,0
DA:63,0
DA:64,1
LF:64
LH:59
BRDA:6,0,0,3
BRDA:6,1,0,2
BRDA:10,2,0,4
BRDA:15,3,0,0
BRDA:25,4,0,1
BRDA:25,5,0,1
BRDA:1,6,0,1
BRDA:27,7,0,1
BRDA:28,8,0,0
BRDA:29,9,0,2
BRDA:31,10,0,2
BRDA:43,11,0,1
BRDA:52,12,0,0
BRDA:58,13,0,0
BRF:14
BRH:10
end_of_record
TN:
SF:packages/resolver/src/index.ts
FNF:0
FNH:0
DA:1,1
DA:2,1
DA:3,1
DA:4,1
LF:4
LH:4
BRF:0
BRH:0
end_of_record
TN:
SF:packages/resolver/src/resolver.ts
FN:12,__name
FN:55,tokenize
FN:62,queryTokens
FN:1,<static_initializer>
FN:73,rank
FN:1,<static_initializer>
FN:96,<instance_members_initializer>
FN:99,GlyphResolver
FN:104,resolve
FNF:9
FNH:9
FNDA:4,__name
FNDA:55,tokenize
FNDA:5,queryTokens
FNDA:1,<static_initializer>
FNDA:5,rank
FNDA:1,<static_initializer>
FNDA:4,<instance_members_initializer>
FNDA:4,GlyphResolver
FNDA:4,resolve
DA:1,1
DA:2,1
DA:3,1
DA:4,1
DA:5,1
DA:6,1
DA:7,1
DA:8,1
DA:9,1
DA:10,1
DA:11,1
DA:12,1
DA:13,1
DA:14,1
DA:15,1
DA:16,1
DA:17,1
DA:18,1
DA:19,1
DA:20,1
DA:21,1
DA:22,1
DA:23,1
DA:24,1
DA:25,1
DA:26,1
DA:27,1
DA:28,1
DA:29,1
DA:30,1
DA:31,1
DA:32,1
DA:33,1
DA:34,1
DA:35,1
DA:36,1
DA:37,1
DA:38,1
DA:39,1
DA:40,1
DA:41,1
DA:42,1
DA:43,1
DA:44,1
DA:45,1
DA:46,1
DA:47,1
DA:48,1
DA:49,1
DA:50,1
DA:51,1
DA:52,1
DA:53,1
DA:54,1
DA:55,1
DA:56,1
DA:57,1
DA:58,1
DA:59,1
DA:60,1
DA:61,1
DA:62,1
DA:63,1
DA:64,1
DA:65,1
DA:66,1
DA:67,1
DA:68,1
DA:69,1
DA:70,1
DA:71,1
DA:72,1
DA:73,1
DA:74,1
DA:75,1
DA:76,1
DA:77,1
DA:78,1
DA:79,1
DA:80,1
DA:81,1
DA:82,1
DA:83,1
DA:84,1
DA:85,1
DA:86,1
DA:87,1
DA:88,1
DA:89,1
DA:90,1
DA:91,1
DA:92,1
DA:93,1
DA:94,1
DA:95,1
DA:96,1
DA:97,4
DA:98,1
DA:99,1
DA:100,4
DA:101,4
DA:102,4
DA:103,1
DA:104,1
DA:105,4
DA:106,4
DA:107,4
DA:108,4
DA:109,4
DA:110,4
DA:111,4
DA:112,4
DA:113,4
DA:114,4
DA:115,4
DA:116,1
LF:116
LH:116
BRDA:12,0,0,4
BRDA:55,1,0,55
BRDA:59,2,0,170
BRDA:62,3,0,5
BRDA:65,4,0,0
BRDA:64,5,0,10
BRDA:1,6,0,1
BRDA:73,7,0,5
BRDA:75,8,0,0
BRDA:78,9,0,15
BRDA:82,10,0,30
BRDA:83,11,0,4
BRDA:83,12,0,26
BRDA:84,13,0,4
BRDA:1,14,0,1
BRDA:96,15,0,4
BRDA:99,16,0,4
BRDA:104,17,0,4
BRDA:108,18,0,2
BRDA:108,19,0,3
BRDA:109,20,0,2
BRDA:109,21,0,3
BRDA:112,22,0,11
BRDA:113,23,0,6
BRF:24
BRH:22
end_of_record
TN:
SF:packages/server/src/define.ts
FN:1,__name
FN:23,defineGlyph
FNF:2
FNH:2
FNDA:18,__name
FNDA:85,defineGlyph
DA:1,1
DA:2,1
DA:3,1
DA:4,1
DA:5,1
DA:6,1
DA:7,1
DA:8,1
DA:9,1
DA:10,1
DA:11,1
DA:12,1
DA:13,1
DA:14,1
DA:15,1
DA:16,1
DA:17,1
DA:18,1
DA:19,1
DA:20,1
DA:21,1
DA:22,1
DA:23,1
DA:24,85
DA:25,85
DA:26,85
DA:27,85
DA:28,85
DA:29,85
DA:30,85
DA:31,85
DA:32,85
DA:33,85
DA:34,85
DA:35,85
DA:36,85
DA:37,85
DA:38,85
DA:39,85
DA:40,85
DA:41,85
DA:42,85
DA:43,85
DA:44,85
DA:45,85
DA:46,85
DA:47,85
DA:48,2
DA:49,83
DA:50,85
DA:51,85
DA:52,85
DA:53,85
DA:54,85
DA:55,85
DA:56,85
DA:57,85
DA:58,85
DA:59,85
DA:60,85
DA:61,85
DA:62,85
DA:63,85
DA:64,85
DA:65,85
DA:66,85
DA:67,85
DA:68,85
DA:69,85
DA:70,85
DA:71,85
DA:72,85
DA:73,85
DA:74,85
DA:75,85
DA:76,85
LF:76
LH:76
BRDA:1,0,0,18
BRDA:23,1,0,85
BRDA:47,2,0,2
BRDA:48,3,0,83
BRDA:62,4,0,2
BRDA:62,5,0,83
BRF:6
BRH:6
end_of_record
TN:
SF:packages/server/src/errors.ts
FN:25,__name
FN:25,errorResponse
FNF:2
FNH:2
FNDA:19,__name
FNDA:99,errorResponse
DA:1,1
DA:2,1
DA:3,1
DA:4,1
DA:5,1
DA:6,1
DA:7,1
DA:8,1
DA:9,1
DA:10,1
DA:11,1
DA:12,1
DA:13,1
DA:14,1
DA:15,1
DA:16,1
DA:17,1
DA:18,1
DA:19,1
DA:20,1
DA:21,1
DA:22,1
DA:23,1
DA:24,1
DA:25,1
DA:26,99
DA:27,99
DA:28,99
DA:29,99
DA:30,99
DA:31,99
DA:32,99
DA:33,99
DA:34,99
DA:35,99
LF:35
LH:35
BRDA:25,0,0,19
BRDA:25,1,0,99
BRDA:33,2,0,40
BRF:3
BRH:3
end_of_record
TN:
SF:packages/server/src/index.ts
FNF:0
FNH:0
DA:1,1
DA:2,1
DA:3,1
DA:4,1
DA:5,1
DA:6,1
LF:6
LH:6
BRF:0
BRH:0
end_of_record
TN:
SF:packages/server/src/middleware.ts
FN:1,__name
FN:16,bearerToken
FN:22,sha256
FN:27,buildVerify
FN:48,authMiddleware
FN:68,rateLimitMiddleware
FN:101,clientKey
FNF:7
FNH:7
FNDA:114,__name
FNDA:465,bearerToken
FNDA:448,sha256
FNDA:17,buildVerify
FNDA:12,authMiddleware
FNDA:12,rateLimitMiddleware
FNDA:243,clientKey
DA:1,1
DA:2,1
DA:3,1
DA:4,1
DA:5,1
DA:6,1
DA:7,1
DA:8,1
DA:9,1
DA:10,1
DA:11,1
DA:12,1
DA:13,1
DA:14,1
DA:15,1
DA:16,465
DA:17,465
DA:18,465
DA:19,465
DA:20,1
DA:21,1
DA:22,448
DA:23,448
DA:24,448
DA:25,1
DA:26,1
DA:27,1
DA:28,17
DA:29,17
DA:30,17
DA:31,17
DA:32,17
DA:33,17
DA:34,17
DA:35,432
DA:36,432
DA:37,432
DA:38,432
DA:39,432
DA:40,432
DA:41,432
DA:42,17
DA:43,1
DA:44,1
DA:45,1
DA:46,1
DA:47,1
DA:48,1
DA:49,12
DA:50,12
DA:51,224
DA:52,224
DA:53,224
DA:54,9
DA:55,9
DA:56,224
DA:57,224
DA:58,12
DA:59,1
DA:60,1
DA:61,1
DA:62,1
DA:63,1
DA:64,1
DA:65,1
DA:66,1
DA:67,1
DA:68,1
DA:69,12
DA:70,12
DA:71,12
DA:72,12
DA:73,12
DA:74,248
DA:75,248
DA:76,243
DA:77,243
DA:78,243
DA:79,243
DA:80,248
DA:81,436
DA:82,2
DA:83,2
DA:84,2
DA:85,436
DA:86,248
DA:87,243
DA:88,248
DA:89,14
DA:90,14
DA:91,14
DA:92,248
DA:93,248
DA:94,12
DA:95,12
DA:96,12
DA:97,248
DA:98,248
DA:99,12
DA:100,1
DA:101,243
DA:102,243
DA:103,243
DA:104,243
DA:105,243
DA:106,243
DA:107,243
DA:108,243
DA:109,243
DA:110,28
DA:111,28
DA:112,243
LF:112
LH:112
BRDA:1,0,0,114
BRDA:16,1,0,465
BRDA:17,2,0,26
BRDA:18,3,0,439
BRDA:18,4,0,26
BRDA:22,5,0,448
BRDA:27,6,0,17
BRDA:28,7,0,1
BRDA:33,8,0,16
BRDA:33,9,0,0
BRDA:33,10,0,16
BRDA:34,11,0,432
BRDA:38,12,0,424
BRDA:40,13,0,8
BRDA:48,14,0,12
BRDA:50,15,0,224
BRDA:51,16,0,2
BRDA:52,17,0,222
BRDA:53,18,0,219
BRDA:53,19,0,9
BRDA:56,20,0,213
BRDA:68,21,0,12
BRDA:73,22,0,248
BRDA:74,23,0,5
BRDA:75,24,0,243
BRDA:80,25,0,436
BRDA:81,26,0,2
BRDA:83,27,0,0
BRDA:86,28,0,243
BRDA:88,29,0,229
BRDA:88,30,0,14
BRDA:92,31,0,243
BRDA:93,32,0,12
BRDA:97,33,0,231
BRDA:101,34,0,243
BRDA:106,35,0,220
BRDA:106,36,0,215
BRDA:107,37,0,28
BRDA:108,38,0,0
BRDA:109,39,0,28
BRF:40
BRH:37
end_of_record
TN:
SF:packages/server/src/policy.ts
FN:31,__name
FN:31,missingScopes
FNF:2
FNH:2
FNDA:18,__name
FNDA:662,missingScopes
DA:1,1
DA:2,1
DA:3,1
DA:4,1
DA:5,1
DA:6,1
DA:7,1
DA:8,1
DA:9,1
DA:10,1
DA:11,1
DA:12,1
DA:13,1
DA:14,1
DA:15,1
DA:16,1
DA:17,1
DA:18,1
DA:19,1
DA:20,1
DA:21,1
DA:22,1
DA:23,1
DA:24,1
DA:25,1
DA:26,1
DA:27,1
DA:28,1
DA:29,1
DA:30,1
DA:31,1
DA:32,662
DA:33,662
DA:34,662
DA:35,662
DA:36,662
DA:37,662
DA:38,662
LF:38
LH:38
BRDA:31,0,0,18
BRDA:31,1,0,662
BRDA:35,2,0,5
BRDA:35,3,0,657
BRDA:36,4,0,6
BRDA:36,5,0,5
BRDA:36,6,0,4
BRDA:36,7,0,1
BRDA:37,8,0,5
BRF:9
BRH:9
end_of_record
TN:
SF:packages/server/src/server.ts
FN:1,__name
FN:1,<static_initializer>
FN:1,<static_initializer>
FN:1,<static_initializer>
FN:46,readJson
FN:73,withTimeout
FN:1,<static_initializer>
FN:85,<instance_members_initializer>
FN:103,GlyphServer
FN:181,register
FN:201,registerManifest
FN:233,get fetch
FN:242,resolvePrincipal
FN:252,setupRoutes
FN:615,start
FNF:15
FNH:14
FNDA:108,__name
FNDA:18,<static_initializer>
FNDA:18,<static_initializer>
FNDA:18,<static_initializer>
FNDA:726,readJson
FNDA:641,withTimeout
FNDA:18,<static_initializer>
FNDA:69,<instance_members_initializer>
FNDA:69,GlyphServer
FNDA:92,register
FNDA:3,registerManifest
FNDA:124,get fetch
FNDA:662,resolvePrincipal
FNDA:65,setupRoutes
FNDA:0,start
DA:1,18
DA:2,18
DA:3,18
DA:4,18
DA:5,18
DA:6,18
DA:7,18
DA:8,18
DA:9,18
DA:10,18
DA:11,18
DA:12,18
DA:13,18
DA:14,18
DA:15,18
DA:16,18
DA:17,18
DA:18,18
DA:19,18
DA:20,18
DA:21,18
DA:22,18
DA:23,18
DA:24,18
DA:25,18
DA:26,18
DA:27,18
DA:28,18
DA:29,18
DA:30,18
DA:31,18
DA:32,18
DA:33,18
DA:34,18
DA:35,18
DA:36,18
DA:37,18
DA:38,18
DA:39,18
DA:40,18
DA:41,18
DA:42,18
DA:43,18
DA:44,18
DA:45,18
DA:46,18
DA:47,18
DA:48,18
DA:49,18
DA:50,18
DA:51,18
DA:52,18
DA:53,18
DA:54,18
DA:55,18
DA:56,18
DA:57,18
DA:58,18
DA:59,18
DA:60,18
DA:61,18
DA:62,18
DA:63,18
DA:64,18
DA:65,18
DA:66,18
DA:67,18
DA:68,18
DA:69,18
DA:70,18
DA:71,18
DA:72,18
DA:73,18
DA:74,18
DA:75,18
DA:76,18
DA:77,18
DA:78,18
DA:79,18
DA:80,18
DA:81,18
DA:82,18
DA:83,18
DA:84,18
DA:85,1
DA:86,69
DA:87,69
DA:88,69
DA:89,69
DA:90,69
DA:91,69
DA:92,69
DA:93,69
DA:94,69
DA:95,69
DA:96,69
DA:97,69
DA:98,69
DA:99,69
DA:100,69
DA:101,69
DA:102,1
DA:103,1
DA:104,69
DA:105,69
DA:106,69
DA:107,69
DA:108,69
DA:109,69
DA:110,69
DA:111,69
DA:112,69
DA:113,69
DA:114,69
DA:115,69
DA:116,69
DA:117,69
DA:118,69
DA:119,69
DA:120,69
DA:121,69
DA:122,69
DA:123,69
DA:124,69
DA:125,69
DA:126,69
DA:127,69
DA:128,69
DA:129,69
DA:130,69
DA:131,69
DA:132,69
DA:133,69
DA:134,69
DA:135,69
DA:136,69
DA:137,69
DA:138,69
DA:139,69
DA:140,69
DA:141,69
DA:142,7
DA:143,7
DA:144,7
DA:145,7
DA:146,7
DA:147,5
DA:148,5
DA:149,4
DA:150,4
DA:151,5
DA:152,1
DA:153,7
DA:154,69
DA:155,69
DA:156,69
DA:157,69
DA:158,69
DA:159,69
DA:160,69
DA:161,69
DA:162,69
DA:163,69
DA:164,69
DA:165,1
DA:166,69
DA:167,5
DA:168,64
DA:169,59
DA:170,59
DA:171,59
DA:172,0
DA:173,0
DA:174,0
DA:175,59
DA:176,59
DA:177,69
DA:178,65
DA:179,69
DA:180,1
DA:181,1
DA:182,92
DA:183,1
DA:184,1
DA:185,92
DA:186,91
DA:187,91
DA:188,91
DA:189,91
DA:190,91
DA:191,91
DA:192,92
DA:193,1
DA:194,1
DA:195,1
DA:196,1
DA:197,1
DA:198,1
DA:199,1
DA:200,1
DA:201,1
DA:202,3
DA:203,3
DA:204,3
DA:205,3
DA:206,3
DA:207,3
DA:208,3
DA:209,3
DA:210,3
DA:211,3
DA:212,1
DA:213,1
DA:214,2
DA:215,2
DA:216,2
DA:217,2
DA:218,2
DA:219,2
DA:220,2
DA:221,2
DA:222,2
DA:223,2
DA:224,2
DA:225,2
DA:226,2
DA:227,2
DA:228,2
DA:229,2
DA:230,3
DA:231,1
DA:232,1
DA:233,1
DA:234,124
DA:235,124
DA:236,1
DA:237,1
DA:238,1
DA:239,1
DA:240,1
DA:241,1
DA:242,1
DA:243,662
DA:244,662
DA:245,5
DA:246,6
DA:247,0
DA:248,0
DA:249,0
DA:250,662
DA:251,1
DA:252,1
DA:253,65
DA:254,65
DA:255,65
DA:256,7
DA:257,3
DA:258,3
DA:259,3
DA:260,3
DA:261,3
DA:262,3
DA:263,3
DA:264,7
DA:265,4
DA:266,4
DA:267,7
DA:268,0
DA:269,65
DA:270,65
DA:271,65
DA:272,65
DA:273,65
DA:274,6
DA:275,6
DA:276,6
DA:277,65
DA:278,65
DA:279,65
DA:280,13
DA:281,13
DA:282,13
DA:283,13
DA:284,13
DA:285,65
DA:286,65
DA:287,65
DA:288,65
DA:289,65
DA:290,7
DA:291,4
DA:292,4
DA:293,7
DA:294,3
DA:295,3
DA:296,6
DA:297,0
DA:298,0
DA:299,0
DA:300,0
DA:301,0
DA:302,0
DA:303,0
DA:304,0
DA:305,65
DA:306,65
DA:307,65
DA:308,53
DA:309,53
DA:310,53
DA:311,53
DA:312,53
DA:313,14
DA:314,14
DA:315,14
DA:316,14
DA:317,14
DA:318,14
DA:319,14
DA:320,14
DA:321,14
DA:322,14
DA:323,14
DA:324,53
DA:325,53
DA:326,39
DA:327,39
DA:328,39
DA:329,39
DA:330,53
DA:331,53
DA:332,53
DA:333,53
DA:334,65
DA:335,65
DA:336,65
DA:337,37
DA:338,37
DA:339,65
DA:340,65
DA:341,65
DA:342,98
DA:343,98
DA:344,98
DA:345,98
DA:346,14
DA:347,14
DA:348,14
DA:349,14
DA:350,14
DA:351,14
DA:352,98
DA:353,98
DA:354,98
DA:355,96
DA:356,65
DA:357,65
DA:358,65
DA:359,7
DA:360,7
DA:361,1
DA:362,1
DA:363,7
DA:364,7
DA:365,4
DA:366,4
DA:367,5
DA:368,65
DA:369,65
DA:370,65
DA:371,14
DA:372,14
DA:373,14
DA:374,14
DA:375,14
DA:376,14
DA:377,14
DA:378,1
DA:379,1
DA:380,1
DA:381,1
DA:382,1
DA:383,1
DA:384,1
DA:385,1
DA:386,14
DA:387,14
DA:388,14
DA:389,14
DA:390,13
DA:391,14
DA:392,0
DA:393,0
DA:394,0
DA:395,0
DA:396,0
DA:397,0
DA:398,0
DA:399,0
DA:400,14
DA:401,14
DA:402,13
DA:403,13
DA:404,14
DA:405,11
DA:406,11
DA:407,14
DA:408,14
DA:409,2
DA:410,2
DA:411,2
DA:412,4
DA:413,4
DA:414,2
DA:415,2
DA:416,2
DA:417,2
DA:418,2
DA:419,2
DA:420,2
DA:421,2
DA:422,2
DA:423,2
DA:424,14
DA:425,14
DA:426,11
DA:427,11
DA:428,11
DA:429,11
DA:430,11
DA:431,11
DA:432,11
DA:433,11
DA:434,11
DA:435,11
DA:436,11
DA:437,11
DA:438,11
DA:439,11
DA:440,11
DA:441,11
DA:442,65
DA:443,65
DA:444,65
DA:445,660
DA:446,660
DA:447,660
DA:448,660
DA:449,660
DA:450,659
DA:451,659
DA:452,659
DA:453,659
DA:454,660
DA:455,652
DA:456,652
DA:457,652
DA:458,660
DA:459,3
DA:460,3
DA:461,3
DA:462,3
DA:463,3
DA:464,3
DA:465,3
DA:466,3
DA:467,660
DA:468,660
DA:469,660
DA:470,660
DA:471,660
DA:472,660
DA:473,649
DA:474,660
DA:475,2
DA:476,2
DA:477,2
DA:478,2
DA:479,2
DA:480,2
DA:481,2
DA:482,2
DA:483,660
DA:484,660
DA:485,660
DA:486,660
DA:487,660
DA:488,9
DA:489,9
DA:490,9
DA:491,9
DA:492,9
DA:493,2
DA:494,2
DA:495,2
DA:496,2
DA:497,2
DA:498,2
DA:499,2
DA:500,2
DA:501,2
DA:502,2
DA:503,2
DA:504,2
DA:505,9
DA:506,7
DA:507,3
DA:508,3
DA:509,3
DA:510,3
DA:511,3
DA:512,3
DA:513,3
DA:514,7
DA:515,4
DA:516,4
DA:517,4
DA:518,4
DA:519,9
DA:520,1
DA:521,1
DA:522,1
DA:523,1
DA:524,1
DA:525,1
DA:526,1
DA:527,9
DA:528,660
DA:529,660
DA:530,660
DA:531,660
DA:532,660
DA:533,641
DA:534,641
DA:535,641
DA:536,641
DA:537,641
DA:538,641
DA:539,641
DA:540,641
DA:541,660
DA:542,6
DA:543,3
DA:544,3
DA:545,3
DA:546,3
DA:547,3
DA:548,3
DA:549,3
DA:550,6
DA:551,3
DA:552,3
DA:553,3
DA:554,5
DA:555,6
DA:556,6
DA:557,660
DA:558,635
DA:559,635
DA:560,660
DA:561,2
DA:562,2
DA:563,2
DA:564,2
DA:565,2
DA:566,2
DA:567,2
DA:568,2
DA:569,660
DA:570,660
DA:571,660
DA:572,660
DA:573,660
DA:574,633
DA:575,633
DA:576,633
DA:577,633
DA:578,633
DA:579,633
DA:580,633
DA:581,633
DA:582,633
DA:583,633
DA:584,633
DA:585,633
DA:586,633
DA:587,633
DA:588,633
DA:589,660
DA:590,660
DA:591,660
DA:592,660
DA:593,660
DA:594,660
DA:595,660
DA:596,8
DA:597,8
DA:598,8
DA:599,0
DA:600,0
DA:601,8
DA:602,660
DA:603,660
DA:604,633
DA:605,633
DA:606,633
DA:607,633
DA:608,633
DA:609,633
DA:610,633
DA:611,633
DA:612,65
DA:613,65
DA:614,1
DA:615,1
DA:616,0
DA:617,0
DA:618,0
DA:619,0
DA:620,0
DA:621,0
DA:622,0
DA:623,1
LF:623
LH:591
BRDA:1,0,0,108
BRDA:1,1,0,18
BRDA:1,2,0,18
BRDA:1,3,0,18
BRDA:46,4,0,726
BRDA:48,5,0,3
BRDA:50,6,0,2
BRDA:54,7,0,724
BRDA:57,8,0,723
BRDA:59,9,0,1
BRDA:62,10,0,722
BRDA:65,11,0,640
BRDA:65,12,0,1
BRDA:66,13,0,5
BRDA:67,14,0,4
BRDA:67,15,0,1
BRDA:69,16,0,0
BRDA:73,17,0,641
BRDA:75,18,0,641
BRDA:76,19,0,3
BRDA:81,20,0,641
BRDA:1,21,0,18
BRDA:85,22,0,69
BRDA:103,23,0,69
BRDA:140,24,0,24
BRDA:140,25,0,62
BRDA:141,26,0,7
BRDA:143,27,0,3
BRDA:144,28,0,3
BRDA:145,29,0,2
BRDA:145,30,0,1
BRDA:146,31,0,5
BRDA:148,32,0,4
BRDA:151,33,0,1
BRDA:155,34,0,65
BRDA:155,35,0,20
BRDA:155,36,0,65
BRDA:156,37,0,20
BRDA:157,38,0,20
BRDA:158,39,0,20
BRDA:158,40,0,64
BRDA:159,41,0,20
BRDA:160,42,0,20
BRDA:161,43,0,20
BRDA:162,44,0,20
BRDA:162,45,0,62
BRDA:163,46,0,20
BRDA:163,47,0,64
BRDA:164,48,0,20
BRDA:164,49,0,1
BRDA:166,50,0,64
BRDA:166,51,0,19
BRDA:166,52,0,5
BRDA:168,53,0,59
BRDA:171,54,0,0
BRDA:171,55,0,0
BRDA:177,56,0,65
BRDA:181,57,0,92
BRDA:182,58,0,1
BRDA:185,59,0,91
BRDA:201,60,0,3
BRDA:211,61,0,2
BRDA:211,62,0,1
BRDA:233,63,0,124
BRDA:242,64,0,662
BRDA:243,65,0,657
BRDA:244,66,0,6
BRDA:244,67,0,5
BRDA:246,68,0,0
BRDA:252,69,0,65
BRDA:273,70,0,6
BRDA:274,71,0,5
BRDA:274,72,0,1
BRDA:277,73,0,5
BRDA:255,74,0,7
BRDA:256,75,0,3
BRDA:264,76,0,4
BRDA:267,77,0,0
BRDA:279,78,0,13
BRDA:289,79,0,7
BRDA:290,80,0,4
BRDA:293,81,0,6
BRDA:293,82,0,3
BRDA:296,83,0,0
BRDA:307,84,0,53
BRDA:312,85,0,14
BRDA:320,86,0,1
BRDA:325,87,0,39
BRDA:330,88,0,0
BRDA:325,89,0,67
BRDA:336,90,0,37
BRDA:337,91,0,65
BRDA:341,92,0,98
BRDA:345,93,0,86
BRDA:345,94,0,14
BRDA:352,95,0,84
BRDA:352,96,0,12
BRDA:354,97,0,96
BRDA:354,98,0,11
BRDA:355,99,0,73
BRDA:358,100,0,7
BRDA:360,101,0,1
BRDA:363,102,0,6
BRDA:364,103,0,5
BRDA:364,104,0,4
BRDA:367,105,0,2
BRDA:370,106,0,14
BRDA:373,107,0,0
BRDA:377,108,0,1
BRDA:389,109,0,13
BRDA:391,110,0,0
BRDA:401,111,0,13
BRDA:404,112,0,11
BRDA:405,113,0,0
BRDA:408,114,0,13
BRDA:408,115,0,2
BRDA:411,116,0,4
BRDA:412,117,0,2
BRDA:425,118,0,11
BRDA:444,119,0,660
BRDA:447,120,0,1
BRDA:449,121,0,659
BRDA:454,122,0,652
BRDA:458,123,0,3
BRDA:472,124,0,649
BRDA:474,125,0,2
BRDA:487,126,0,647
BRDA:487,127,0,9
BRDA:492,128,0,2
BRDA:505,129,0,7
BRDA:506,130,0,3
BRDA:514,131,0,4
BRDA:519,132,0,1
BRDA:532,133,0,654
BRDA:532,134,0,641
BRDA:541,135,0,635
BRDA:541,136,0,6
BRDA:542,137,0,3
BRDA:550,138,0,5
BRDA:550,139,0,3
BRDA:554,140,0,0
BRDA:557,141,0,635
BRDA:560,142,0,2
BRDA:573,143,0,658
BRDA:573,144,0,633
BRDA:589,145,0,9
BRDA:589,146,0,624
BRDA:594,147,0,633
BRDA:595,148,0,8
BRDA:598,149,0,0
BRDA:603,150,0,633
BRDA:539,151,0,3
BRF:152
BRH:140
end_of_record
TN:
SF:packages/types/src/index.ts
FNF:0
FNH:0
DA:1,1
DA:2,1
DA:3,1
DA:4,1
DA:5,1
DA:6,1
DA:7,1
DA:8,1
DA:9,1
DA:10,1
DA:11,1
DA:12,1
DA:13,1
DA:14,1
DA:15,1
DA:16,1
DA:17,1
DA:18,1
DA:19,1
DA:20,1
DA:21,1
DA:22,1
DA:23,1
DA:24,1
DA:25,1
LF:25
LH:25
BRF:0
BRH:0
end_of_record
TN:
SF:packages/types/src/protocol.ts
FNF:0
FNH:0
DA:1,1
DA:2,1
DA:3,1
DA:4,1
DA:5,1
DA:6,1
DA:7,1
DA:8,1
DA:9,1
DA:10,1
DA:11,1
DA:12,1
DA:13,1
DA:14,1
DA:15,1
LF:15
LH:15
BRF:0
BRH:0
end_of_record
