TN:
SF:examples/05-hermes-integration/jail.ts
FN:10,__name
FN:18,escapes
FN:29,walkChain
FN:46,createJail
FNF:4
FNH:4
FNDA:30,__name
FNDA:11,escapes
FNDA:3,walkChain
FNDA:9,createJail
DA:1,1
DA:2,1
DA:3,1
DA:4,1
DA:5,1
DA:6,1
DA:7,1
DA:8,1
DA:9,1
DA:10,1
DA:11,1
DA:12,1
DA:13,1
DA:14,1
DA:15,1
DA:16,1
DA:17,1
DA:18,11
DA:19,11
DA:20,11
DA:21,1
DA:22,1
DA:23,1
DA:24,1
DA:25,1
DA:26,1
DA:27,1
DA:28,1
DA:29,3
DA:30,3
DA:31,3
DA:32,8
DA:33,8
DA:34,8
DA:35,8
DA:36,3
DA:37,3
DA:38,0
DA:39,8
DA:40,8
DA:41,8
DA:42,8
DA:43,3
DA:44,3
DA:45,1
DA:46,1
DA:47,9
DA:48,9
DA:49,9
DA:50,8
DA:51,8
DA:52,8
DA:53,8
DA:54,9
DA:55,9
DA:56,9
DA:57,9
DA:58,9
DA:59,9
DA:60,4
DA:61,4
DA:62,4
DA:63,4
DA:64,2
DA:65,2
DA:66,4
DA:67,4
DA:68,9
DA:69,9
DA:70,9
DA:71,9
DA:72,9
DA:73,9
DA:74,9
DA:75,5
DA:76,5
DA:77,5
DA:78,5
DA:79,1
DA:80,1
DA:81,5
DA:82,4
DA:83,4
DA:84,4
DA:85,4
DA:86,4
DA:87,4
DA:88,4
DA:89,5
DA:90,3
DA:91,3
DA:92,3
DA:93,3
DA:94,3
DA:95,3
DA:96,3
DA:97,3
DA:98,3
DA:99,3
DA:100,3
DA:101,3
DA:102,3
DA:103,3
DA:104,5
DA:105,0
DA:106,0
DA:107,0
DA:108,0
DA:109,0
DA:110,0
DA:111,5
DA:112,4
DA:113,4
DA:114,4
DA:115,5
DA:116,5
DA:117,9
DA:118,9
DA:119,9
LF:119
LH:112
BRDA:10,0,0,30
BRDA:18,1,0,11
BRDA:19,2,0,8
BRDA:29,3,0,3
BRDA:31,4,0,8
BRDA:35,5,0,5
BRDA:35,6,0,3
BRDA:37,7,0,0
BRDA:39,8,0,5
BRDA:39,9,0,0
BRDA:40,10,0,5
BRDA:41,11,0,0
BRDA:43,12,0,0
BRDA:46,13,0,9
BRDA:49,14,0,8
BRDA:50,15,0,0
BRDA:59,16,0,4
BRDA:62,17,0,3
BRDA:63,18,0,2
BRDA:66,19,0,1
BRDA:74,20,0,5
BRDA:78,21,0,1
BRDA:81,22,0,4
BRDA:89,23,0,3
BRDA:97,24,0,0
BRDA:98,25,0,0
BRDA:104,26,0,0
BRDA:111,27,0,4
BRDA:112,28,0,3
BRDA:115,29,0,1
BRF:30
BRH:22
end_of_record
TN:
SF:packages/adapters/mcp-server/src/index.ts
FN:37,__name
FN:68,mcpServerFromGlyph
FN:189,describeForMcp
FN:208,envelopeToMcpResult
FN:242,runStdioBridge
FNF:5
FNH:4
FNDA:16,__name
FNDA:6,mcpServerFromGlyph
FNDA:5,describeForMcp
FNDA:2,envelopeToMcpResult
FNDA:0,runStdioBridge
DA:1,1
DA:2,1
DA:3,1
DA:4,1
DA:5,1
DA:6,1
DA:7,1
DA:8,1
DA:9,1
DA:10,1
DA:11,1
DA:12,1
DA:13,1
DA:14,1
DA:15,1
DA:16,1
DA:17,1
DA:18,1
DA:19,1
DA:20,1
DA:21,1
DA:22,1
DA:23,1
DA:24,1
DA:25,1
DA:26,1
DA:27,1
DA:28,1
DA:29,1
DA:30,1
DA:31,1
DA:32,1
DA:33,1
DA:34,1
DA:35,1
DA:36,1
DA:37,16
DA:38,1
DA:39,1
DA:40,1
DA:41,1
DA:42,1
DA:43,1
DA:44,1
DA:45,1
DA:46,1
DA:47,1
DA:48,1
DA:49,1
DA:50,1
DA:51,1
DA:52,1
DA:53,1
DA:54,1
DA:55,1
DA:56,1
DA:57,1
DA:58,1
DA:59,1
DA:60,1
DA:61,1
DA:62,1
DA:63,1
DA:64,1
DA:65,1
DA:66,1
DA:67,1
DA:68,1
DA:69,6
DA:70,6
DA:71,6
DA:72,6
DA:73,6
DA:74,6
DA:75,6
DA:76,6
DA:77,6
DA:78,6
DA:79,6
DA:80,6
DA:81,6
DA:82,6
DA:83,6
DA:84,6
DA:85,6
DA:86,6
DA:87,6
DA:88,6
DA:89,6
DA:90,6
DA:91,6
DA:92,6
DA:93,16
DA:94,6
DA:95,6
DA:96,7
DA:97,7
DA:98,7
DA:99,7
DA:100,1
DA:101,1
DA:102,7
DA:103,6
DA:104,6
DA:105,7
DA:106,11
DA:107,11
DA:108,11
DA:109,11
DA:110,0
DA:111,0
DA:112,0
DA:113,0
DA:114,11
DA:115,11
DA:116,7
DA:117,6
DA:118,6
DA:119,7
DA:120,6
DA:121,6
DA:122,3
DA:123,3
DA:124,3
DA:125,5
DA:126,5
DA:127,5
DA:128,0
DA:129,0
DA:130,3
DA:131,3
DA:132,6
DA:133,6
DA:134,6
DA:135,4
DA:136,4
DA:137,4
DA:138,4
DA:139,4
DA:140,4
DA:141,4
DA:142,1
DA:143,1
DA:144,1
DA:145,1
DA:146,1
DA:147,4
DA:148,4
DA:149,4
DA:150,4
DA:151,1
DA:152,1
DA:153,1
DA:154,1
DA:155,1
DA:156,1
DA:157,1
DA:158,1
DA:159,1
DA:160,1
DA:161,4
DA:162,2
DA:163,2
DA:164,4
DA:165,4
DA:166,4
DA:167,4
DA:168,0
DA:169,0
DA:170,0
DA:171,0
DA:172,0
DA:173,0
DA:174,0
DA:175,0
DA:176,0
DA:177,0
DA:178,6
DA:179,6
DA:180,6
DA:181,6
DA:182,1
DA:183,1
DA:184,1
DA:185,1
DA:186,1
DA:187,1
DA:188,1
DA:189,5
DA:190,5
DA:191,5
DA:192,2
DA:193,2
DA:194,5
DA:195,5
DA:196,5
DA:197,5
DA:198,5
DA:199,5
DA:200,1
DA:201,1
DA:202,1
DA:203,1
DA:204,1
DA:205,1
DA:206,1
DA:207,1
DA:208,2
DA:209,2
DA:210,2
DA:211,2
DA:212,2
DA:213,2
DA:214,2
DA:215,2
DA:216,0
DA:217,2
DA:218,2
DA:219,2
DA:220,2
DA:221,2
DA:222,0
DA:223,0
DA:224,0
DA:225,0
DA:226,0
DA:227,0
DA:228,0
DA:229,0
DA:230,0
DA:231,0
DA:232,0
DA:233,0
DA:234,0
DA:235,2
DA:236,2
DA:237,1
DA:238,1
DA:239,1
DA:240,1
DA:241,1
DA:242,0
DA:243,0
DA:244,0
DA:245,0
DA:246,0
DA:247,0
DA:248,0
DA:249,0
DA:250,1
DA:251,1
DA:252,1
DA:253,1
DA:254,1
DA:255,1
LF:255
LH:217
BRDA:37,0,0,16
BRDA:68,1,0,6
BRDA:92,2,0,16
BRDA:95,3,0,7
BRDA:99,4,0,1
BRDA:99,5,0,1
BRDA:102,6,0,6
BRDA:105,7,0,11
BRDA:109,8,0,0
BRDA:116,9,0,6
BRDA:121,10,0,3
BRDA:124,11,0,5
BRDA:127,12,0,0
BRDA:134,13,0,4
BRDA:139,14,0,1
BRDA:141,15,0,1
BRDA:150,16,0,3
BRDA:150,17,0,1
BRDA:161,18,0,2
BRDA:164,19,0,0
BRDA:166,20,0,2
BRDA:167,21,0,0
BRDA:189,22,0,5
BRDA:191,23,0,2
BRDA:194,24,0,2
BRDA:195,25,0,2
BRDA:196,26,0,2
BRDA:197,27,0,2
BRDA:197,28,0,3
BRDA:208,29,0,2
BRDA:215,30,0,0
BRDA:221,31,0,0
BRF:32
BRH:26
end_of_record
TN:
SF:packages/adapters/mcp-server/src/lazy.ts
FN:22,__name
FN:68,mcpServerFromGlyphLazy
FN:84,ensureIndex
FN:166,errorResult
FN:173,envelopeToMcpResult
FN:203,runStdioBridgeLazy
FNF:6
FNH:5
FNDA:14,__name
FNDA:6,mcpServerFromGlyphLazy
FNDA:5,ensureIndex
FNDA:2,errorResult
FNDA:1,envelopeToMcpResult
FNDA:0,runStdioBridgeLazy
DA:1,1
DA:2,1
DA:3,1
DA:4,1
DA:5,1
DA:6,1
DA:7,1
DA:8,1
DA:9,1
DA:10,1
DA:11,1
DA:12,1
DA:13,1
DA:14,1
DA:15,1
DA:16,1
DA:17,1
DA:18,1
DA:19,1
DA:20,1
DA:21,1
DA:22,14
DA:23,1
DA:24,1
DA:25,1
DA:26,1
DA:27,1
DA:28,1
DA:29,1
DA:30,1
DA:31,1
DA:32,1
DA:33,1
DA:34,1
DA:35,1
DA:36,1
DA:37,1
DA:38,1
DA:39,1
DA:40,1
DA:41,1
DA:42,1
DA:43,1
DA:44,1
DA:45,1
DA:46,1
DA:47,1
DA:48,1
DA:49,1
DA:50,1
DA:51,1
DA:52,1
DA:53,1
DA:54,1
DA:55,1
DA:56,1
DA:57,1
DA:58,1
DA:59,1
DA:60,1
DA:61,1
DA:62,1
DA:63,1
DA:64,1
DA:65,1
DA:66,1
DA:67,1
DA:68,1
DA:69,6
DA:70,6
DA:71,6
DA:72,6
DA:73,6
DA:74,6
DA:75,6
DA:76,6
DA:77,6
DA:78,6
DA:79,6
DA:80,6
DA:81,6
DA:82,6
DA:83,6
DA:84,6
DA:85,5
DA:86,5
DA:87,5
DA:88,10
DA:89,10
DA:90,10
DA:91,5
DA:92,5
DA:93,6
DA:94,6
DA:95,1
DA:96,6
DA:97,6
DA:98,6
DA:99,5
DA:100,5
DA:101,5
DA:102,1
DA:103,1
DA:104,2
DA:105,2
DA:106,2
DA:107,1
DA:108,1
DA:109,1
DA:110,1
DA:111,1
DA:112,5
DA:113,2
DA:114,2
DA:115,2
DA:116,0
DA:117,0
DA:118,2
DA:119,2
DA:120,1
DA:121,1
DA:122,1
DA:123,1
DA:124,1
DA:125,1
DA:126,1
DA:127,1
DA:128,1
DA:129,1
DA:130,1
DA:131,1
DA:132,1
DA:133,1
DA:134,1
DA:135,2
DA:136,2
DA:137,2
DA:138,2
DA:139,2
DA:140,2
DA:141,2
DA:142,2
DA:143,2
DA:144,2
DA:145,1
DA:146,1
DA:147,1
DA:148,1
DA:149,1
DA:150,1
DA:151,2
DA:152,2
DA:153,2
DA:154,1
DA:155,5
DA:156,0
DA:157,0
DA:158,0
DA:159,0
DA:160,0
DA:161,6
DA:162,6
DA:163,6
DA:164,6
DA:165,1
DA:166,2
DA:167,2
DA:168,2
DA:169,2
DA:170,2
DA:171,2
DA:172,1
DA:173,1
DA:174,1
DA:175,1
DA:176,1
DA:177,1
DA:178,1
DA:179,1
DA:180,1
DA:181,0
DA:182,1
DA:183,1
DA:184,1
DA:185,1
DA:186,1
DA:187,0
DA:188,0
DA:189,0
DA:190,0
DA:191,0
DA:192,0
DA:193,0
DA:194,0
DA:195,0
DA:196,0
DA:197,0
DA:198,0
DA:199,0
DA:200,1
DA:201,1
DA:202,1
DA:203,0
DA:204,0
DA:205,0
DA:206,0
DA:207,0
DA:208,0
DA:209,0
DA:210,0
LF:210
LH:181
BRDA:22,0,0,14
BRDA:68,1,0,6
BRDA:84,2,0,5
BRDA:85,3,0,0
BRDA:87,4,0,10
BRDA:94,5,0,1
BRDA:98,6,0,5
BRDA:101,7,0,1
BRDA:112,8,0,4
BRDA:112,9,0,2
BRDA:115,10,0,0
BRDA:119,11,0,1
BRDA:137,12,0,0
BRDA:141,13,0,0
BRDA:143,14,0,0
BRDA:144,15,0,1
BRDA:151,16,0,0
BRDA:153,17,0,1
BRDA:155,18,0,0
BRDA:103,19,0,2
BRDA:166,20,0,2
BRDA:173,21,0,1
BRDA:180,22,0,0
BRDA:186,23,0,0
BRF:24
BRH:15
end_of_record
TN:
SF:packages/adapters/mcp/src/index.ts
FN:1,__name
FN:36,glyphsFromMcpTools
FN:85,glyphsFromMcpClient
FN:104,isDangerousName
FN:112,deriveCost
FN:130,buildHandler
FN:148,buildZodInput
FN:174,jsonTypeToZod
FN:232,toKebab
FNF:9
FNH:9
FNDA:17,__name
FNDA:20,glyphsFromMcpTools
FNDA:1,glyphsFromMcpClient
FNDA:40,isDangerousName
FNDA:40,deriveCost
FNDA:40,buildHandler
FNDA:40,buildZodInput
FNDA:59,jsonTypeToZod
FNDA:40,toKebab
DA:1,1
DA:2,1
DA:3,1
DA:4,1
DA:5,1
DA:6,1
DA:7,1
DA:8,1
DA:9,1
DA:10,1
DA:11,1
DA:12,1
DA:13,1
DA:14,1
DA:15,1
DA:16,1
DA:17,1
DA:18,1
DA:19,1
DA:20,1
DA:21,1
DA:22,1
DA:23,1
DA:24,1
DA:25,1
DA:26,1
DA:27,1
DA:28,1
DA:29,1
DA:30,1
DA:31,1
DA:32,1
DA:33,1
DA:34,1
DA:35,1
DA:36,1
DA:37,20
DA:38,20
DA:39,20
DA:40,20
DA:41,20
DA:42,20
DA:43,20
DA:44,20
DA:45,40
DA:46,40
DA:47,40
DA:48,40
DA:49,40
DA:50,40
DA:51,40
DA:52,40
DA:53,40
DA:54,40
DA:55,40
DA:56,40
DA:57,40
DA:58,40
DA:59,40
DA:60,40
DA:61,40
DA:62,40
DA:63,40
DA:64,40
DA:65,40
DA:66,40
DA:67,40
DA:68,40
DA:69,40
DA:70,40
DA:71,40
DA:72,40
DA:73,4
DA:74,36
DA:75,40
DA:76,40
DA:77,40
DA:78,20
DA:79,20
DA:80,1
DA:81,1
DA:82,1
DA:83,1
DA:84,1
DA:85,1
DA:86,1
DA:87,1
DA:88,1
DA:89,1
DA:90,1
DA:91,1
DA:92,1
DA:93,1
DA:94,1
DA:95,1
DA:96,1
DA:97,1
DA:98,1
DA:99,1
DA:100,1
DA:101,1
DA:102,1
DA:103,1
DA:104,40
DA:105,40
DA:106,40
DA:107,40
DA:108,40
DA:109,40
DA:110,40
DA:111,1
DA:112,40
DA:113,40
DA:114,40
DA:115,40
DA:116,40
DA:117,40
DA:118,40
DA:119,40
DA:120,40
DA:121,40
DA:122,40
DA:123,40
DA:124,40
DA:125,40
DA:126,40
DA:127,40
DA:128,40
DA:129,1
DA:130,40
DA:131,40
DA:132,40
DA:133,40
DA:134,40
DA:135,3
DA:136,3
DA:137,1
DA:138,1
DA:139,1
DA:140,1
DA:141,1
DA:142,1
DA:143,1
DA:144,3
DA:145,3
DA:146,40
DA:147,1
DA:148,40
DA:149,40
DA:150,40
DA:151,37
DA:152,37
DA:153,37
DA:154,40
DA:155,3
DA:156,3
DA:157,40
DA:158,37
DA:159,40
DA:160,40
DA:161,40
DA:162,40
DA:163,58
DA:164,58
DA:165,58
DA:166,40
DA:167,40
DA:168,1
DA:169,1
DA:170,1
DA:171,1
DA:172,1
DA:173,1
DA:174,59
DA:175,59
DA:176,59
DA:177,59
DA:178,59
DA:179,1
DA:180,1
DA:181,0
DA:182,1
DA:183,1
DA:184,1
DA:185,1
DA:186,59
DA:187,59
DA:188,59
DA:189,47
DA:190,47
DA:191,47
DA:192,47
DA:193,47
DA:194,47
DA:195,47
DA:196,59
DA:197,10
DA:198,59
DA:199,0
DA:200,0
DA:201,0
DA:202,0
DA:203,0
DA:204,0
DA:205,0
DA:206,0
DA:207,0
DA:208,0
DA:209,0
DA:210,59
DA:211,1
DA:212,1
DA:213,1
DA:214,1
DA:215,1
DA:216,1
DA:217,1
DA:218,1
DA:219,1
DA:220,1
DA:221,1
DA:222,1
DA:223,1
DA:224,1
DA:225,1
DA:226,0
DA:227,59
DA:228,0
DA:229,59
DA:230,59
DA:231,1
DA:232,40
DA:233,40
DA:234,40
DA:235,40
DA:236,40
DA:237,40
DA:238,40
LF:238
LH:224
BRDA:1,0,0,17
BRDA:36,1,0,20
BRDA:41,2,0,2
BRDA:42,3,0,2
BRDA:42,4,0,18
BRDA:44,5,0,40
BRDA:48,6,0,0
BRDA:51,7,0,32
BRDA:51,8,0,30
BRDA:52,9,0,3
BRDA:53,10,0,34
BRDA:72,11,0,38
BRDA:72,12,0,4
BRDA:73,13,0,36
BRDA:85,14,0,1
BRDA:90,15,0,1
BRDA:104,16,0,40
BRDA:112,17,0,40
BRDA:119,18,0,32
BRDA:119,19,0,12
BRDA:120,20,0,32
BRDA:120,21,0,30
BRDA:125,22,0,21
BRDA:125,23,0,19
BRDA:125,24,0,11
BRDA:125,25,0,8
BRDA:130,26,0,40
BRDA:134,27,0,3
BRDA:135,28,0,0
BRDA:136,29,0,1
BRDA:141,30,0,0
BRDA:144,31,0,2
BRDA:144,32,0,0
BRDA:139,33,0,1
BRDA:148,34,0,40
BRDA:150,35,0,37
BRDA:154,36,0,3
BRDA:157,37,0,37
BRDA:159,38,0,27
BRDA:159,39,0,10
BRDA:162,40,0,58
BRDA:164,41,0,38
BRDA:164,42,0,20
BRDA:166,43,0,37
BRDA:174,44,0,59
BRDA:175,45,0,0
BRDA:178,46,0,1
BRDA:178,47,0,1
BRDA:180,48,0,0
BRDA:187,49,0,58
BRDA:188,50,0,47
BRDA:190,51,0,0
BRDA:191,52,0,0
BRDA:192,53,0,0
BRDA:193,54,0,0
BRDA:196,55,0,10
BRDA:198,56,0,0
BRDA:210,57,0,1
BRDA:214,58,0,0
BRDA:221,59,0,0
BRDA:225,60,0,0
BRDA:227,61,0,0
BRDA:179,62,0,3
BRDA:232,63,0,40
BRF:64
BRH:49
end_of_record
TN:
SF:packages/adapters/openapi/src/index.ts
FN:1,__name
FN:63,glyphsFromOpenApi
FN:160,extractHost
FN:168,deriveCost
FN:179,toKebab
FN:187,operationName
FN:196,buildInputSchema
FN:211,buildOutputSchema
FN:220,buildZodInput
FN:239,jsonTypeToZod
FN:303,buildHandler
FN:361,appendQuery
FN:382,applySecurity
FN:425,parseResponse
FN:441,resolveRefs
FN:464,pointerLookup
FNF:16
FNH:16
FNDA:30,__name
FNDA:30,glyphsFromOpenApi
FNDA:2,extractHost
FNDA:68,deriveCost
FNDA:68,toKebab
FNDA:68,operationName
FNDA:68,buildInputSchema
FNDA:68,buildOutputSchema
FNDA:68,buildZodInput
FNDA:97,jsonTypeToZod
FNDA:68,buildHandler
FNDA:2,appendQuery
FNDA:7,applySecurity
FNDA:6,parseResponse
FNDA:912,resolveRefs
FNDA:56,pointerLookup
DA:1,1
DA:2,1
DA:3,1
DA:4,1
DA:5,1
DA:6,1
DA:7,1
DA:8,1
DA:9,1
DA:10,1
DA:11,1
DA:12,1
DA:13,1
DA:14,1
DA:15,1
DA:16,1
DA:17,1
DA:18,1
DA:19,1
DA:20,1
DA:21,1
DA:22,1
DA:23,1
DA:24,1
DA:25,1
DA:26,1
DA:27,1
DA:28,1
DA:29,1
DA:30,1
DA:31,1
DA:32,1
DA:33,1
DA:34,1
DA:35,1
DA:36,1
DA:37,1
DA:38,1
DA:39,1
DA:40,1
DA:41,1
DA:42,1
DA:43,1
DA:44,1
DA:45,1
DA:46,1
DA:47,1
DA:48,1
DA:49,1
DA:50,1
DA:51,1
DA:52,1
DA:53,1
DA:54,1
DA:55,1
DA:56,1
DA:57,1
DA:58,1
DA:59,1
DA:60,1
DA:61,1
DA:62,1
DA:63,1
DA:64,30
DA:65,30
DA:66,30
DA:67,30
DA:68,30
DA:69,30
DA:70,30
DA:71,30
DA:72,23
DA:73,23
DA:74,30
DA:75,4
DA:76,0
DA:77,0
DA:78,0
DA:79,0
DA:80,4
DA:81,4
DA:82,2
DA:83,2
DA:84,1
DA:85,1
DA:86,1
DA:87,1
DA:88,2
DA:89,4
DA:90,7
DA:91,2
DA:92,2
DA:93,2
DA:94,2
DA:95,2
DA:96,2
DA:97,2
DA:98,2
DA:99,1
DA:100,1
DA:101,1
DA:102,1
DA:103,30
DA:104,30
DA:105,30
DA:106,30
DA:107,30
DA:108,30
DA:109,40
DA:110,200
DA:111,200
DA:112,200
DA:113,200
DA:114,68
DA:115,68
DA:116,68
DA:117,68
DA:118,184
DA:119,200
DA:120,200
DA:121,200
DA:122,200
DA:123,200
DA:124,200
DA:125,200
DA:126,200
DA:127,200
DA:128,200
DA:129,200
DA:130,200
DA:131,200
DA:132,200
DA:133,200
DA:134,200
DA:135,200
DA:136,200
DA:137,200
DA:138,200
DA:139,200
DA:140,200
DA:141,200
DA:142,200
DA:143,67
DA:144,30
DA:145,38
DA:146,200
DA:147,200
DA:148,200
DA:149,200
DA:150,200
DA:151,200
DA:152,200
DA:153,40
DA:154,30
DA:155,30
DA:156,1
DA:157,1
DA:158,1
DA:159,1
DA:160,2
DA:161,2
DA:162,2
DA:163,2
DA:164,0
DA:165,0
DA:166,2
DA:167,1
DA:168,68
DA:169,68
DA:170,68
DA:171,68
DA:172,68
DA:173,68
DA:174,68
DA:175,68
DA:176,68
DA:177,68
DA:178,1
DA:179,68
DA:180,68
DA:181,68
DA:182,68
DA:183,68
DA:184,68
DA:185,68
DA:186,1
DA:187,68
DA:188,68
DA:189,68
DA:190,68
DA:191,68
DA:192,68
DA:193,68
DA:194,68
DA:195,1
DA:196,68
DA:197,68
DA:198,68
DA:199,68
DA:200,50
DA:201,50
DA:202,50
DA:203,68
DA:204,68
DA:205,15
DA:206,15
DA:207,15
DA:208,68
DA:209,68
DA:210,1
DA:211,68
DA:212,68
DA:213,68
DA:214,68
DA:215,68
DA:216,0
DA:217,68
DA:218,68
DA:219,1
DA:220,68
DA:221,68
DA:222,68
DA:223,50
DA:224,50
DA:225,0
DA:226,50
DA:227,50
DA:228,50
DA:229,68
DA:230,68
DA:231,15
DA:232,15
DA:233,0
DA:234,15
DA:235,15
DA:236,68
DA:237,68
DA:238,1
DA:239,97
DA:240,97
DA:241,97
DA:242,97
DA:243,97
DA:244,1
DA:245,1
DA:246,0
DA:247,1
DA:248,1
DA:249,1
DA:250,1
DA:251,97
DA:252,97
DA:253,97
DA:254,63
DA:255,63
DA:256,63
DA:257,63
DA:258,63
DA:259,63
DA:260,63
DA:261,97
DA:262,15
DA:263,97
DA:264,0
DA:265,0
DA:266,0
DA:267,97
DA:268,2
DA:269,2
DA:270,2
DA:271,2
DA:272,0
DA:273,2
DA:274,2
DA:275,97
DA:276,16
DA:277,16
DA:278,16
DA:279,16
DA:280,16
DA:281,16
DA:282,16
DA:283,16
DA:284,16
DA:285,30
DA:286,30
DA:287,30
DA:288,16
DA:289,16
DA:290,16
DA:291,0
DA:292,97
DA:293,0
DA:294,97
DA:295,97
DA:296,1
DA:297,1
DA:298,1
DA:299,1
DA:300,1
DA:301,1
DA:302,1
DA:303,68
DA:304,68
DA:305,68
DA:306,68
DA:307,68
DA:308,68
DA:309,68
DA:310,68
DA:311,68
DA:312,68
DA:313,68
DA:314,7
DA:315,7
DA:316,7
DA:317,7
DA:318,7
DA:319,7
DA:320,6
DA:321,6
DA:322,6
DA:323,6
DA:324,2
DA:325,2
DA:326,2
DA:327,2
DA:328,2
DA:329,6
DA:330,1
DA:331,1
DA:332,1
DA:333,1
DA:334,1
DA:335,6
DA:336,6
DA:337,7
DA:338,7
DA:339,7
DA:340,7
DA:341,7
DA:342,7
DA:343,7
DA:344,7
DA:345,7
DA:346,7
DA:347,7
DA:348,7
DA:349,1
DA:350,1
DA:351,1
DA:352,7
DA:353,7
DA:354,7
DA:355,1
DA:356,1
DA:357,7
DA:358,7
DA:359,68
DA:360,1
DA:361,2
DA:362,2
DA:363,2
DA:364,2
DA:365,2
DA:366,2
DA:367,2
DA:368,2
DA:369,2
DA:370,1
DA:371,1
DA:372,1
DA:373,2
DA:374,0
DA:375,0
DA:376,0
DA:377,0
DA:378,0
DA:379,2
DA:380,2
DA:381,1
DA:382,7
DA:383,7
DA:384,7
DA:385,7
DA:386,7
DA:387,7
DA:388,7
DA:389,7
DA:390,2
DA:391,2
DA:392,2
DA:393,2
DA:394,2
DA:395,1
DA:396,1
DA:397,1
DA:398,1
DA:399,1
DA:400,2
DA:401,0
DA:402,0
DA:403,0
DA:404,0
DA:405,0
DA:406,0
DA:407,0
DA:408,0
DA:409,2
DA:410,1
DA:411,1
DA:412,1
DA:413,1
DA:414,0
DA:415,0
DA:416,0
DA:417,0
DA:418,1
DA:419,2
DA:420,2
DA:421,2
DA:422,2
DA:423,7
DA:424,1
DA:425,6
DA:426,6
DA:427,6
DA:428,6
DA:429,6
DA:430,6
DA:431,6
DA:432,1
DA:433,1
DA:434,1
DA:435,0
DA:436,0
DA:437,1
DA:438,6
DA:439,6
DA:440,1
DA:441,912
DA:442,912
DA:443,912
DA:444,912
DA:445,912
DA:446,912
DA:447,912
DA:448,420
DA:449,420
DA:450,56
DA:451,56
DA:452,56
DA:453,56
DA:454,56
DA:455,420
DA:456,420
DA:457,569
DA:458,569
DA:459,420
DA:460,364
DA:461,912
DA:462,912
DA:463,1
DA:464,56
DA:465,56
DA:466,56
DA:467,56
DA:468,168
DA:469,168
DA:470,168
DA:471,168
DA:472,0
DA:473,0
DA:474,168
DA:475,56
DA:476,56
LF:476
LH:439
BRDA:1,0,0,30
BRDA:63,1,0,30
BRDA:67,2,0,0
BRDA:68,3,0,7
BRDA:71,4,0,23
BRDA:74,5,0,7
BRDA:74,6,0,4
BRDA:75,7,0,0
BRDA:81,8,0,2
BRDA:81,9,0,2
BRDA:83,10,0,1
BRDA:89,11,0,3
BRDA:90,12,0,3
BRDA:90,13,0,2
BRDA:98,14,0,1
BRDA:103,15,0,28
BRDA:103,16,0,26
BRDA:103,17,0,25
BRDA:104,18,0,16
BRDA:104,19,0,24
BRDA:105,20,0,24
BRDA:108,21,0,0
BRDA:108,22,0,40
BRDA:109,23,0,200
BRDA:111,24,0,132
BRDA:113,25,0,184
BRDA:113,26,0,68
BRDA:118,27,0,11
BRDA:119,28,0,40
BRDA:121,29,0,29
BRDA:142,30,0,67
BRDA:143,31,0,30
BRDA:144,32,0,38
BRDA:149,33,0,2
BRDA:149,34,0,66
BRDA:154,35,0,26
BRDA:160,36,0,2
BRDA:163,37,0,0
BRDA:168,38,0,68
BRDA:174,39,0,14
BRDA:174,40,0,54
BRDA:174,41,0,39
BRDA:174,42,0,15
BRDA:179,43,0,68
BRDA:187,44,0,68
BRDA:193,45,0,0
BRDA:196,46,0,68
BRDA:199,47,0,21
BRDA:199,48,0,50
BRDA:200,49,0,0
BRDA:201,50,0,34
BRDA:203,51,0,15
BRDA:204,52,0,15
BRDA:211,53,0,68
BRDA:212,54,0,0
BRDA:215,55,0,64
BRDA:215,56,0,31
BRDA:215,57,0,0
BRDA:217,58,0,31
BRDA:217,59,0,37
BRDA:213,60,0,68
BRDA:220,61,0,68
BRDA:222,62,0,21
BRDA:222,63,0,50
BRDA:224,64,0,0
BRDA:227,65,0,34
BRDA:227,66,0,16
BRDA:229,67,0,15
BRDA:230,68,0,15
BRDA:232,69,0,0
BRDA:234,70,0,0
BRDA:239,71,0,97
BRDA:240,72,0,0
BRDA:243,73,0,1
BRDA:243,74,0,1
BRDA:245,75,0,0
BRDA:252,76,0,96
BRDA:253,77,0,63
BRDA:255,78,0,0
BRDA:256,79,0,0
BRDA:257,80,0,0
BRDA:258,81,0,0
BRDA:261,82,0,15
BRDA:263,83,0,0
BRDA:267,84,0,2
BRDA:271,85,0,0
BRDA:275,86,0,16
BRDA:279,87,0,0
BRDA:284,88,0,30
BRDA:286,89,0,0
BRDA:290,90,0,0
BRDA:292,91,0,0
BRDA:244,92,0,2
BRDA:303,93,0,68
BRDA:310,94,0,21
BRDA:313,95,0,7
BRDA:319,96,0,6
BRDA:321,97,0,0
BRDA:323,98,0,2
BRDA:329,99,0,1
BRDA:341,100,0,2
BRDA:342,101,0,1
BRDA:348,102,0,1
BRDA:348,103,0,1
BRDA:354,104,0,1
BRDA:357,105,0,6
BRDA:361,106,0,2
BRDA:369,107,0,1
BRDA:370,108,0,2
BRDA:373,109,0,0
BRDA:379,110,0,1
BRDA:382,111,0,7
BRDA:389,112,0,2
BRDA:393,113,0,0
BRDA:394,114,0,1
BRDA:394,115,0,1
BRDA:400,116,0,0
BRDA:400,117,0,0
BRDA:409,118,0,1
BRDA:409,119,0,1
BRDA:411,120,0,0
BRDA:412,121,0,0
BRDA:413,122,0,0
BRDA:425,123,0,6
BRDA:426,124,0,0
BRDA:428,125,0,5
BRDA:431,126,0,1
BRDA:431,127,0,0
BRDA:431,128,0,1
BRDA:434,129,0,0
BRDA:438,130,0,0
BRDA:441,131,0,912
BRDA:446,132,0,65
BRDA:447,133,0,847
BRDA:447,134,0,420
BRDA:449,135,0,56
BRDA:450,136,0,0
BRDA:452,137,0,0
BRDA:455,138,0,364
BRDA:456,139,0,569
BRDA:459,140,0,364
BRDA:461,141,0,427
BRDA:446,142,0,126
BRDA:464,143,0,56
BRDA:465,144,0,0
BRDA:467,145,0,168
BRDA:471,146,0,0
BRF:147
BRH:108
end_of_record
TN:
SF:packages/cli/src/commands/diff.ts
FN:1,__name
FN:15,runDiffCard
FN:28,formatDiff
FN:65,fmt
FNF:4
FNH:4
FNDA:3,__name
FNDA:2,runDiffCard
FNDA:2,formatDiff
FNDA:2,fmt
DA:1,1
DA:2,1
DA:3,1
DA:4,1
DA:5,1
DA:6,1
DA:7,1
DA:8,1
DA:9,1
DA:10,1
DA:11,1
DA:12,1
DA:13,1
DA:14,1
DA:15,2
DA:16,2
DA:17,2
DA:18,2
DA:19,2
DA:20,2
DA:21,2
DA:22,2
DA:23,2
DA:24,2
DA:25,2
DA:26,1
DA:27,1
DA:28,1
DA:29,2
DA:30,2
DA:31,2
DA:32,2
DA:33,2
DA:34,2
DA:35,2
DA:36,2
DA:37,2
DA:38,2
DA:39,2
DA:40,2
DA:41,1
DA:42,1
DA:43,1
DA:44,1
DA:45,1
DA:46,1
DA:47,1
DA:48,1
DA:49,1
DA:50,1
DA:51,1
DA:52,1
DA:53,1
DA:54,1
DA:55,2
DA:56,2
DA:57,2
DA:58,1
DA:59,0
DA:60,2
DA:61,2
DA:62,2
DA:63,1
DA:64,1
DA:65,2
DA:66,2
DA:67,2
DA:68,2
DA:69,2
LF:69
LH:68
BRDA:1,0,0,3
BRDA:15,1,0,2
BRDA:28,2,0,2
BRDA:34,3,0,0
BRDA:40,4,0,1
BRDA:47,5,0,0
BRDA:55,6,0,0
BRDA:55,7,0,1
BRDA:56,8,0,0
BRDA:56,9,0,1
BRDA:57,10,0,1
BRDA:58,11,0,0
BRDA:45,12,0,1
BRDA:65,13,0,2
BRDA:66,14,0,0
BRDA:67,15,0,0
BRDA:68,16,0,0
BRF:17
BRH:9
end_of_record
TN:
SF:packages/cli/src/commands/init.ts
FN:1,__name
FN:320,runInit
FN:421,promptInitProfile
FNF:3
FNH:2
FNDA:2,__name
FNDA:7,runInit
FNDA:0,promptInitProfile
DA:1,1
DA:2,1
DA:3,1
DA:4,1
DA:5,1
DA:6,1
DA:7,1
DA:8,1
DA:9,1
DA:10,1
DA:11,1
DA:12,1
DA:13,1
DA:14,1
DA:15,1
DA:16,1
DA:17,1
DA:18,1
DA:19,1
DA:20,1
DA:21,1
DA:22,1
DA:23,1
DA:24,1
DA:25,1
DA:26,1
DA:27,1
DA:28,1
DA:29,1
DA:30,1
DA:31,1
DA:32,1
DA:33,1
DA:34,1
DA:35,1
DA:36,1
DA:37,1
DA:38,1
DA:39,1
DA:40,1
DA:41,1
DA:42,1
DA:43,1
DA:44,1
DA:45,1
DA:46,1
DA:47,1
DA:48,1
DA:49,1
DA:50,1
DA:51,1
DA:52,1
DA:53,1
DA:54,1
DA:55,1
DA:56,1
DA:57,1
DA:58,1
DA:59,1
DA:60,1
DA:61,1
DA:62,1
DA:63,1
DA:64,1
DA:65,1
DA:66,1
DA:67,1
DA:68,1
DA:69,1
DA:70,1
DA:71,1
DA:72,1
DA:73,1
DA:74,1
DA:75,1
DA:76,1
DA:77,1
DA:78,1
DA:79,1
DA:80,1
DA:81,1
DA:82,1
DA:83,1
DA:84,1
DA:85,1
DA:86,1
DA:87,1
DA:88,1
DA:89,1
DA:90,1
DA:91,1
DA:92,1
DA:93,1
DA:94,1
DA:95,1
DA:96,1
DA:97,1
DA:98,1
DA:99,1
DA:100,1
DA:101,1
DA:102,1
DA:103,1
DA:104,1
DA:105,1
DA:106,1
DA:107,1
DA:108,1
DA:109,1
DA:110,1
DA:111,1
DA:112,1
DA:113,1
DA:114,1
DA:115,1
DA:116,1
DA:117,1
DA:118,1
DA:119,1
DA:120,1
DA:121,1
DA:122,1
DA:123,1
DA:124,1
DA:125,1
DA:126,1
DA:127,1
DA:128,1
DA:129,1
DA:130,1
DA:131,1
DA:132,1
DA:133,1
DA:134,1
DA:135,1
DA:136,1
DA:137,1
DA:138,1
DA:139,1
DA:140,1
DA:141,1
DA:142,1
DA:143,1
DA:144,1
DA:145,1
DA:146,1
DA:147,1
DA:148,1
DA:149,1
DA:150,1
DA:151,1
DA:152,1
DA:153,1
DA:154,1
DA:155,1
DA:156,1
DA:157,1
DA:158,1
DA:159,1
DA:160,1
DA:161,1
DA:162,1
DA:163,1
DA:164,1
DA:165,1
DA:166,1
DA:167,1
DA:168,1
DA:169,1
DA:170,1
DA:171,1
DA:172,1
DA:173,1
DA:174,1
DA:175,1
DA:176,1
DA:177,1
DA:178,1
DA:179,1
DA:180,1
DA:181,1
DA:182,1
DA:183,1
DA:184,1
DA:185,1
DA:186,1
DA:187,1
DA:188,1
DA:189,1
DA:190,1
DA:191,1
DA:192,1
DA:193,1
DA:194,1
DA:195,1
DA:196,1
DA:197,1
DA:198,1
DA:199,1
DA:200,1
DA:201,1
DA:202,1
DA:203,1
DA:204,1
DA:205,1
DA:206,1
DA:207,1
DA:208,1
DA:209,1
DA:210,1
DA:211,1
DA:212,1
DA:213,1
DA:214,1
DA:215,1
DA:216,1
DA:217,1
DA:218,1
DA:219,1
DA:220,1
DA:221,1
DA:222,1
DA:223,1
DA:224,1
DA:225,1
DA:226,1
DA:227,1
DA:228,1
DA:229,1
DA:230,1
DA:231,1
DA:232,1
DA:233,1
DA:234,1
DA:235,1
DA:236,1
DA:237,1
DA:238,1
DA:239,1
DA:240,1
DA:241,1
DA:242,1
DA:243,1
DA:244,1
DA:245,1
DA:246,1
DA:247,1
DA:248,1
DA:249,1
DA:250,1
DA:251,1
DA:252,1
DA:253,1
DA:254,1
DA:255,1
DA:256,1
DA:257,1
DA:258,1
DA:259,1
DA:260,1
DA:261,1
DA:262,1
DA:263,1
DA:264,1
DA:265,1
DA:266,1
DA:267,1
DA:268,1
DA:269,1
DA:270,1
DA:271,1
DA:272,1
DA:273,1
DA:274,1
DA:275,1
DA:276,1
DA:277,1
DA:278,1
DA:279,1
DA:280,1
DA:281,1
DA:282,1
DA:283,1
DA:284,1
DA:285,1
DA:286,1
DA:287,1
DA:288,1
DA:289,1
DA:290,1
DA:291,1
DA:292,1
DA:293,1
DA:294,1
DA:295,1
DA:296,1
DA:297,1
DA:298,1
DA:299,1
DA:300,1
DA:301,1
DA:302,1
DA:303,1
DA:304,1
DA:305,1
DA:306,1
DA:307,1
DA:308,1
DA:309,1
DA:310,1
DA:311,1
DA:312,1
DA:313,1
DA:314,1
DA:315,1
DA:316,1
DA:317,1
DA:318,1
DA:319,1
DA:320,7
DA:321,7
DA:322,7
DA:323,7
DA:324,7
DA:325,7
DA:326,7
DA:327,7
DA:328,7
DA:329,7
DA:330,0
DA:331,0
DA:332,0
DA:333,0
DA:334,7
DA:335,7
DA:336,7
DA:337,7
DA:338,1
DA:339,1
DA:340,7
DA:341,7
DA:342,6
DA:343,7
DA:344,5
DA:345,5
DA:346,7
DA:347,6
DA:348,6
DA:349,1
DA:350,5
DA:351,7
DA:352,7
DA:353,1
DA:354,1
DA:355,1
DA:356,1
DA:357,7
DA:358,7
DA:359,6
DA:360,1
DA:361,1
DA:362,1
DA:363,1
DA:364,1
DA:365,1
DA:366,5
DA:367,2
DA:368,2
DA:369,2
DA:370,2
DA:371,2
DA:372,2
DA:373,3
DA:374,1
DA:375,1
DA:376,1
DA:377,1
DA:378,1
DA:379,1
DA:380,2
DA:381,1
DA:382,1
DA:383,1
DA:384,1
DA:385,1
DA:386,1
DA:387,1
DA:388,1
DA:389,1
DA:390,1
DA:391,1
DA:392,1
DA:393,1
DA:394,1
DA:395,0
DA:396,7
DA:397,7
DA:398,7
DA:399,7
DA:400,7
DA:401,7
DA:402,7
DA:403,7
DA:404,7
DA:405,1
DA:406,1
DA:407,1
DA:408,1
DA:409,1
DA:410,1
DA:411,1
DA:412,1
DA:413,1
DA:414,1
DA:415,1
DA:416,1
DA:417,1
DA:418,1
DA:419,1
DA:420,1
DA:421,0
DA:422,0
DA:423,0
DA:424,0
DA:425,0
DA:426,0
DA:427,0
DA:428,0
DA:429,0
DA:430,0
DA:431,0
DA:432,0
DA:433,0
DA:434,0
DA:435,0
DA:436,0
DA:437,0
DA:438,0
DA:439,0
DA:440,0
LF:440
LH:415
BRDA:1,0,0,2
BRDA:320,1,0,7
BRDA:327,2,0,2
BRDA:329,3,0,0
BRDA:337,4,0,6
BRDA:337,5,0,1
BRDA:341,6,0,6
BRDA:343,7,0,5
BRDA:346,8,0,6
BRDA:348,9,0,1
BRDA:349,10,0,5
BRDA:352,11,0,6
BRDA:352,12,0,1
BRDA:358,13,0,6
BRDA:359,14,0,1
BRDA:365,15,0,5
BRDA:366,16,0,4
BRDA:366,17,0,2
BRDA:372,18,0,3
BRDA:373,19,0,1
BRDA:379,20,0,2
BRDA:380,21,0,1
BRDA:394,22,0,0
BRF:23
BRH:21
end_of_record
TN:
SF:packages/cli/src/commands/inspect.ts
FN:1,__name
FN:6,runInspect
FN:17,formatOverview
FN:35,formatCard
FNF:4
FNH:3
FNDA:3,__name
FNDA:0,runInspect
FNDA:1,formatOverview
FNDA:1,formatCard
DA:1,1
DA:2,1
DA:3,1
DA:4,1
DA:5,1
DA:6,0
DA:7,0
DA:8,0
DA:9,0
DA:10,0
DA:11,0
DA:12,0
DA:13,0
DA:14,0
DA:15,1
DA:16,1
DA:17,1
DA:18,1
DA:19,1
DA:20,1
DA:21,1
DA:22,1
DA:23,0
DA:24,0
DA:25,0
DA:26,1
DA:27,1
DA:28,1
DA:29,1
DA:30,1
DA:31,1
DA:32,1
DA:33,1
DA:34,1
DA:35,1
DA:36,1
DA:37,1
DA:38,1
DA:39,1
DA:40,1
DA:41,1
DA:42,1
DA:43,1
DA:44,1
DA:45,1
DA:46,1
LF:46
LH:34
BRDA:1,0,0,3
BRDA:17,1,0,1
BRDA:22,2,0,0
BRDA:35,3,0,1
BRDA:41,4,0,0
BRDA:41,5,0,0
BRDA:42,6,0,0
BRDA:44,7,0,0
BRF:8
BRH:3
end_of_record
TN:
SF:packages/cli/src/commands/manifest.ts
FN:1,__name
FN:17,runManifestVerify
FN:46,loadManifest
FNF:3
FNH:3
FNDA:2,__name
FNDA:2,runManifestVerify
FNDA:2,loadManifest
DA:1,1
DA:2,1
DA:3,1
DA:4,1
DA:5,1
DA:6,1
DA:7,1
DA:8,1
DA:9,1
DA:10,1
DA:11,1
DA:12,1
DA:13,1
DA:14,1
DA:15,1
DA:16,1
DA:17,2
DA:18,2
DA:19,2
DA:20,2
DA:21,0
DA:22,0
DA:23,0
DA:24,0
DA:25,0
DA:26,2
DA:27,2
DA:28,2
DA:29,2
DA:30,2
DA:31,2
DA:32,2
DA:33,2
DA:34,2
DA:35,2
DA:36,2
DA:37,2
DA:38,2
DA:39,2
DA:40,1
DA:41,1
DA:42,2
DA:43,2
DA:44,2
DA:45,1
DA:46,2
DA:47,2
DA:48,2
DA:49,0
DA:50,0
DA:51,0
DA:52,2
DA:53,2
DA:54,2
DA:55,2
DA:56,2
DA:57,2
DA:58,0
DA:59,0
DA:60,2
LF:60
LH:50
BRDA:1,0,0,2
BRDA:17,1,0,2
BRDA:20,2,0,0
BRDA:37,3,0,1
BRDA:38,4,0,1
BRDA:39,5,0,1
BRDA:46,6,0,2
BRDA:48,7,0,0
BRDA:57,8,0,0
BRF:9
BRH:6
end_of_record
TN:
SF:packages/cli/src/commands/pins.ts
FN:1,__name
FN:17,storeFor
FN:22,runPinsList
FN:48,runPinsApprove
FN:81,runPinsRevoke
FNF:5
FNH:5
FNDA:4,__name
FNDA:7,storeFor
FNDA:2,runPinsList
FNDA:4,runPinsApprove
FNDA:1,runPinsRevoke
DA:1,1
DA:2,1
DA:3,1
DA:4,1
DA:5,1
DA:6,1
DA:7,1
DA:8,1
DA:9,1
DA:10,1
DA:11,1
DA:12,1
DA:13,1
DA:14,1
DA:15,1
DA:16,1
DA:17,7
DA:18,7
DA:19,7
DA:20,1
DA:21,1
DA:22,2
DA:23,2
DA:24,2
DA:25,2
DA:26,2
DA:27,2
DA:28,1
DA:29,1
DA:30,1
DA:31,1
DA:32,1
DA:33,1
DA:34,1
DA:35,1
DA:36,1
DA:37,1
DA:38,1
DA:39,1
DA:40,1
DA:41,1
DA:42,2
DA:43,1
DA:44,1
DA:45,1
DA:46,1
DA:47,1
DA:48,4
DA:49,4
DA:50,4
DA:51,4
DA:52,4
DA:53,0
DA:54,0
DA:55,0
DA:56,0
DA:57,0
DA:58,4
DA:59,4
DA:60,4
DA:61,4
DA:62,4
DA:63,4
DA:64,4
DA:65,4
DA:66,4
DA:67,3
DA:68,3
DA:69,3
DA:70,3
DA:71,3
DA:72,4
DA:73,4
DA:74,4
DA:75,4
DA:76,1
DA:77,1
DA:78,1
DA:79,1
DA:80,1
DA:81,1
DA:82,1
DA:83,1
DA:84,1
DA:85,1
DA:86,0
DA:87,0
DA:88,1
DA:89,1
DA:90,1
DA:91,1
DA:92,1
DA:93,1
DA:94,1
DA:95,1
DA:96,1
DA:97,1
DA:98,1
DA:99,1
DA:100,1
DA:101,1
LF:101
LH:94
BRDA:15,0,0,0
BRDA:1,1,0,4
BRDA:17,2,0,7
BRDA:18,3,0,0
BRDA:22,4,0,2
BRDA:27,5,0,1
BRDA:32,6,0,0
BRDA:34,7,0,0
BRDA:48,8,0,4
BRDA:52,9,0,0
BRDA:66,10,0,3
BRDA:72,11,0,0
BRDA:81,12,0,1
BRDA:85,13,0,0
BRDA:95,14,0,0
BRF:15
BRH:7
end_of_record
TN:
SF:packages/cli/src/commands/verify.ts
FN:1,__name
FN:14,runVerify
FN:32,loadCard
FNF:3
FNH:3
FNDA:4,__name
FNDA:2,runVerify
FNDA:10,loadCard
DA:1,1
DA:2,1
DA:3,1
DA:4,1
DA:5,1
DA:6,1
DA:7,1
DA:8,1
DA:9,1
DA:10,1
DA:11,1
DA:12,1
DA:13,1
DA:14,2
DA:15,2
DA:16,2
DA:17,2
DA:18,2
DA:19,2
DA:20,2
DA:21,2
DA:22,2
DA:23,2
DA:24,2
DA:25,2
DA:26,2
DA:27,2
DA:28,2
DA:29,2
DA:30,1
DA:31,1
DA:32,10
DA:33,10
DA:34,10
DA:35,0
DA:36,0
DA:37,0
DA:38,10
DA:39,10
DA:40,10
DA:41,10
DA:42,10
DA:43,10
DA:44,0
DA:45,0
DA:46,10
LF:46
LH:41
BRDA:1,0,0,4
BRDA:14,1,0,2
BRDA:19,2,0,1
BRDA:22,3,0,0
BRDA:23,4,0,1
BRDA:24,5,0,1
BRDA:25,6,0,1
BRDA:32,7,0,10
BRDA:34,8,0,0
BRDA:43,9,0,0
BRF:10
BRH:7
end_of_record
TN:
SF:packages/cli/src/commands/import-mcp/emitter.ts
FN:1,__name
FN:12,emitServerProject
FN:40,renderServerTs
FN:83,renderPackageJson
FN:110,renderEnvExample
FN:126,renderReadme
FN:164,emitTopLevelIndex
FNF:7
FNH:6
FNDA:6,__name
FNDA:1,emitServerProject
FNDA:1,renderServerTs
FNDA:1,renderPackageJson
FNDA:1,renderEnvExample
FNDA:1,renderReadme
FNDA:0,emitTopLevelIndex
DA:1,1
DA:2,1
DA:3,1
DA:4,1
DA:5,1
DA:6,1
DA:7,1
DA:8,1
DA:9,1
DA:10,1
DA:11,1
DA:12,1
DA:13,1
DA:14,1
DA:15,1
DA:16,1
DA:17,1
DA:18,1
DA:19,1
DA:20,1
DA:21,2
DA:22,2
DA:23,2
DA:24,1
DA:25,1
DA:26,1
DA:27,1
DA:28,1
DA:29,1
DA:30,1
DA:31,1
DA:32,1
DA:33,1
DA:34,1
DA:35,1
DA:36,1
DA:37,1
DA:38,1
DA:39,1
DA:40,1
DA:41,1
DA:42,0
DA:43,0
DA:44,0
DA:45,1
DA:46,1
DA:47,1
DA:48,1
DA:49,1
DA:50,1
DA:51,0
DA:52,0
DA:53,0
DA:54,1
DA:55,1
DA:56,1
DA:57,1
DA:58,1
DA:59,1
DA:60,1
DA:61,1
DA:62,1
DA:63,1
DA:64,1
DA:65,1
DA:66,1
DA:67,1
DA:68,1
DA:69,1
DA:70,1
DA:71,1
DA:72,1
DA:73,1
DA:74,1
DA:75,1
DA:76,1
DA:77,1
DA:78,1
DA:79,1
DA:80,1
DA:81,1
DA:82,1
DA:83,1
DA:84,1
DA:85,1
DA:86,1
DA:87,1
DA:88,1
DA:89,1
DA:90,1
DA:91,1
DA:92,1
DA:93,1
DA:94,1
DA:95,1
DA:96,1
DA:97,1
DA:98,1
DA:99,1
DA:100,1
DA:101,1
DA:102,1
DA:103,1
DA:104,1
DA:105,1
DA:106,1
DA:107,1
DA:108,1
DA:109,1
DA:110,1
DA:111,1
DA:112,1
DA:113,1
DA:114,0
DA:115,0
DA:116,1
DA:117,1
DA:118,1
DA:119,1
DA:120,1
DA:121,1
DA:122,1
DA:123,1
DA:124,1
DA:125,1
DA:126,1
DA:127,1
DA:128,1
DA:129,1
DA:130,1
DA:131,1
DA:132,1
DA:133,1
DA:134,1
DA:135,1
DA:136,1
DA:137,1
DA:138,1
DA:139,1
DA:140,1
DA:141,1
DA:142,1
DA:143,1
DA:144,1
DA:145,1
DA:146,1
DA:147,1
DA:148,1
DA:149,1
DA:150,1
DA:151,1
DA:152,2
DA:153,1
DA:154,1
DA:155,1
DA:156,1
DA:157,1
DA:158,1
DA:159,1
DA:160,1
DA:161,1
DA:162,1
DA:163,1
DA:164,0
DA:165,0
DA:166,0
DA:167,0
DA:168,0
DA:169,0
DA:170,0
DA:171,0
DA:172,0
DA:173,0
DA:174,0
DA:175,0
DA:176,0
DA:177,0
DA:178,0
DA:179,0
DA:180,0
DA:181,0
DA:182,0
DA:183,0
DA:184,0
DA:185,0
DA:186,0
DA:187,0
LF:187
LH:155
BRDA:1,0,0,6
BRDA:12,1,0,1
BRDA:20,2,0,2
BRDA:40,3,0,1
BRDA:41,4,0,0
BRDA:46,5,0,0
BRDA:47,6,0,0
BRDA:50,7,0,0
BRDA:50,8,0,1
BRDA:83,9,0,1
BRDA:110,10,0,1
BRDA:111,11,0,0
BRDA:112,12,0,0
BRDA:113,13,0,0
BRDA:121,14,0,1
BRDA:126,15,0,1
BRDA:131,16,0,2
BRDA:132,17,0,2
BRDA:133,18,0,2
BRDA:151,19,0,2
BRDA:152,20,0,1
BRF:21
BRH:14
end_of_record
TN:
SF:packages/cli/src/commands/import-mcp/importer.ts
FN:1,__name
FN:16,importOneServer
FN:55,withTimeout
FNF:3
FNH:3
FNDA:2,__name
FNDA:1,importOneServer
FNDA:1,withTimeout
DA:1,1
DA:2,1
DA:3,1
DA:4,1
DA:5,1
DA:6,1
DA:7,1
DA:8,1
DA:9,1
DA:10,1
DA:11,1
DA:12,1
DA:13,1
DA:14,1
DA:15,1
DA:16,1
DA:17,1
DA:18,1
DA:19,1
DA:20,1
DA:21,0
DA:22,0
DA:23,0
DA:24,0
DA:25,0
DA:26,0
DA:27,0
DA:28,0
DA:29,1
DA:30,1
DA:31,1
DA:32,1
DA:33,1
DA:34,1
DA:35,1
DA:36,1
DA:37,1
DA:38,1
DA:39,1
DA:40,1
DA:41,0
DA:42,0
DA:43,0
DA:44,0
DA:45,0
DA:46,1
DA:47,1
DA:48,1
DA:49,1
DA:50,0
DA:51,0
DA:52,1
DA:53,1
DA:54,1
DA:55,1
DA:56,1
DA:57,1
DA:58,1
DA:59,1
DA:60,1
DA:61,1
DA:62,1
DA:63,1
DA:64,1
DA:65,1
DA:66,1
DA:67,1
DA:68,1
DA:69,1
LF:69
LH:54
BRDA:1,0,0,2
BRDA:16,1,0,1
BRDA:20,2,0,0
BRDA:40,3,0,0
BRDA:49,4,0,0
BRDA:55,5,0,1
BRDA:61,6,0,1
BRF:7
BRH:4
end_of_record
TN:
SF:packages/cli/src/commands/import-mcp/index.ts
FN:1,__name
FN:36,runImportMcp
FN:83,resolveConfigs
FN:105,interactiveSelect
FN:148,pickFromList
FN:179,printDryRunPlan
FN:193,safeDirName
FNF:7
FNH:4
FNDA:6,__name
FNDA:2,runImportMcp
FNDA:2,resolveConfigs
FNDA:0,interactiveSelect
FNDA:0,pickFromList
FNDA:1,printDryRunPlan
FNDA:0,safeDirName
DA:1,1
DA:2,1
DA:3,1
DA:4,1
DA:5,1
DA:6,1
DA:7,1
DA:8,1
DA:9,1
DA:10,1
DA:11,1
DA:12,1
DA:13,1
DA:14,1
DA:15,1
DA:16,1
DA:17,1
DA:18,1
DA:19,1
DA:20,1
DA:21,1
DA:22,1
DA:23,1
DA:24,1
DA:25,1
DA:26,1
DA:27,1
DA:28,1
DA:29,1
DA:30,1
DA:31,1
DA:32,1
DA:33,1
DA:34,1
DA:35,1
DA:36,2
DA:37,2
DA:38,2
DA:39,0
DA:40,0
DA:41,0
DA:42,0
DA:43,0
DA:44,2
DA:45,2
DA:46,1
DA:47,1
DA:48,1
DA:49,1
DA:50,1
DA:51,1
DA:52,1
DA:53,1
DA:54,1
DA:55,1
DA:56,1
DA:57,1
DA:58,1
DA:59,1
DA:60,0
DA:61,0
DA:62,0
DA:63,0
DA:64,0
DA:65,0
DA:66,0
DA:67,1
DA:68,1
DA:69,1
DA:70,1
DA:71,1
DA:72,1
DA:73,1
DA:74,2
DA:75,0
DA:76,0
DA:77,2
DA:78,1
DA:79,1
DA:80,1
DA:81,2
DA:82,1
DA:83,2
DA:84,2
DA:85,2
DA:86,2
DA:87,2
DA:88,0
DA:89,0
DA:90,0
DA:91,0
DA:92,0
DA:93,0
DA:94,0
DA:95,0
DA:96,0
DA:97,0
DA:98,0
DA:99,0
DA:100,0
DA:101,0
DA:102,0
DA:103,2
DA:104,1
DA:105,0
DA:106,0
DA:107,0
DA:108,0
DA:109,0
DA:110,0
DA:111,0
DA:112,0
DA:113,0
DA:114,0
DA:115,0
DA:116,0
DA:117,0
DA:118,0
DA:119,0
DA:120,0
DA:121,0
DA:122,0
DA:123,0
DA:124,0
DA:125,0
DA:126,0
DA:127,0
DA:128,0
DA:129,0
DA:130,0
DA:131,0
DA:132,0
DA:133,0
DA:134,0
DA:135,0
DA:136,0
DA:137,0
DA:138,0
DA:139,0
DA:140,0
DA:141,0
DA:142,0
DA:143,0
DA:144,0
DA:145,0
DA:146,0
DA:147,1
DA:148,0
DA:149,0
DA:150,0
DA:151,0
DA:152,0
DA:153,0
DA:154,0
DA:155,0
DA:156,0
DA:157,0
DA:158,0
DA:159,0
DA:160,0
DA:161,0
DA:162,0
DA:163,0
DA:164,0
DA:165,0
DA:166,0
DA:167,0
DA:168,0
DA:169,0
DA:170,0
DA:171,0
DA:172,0
DA:173,0
DA:174,0
DA:175,0
DA:176,0
DA:177,0
DA:178,1
DA:179,1
DA:180,1
DA:181,1
DA:182,1
DA:183,1
DA:184,1
DA:185,1
DA:186,0
DA:187,1
DA:188,1
DA:189,1
DA:190,1
DA:191,1
DA:192,1
DA:193,0
DA:194,0
DA:195,0
LF:195
LH:90
BRDA:1,0,0,6
BRDA:36,1,0,2
BRDA:38,2,0,0
BRDA:45,3,0,1
BRDA:59,4,0,0
BRDA:68,5,0,0
BRDA:74,6,0,0
BRDA:77,7,0,1
BRDA:83,8,0,2
BRDA:87,9,0,0
BRDA:179,10,0,1
BRDA:185,11,0,0
BRDA:185,12,0,0
BRF:13
BRH:6
end_of_record
TN:
SF:packages/cli/src/commands/import-mcp/manual.ts
FN:17,__name
FN:17,manualConfig
FN:38,slugFromUrl
FN:47,slugFromCommand
FNF:4
FNH:4
FNDA:3,__name
FNDA:5,manualConfig
FNDA:1,slugFromUrl
FNDA:3,slugFromCommand
DA:1,1
DA:2,1
DA:3,1
DA:4,1
DA:5,1
DA:6,1
DA:7,1
DA:8,1
DA:9,1
DA:10,1
DA:11,1
DA:12,1
DA:13,1
DA:14,1
DA:15,1
DA:16,1
DA:17,1
DA:18,5
DA:19,1
DA:20,1
DA:21,1
DA:22,1
DA:23,1
DA:24,1
DA:25,5
DA:26,3
DA:27,3
DA:28,3
DA:29,3
DA:30,3
DA:31,3
DA:32,3
DA:33,3
DA:34,3
DA:35,5
DA:36,5
DA:37,1
DA:38,1
DA:39,1
DA:40,1
DA:41,1
DA:42,1
DA:43,0
DA:44,0
DA:45,1
DA:46,1
DA:47,3
DA:48,3
DA:49,3
DA:50,3
DA:51,3
DA:52,3
LF:52
LH:50
BRDA:17,0,0,3
BRDA:17,1,0,5
BRDA:18,2,0,1
BRDA:25,3,0,4
BRDA:25,4,0,3
BRDA:27,5,0,0
BRDA:35,6,0,1
BRDA:38,7,0,1
BRDA:41,8,0,0
BRDA:42,9,0,0
BRDA:47,10,0,3
BRDA:50,11,0,0
BRDA:51,12,0,0
BRF:13
BRH:8
end_of_record
TN:
SF:packages/cli/src/commands/import-mcp/report.ts
FN:1,__name
FN:9,emitReport
FNF:2
FNH:2
FNDA:1,__name
FNDA:2,emitReport
DA:1,1
DA:2,1
DA:3,1
DA:4,1
DA:5,1
DA:6,1
DA:7,1
DA:8,1
DA:9,2
DA:10,2
DA:11,2
DA:12,2
DA:13,2
DA:14,2
DA:15,2
DA:16,2
DA:17,2
DA:18,2
DA:19,2
DA:20,1
DA:21,1
DA:22,1
DA:23,1
DA:24,1
DA:25,1
DA:26,1
DA:27,1
DA:28,2
DA:29,2
DA:30,0
DA:31,2
DA:32,2
DA:33,2
DA:34,2
DA:35,2
DA:36,2
DA:37,2
DA:38,2
DA:39,1
DA:40,1
DA:41,1
DA:42,2
DA:43,2
DA:44,2
DA:45,1
DA:46,1
DA:47,1
DA:48,1
DA:49,1
DA:50,1
DA:51,1
DA:52,1
DA:53,1
DA:54,1
DA:55,1
DA:56,1
DA:57,1
DA:58,2
DA:59,2
DA:60,2
DA:61,2
DA:62,2
LF:62
LH:61
BRDA:1,0,0,1
BRDA:9,1,0,2
BRDA:19,2,0,1
BRDA:29,3,0,0
BRDA:44,4,0,1
BRDA:54,5,0,0
BRDA:38,6,0,1
BRDA:40,7,0,2
BRDA:41,8,0,1
BRF:9
BRH:7
end_of_record
TN:
SF:packages/cli/src/commands/import-mcp/clients/claude-desktop.ts
FN:1,__name
FN:15,claudeDesktopConfigPath
FN:36,detect
FN:44,load
FN:54,parseClaudeDesktopJson
FNF:5
FNH:3
FNDA:2,__name
FNDA:1,claudeDesktopConfigPath
FNDA:0,detect
FNDA:0,load
FNDA:3,parseClaudeDesktopJson
DA:1,1
DA:2,1
DA:3,1
DA:4,1
DA:5,1
DA:6,1
DA:7,1
DA:8,1
DA:9,1
DA:10,1
DA:11,1
DA:12,1
DA:13,1
DA:14,1
DA:15,1
DA:16,1
DA:17,1
DA:18,1
DA:19,1
DA:20,1
DA:21,0
DA:22,0
DA:23,0
DA:24,0
DA:25,0
DA:26,0
DA:27,0
DA:28,0
DA:29,1
DA:30,1
DA:31,1
DA:32,1
DA:33,1
DA:34,1
DA:35,1
DA:36,1
DA:37,0
DA:38,0
DA:39,0
DA:40,0
DA:41,0
DA:42,0
DA:43,0
DA:44,1
DA:45,0
DA:46,0
DA:47,0
DA:48,1
DA:49,1
DA:50,1
DA:51,1
DA:52,1
DA:53,1
DA:54,1
DA:55,3
DA:56,3
DA:57,3
DA:58,3
DA:59,3
DA:60,3
DA:61,3
DA:62,1
DA:63,1
DA:64,1
DA:65,1
DA:66,3
DA:67,3
DA:68,3
DA:69,3
DA:70,5
DA:71,5
DA:72,5
DA:73,0
DA:74,0
DA:75,0
DA:76,5
DA:77,1
DA:78,1
DA:79,1
DA:80,5
DA:81,3
DA:82,3
DA:83,3
DA:84,3
DA:85,3
DA:86,3
DA:87,3
DA:88,0
DA:89,5
DA:90,5
DA:91,1
DA:92,1
DA:93,1
DA:94,1
DA:95,1
DA:96,2
DA:97,5
DA:98,5
DA:99,5
DA:100,3
DA:101,3
LF:101
LH:79
BRDA:1,0,0,2
BRDA:15,1,0,1
BRDA:20,2,0,0
BRDA:54,3,0,3
BRDA:61,4,0,1
BRDA:63,5,0,0
BRDA:66,6,0,2
BRDA:67,7,0,0
BRDA:69,8,0,5
BRDA:70,9,0,1
BRDA:71,10,0,4
BRDA:72,11,0,0
BRDA:76,12,0,4
BRDA:76,13,0,1
BRDA:80,14,0,3
BRDA:87,15,0,0
BRDA:90,16,0,1
BRDA:95,17,0,2
BRDA:100,18,0,2
BRDA:87,19,0,7
BRDA:93,20,0,1
BRF:21
BRH:16
end_of_record
TN:
SF:packages/cli/src/commands/import-mcp/clients/codex.ts
FN:1,__name
FN:16,projectPath
FN:20,tryRead
FN:32,detect
FN:35,load
FN:54,parseCodexToml
FNF:6
FNH:3
FNDA:3,__name
FNDA:1,projectPath
FNDA:0,tryRead
FNDA:0,detect
FNDA:0,load
FNDA:1,parseCodexToml
DA:1,1
DA:2,1
DA:3,1
DA:4,1
DA:5,1
DA:6,1
DA:7,1
DA:8,1
DA:9,1
DA:10,1
DA:11,1
DA:12,1
DA:13,1
DA:14,1
DA:15,1
DA:16,1
DA:17,1
DA:18,1
DA:19,1
DA:20,0
DA:21,0
DA:22,0
DA:23,0
DA:24,0
DA:25,0
DA:26,0
DA:27,1
DA:28,1
DA:29,1
DA:30,1
DA:31,1
DA:32,1
DA:33,0
DA:34,0
DA:35,1
DA:36,0
DA:37,0
DA:38,0
DA:39,0
DA:40,0
DA:41,0
DA:42,0
DA:43,0
DA:44,0
DA:45,0
DA:46,0
DA:47,1
DA:48,1
DA:49,1
DA:50,1
DA:51,1
DA:52,1
DA:53,1
DA:54,1
DA:55,1
DA:56,1
DA:57,1
DA:58,1
DA:59,0
DA:60,0
DA:61,0
DA:62,0
DA:63,1
DA:64,1
DA:65,1
DA:66,1
DA:67,2
DA:68,2
DA:69,2
DA:70,2
DA:71,2
DA:72,2
DA:73,2
DA:74,2
DA:75,2
DA:76,1
DA:77,1
DA:78,1
DA:79,1
DA:80,1
DA:81,1
DA:82,1
DA:83,1
DA:84,1
DA:85,1
DA:86,1
DA:87,2
DA:88,2
DA:89,1
DA:90,1
DA:91,1
DA:92,1
DA:93,1
DA:94,1
DA:95,1
DA:96,0
DA:97,2
DA:98,2
DA:99,1
DA:100,1
DA:101,1
DA:102,1
DA:103,1
DA:104,0
DA:105,2
DA:106,2
DA:107,2
DA:108,1
DA:109,1
LF:109
LH:83
BRDA:1,0,0,3
BRDA:16,1,0,1
BRDA:54,2,0,1
BRDA:58,3,0,0
BRDA:64,4,0,0
BRDA:66,5,0,2
BRDA:67,6,0,0
BRDA:75,7,0,1
BRDA:82,8,0,0
BRDA:87,9,0,0
BRDA:88,10,0,1
BRDA:95,11,0,0
BRDA:98,12,0,1
BRDA:103,13,0,0
BRDA:95,14,0,3
BRDA:101,15,0,1
BRF:16
BRH:9
end_of_record
TN:
SF:packages/cli/src/commands/import-mcp/clients/cursor.ts
FN:1,__name
FN:14,projectPath
FN:18,tryRead
FN:30,detect
FN:33,load
FNF:5
FNH:2
FNDA:2,__name
FNDA:1,projectPath
FNDA:0,tryRead
FNDA:0,detect
FNDA:0,load
DA:1,1
DA:2,1
DA:3,1
DA:4,1
DA:5,1
DA:6,1
DA:7,1
DA:8,1
DA:9,1
DA:10,1
DA:11,1
DA:12,1
DA:13,1
DA:14,1
DA:15,1
DA:16,1
DA:17,1
DA:18,0
DA:19,0
DA:20,0
DA:21,0
DA:22,0
DA:23,0
DA:24,0
DA:25,1
DA:26,1
DA:27,1
DA:28,1
DA:29,1
DA:30,1
DA:31,0
DA:32,0
DA:33,1
DA:34,0
DA:35,0
DA:36,0
DA:37,0
DA:38,0
DA:39,0
DA:40,0
DA:41,0
DA:42,0
DA:43,0
DA:44,0
DA:45,0
DA:46,0
DA:47,0
DA:48,0
DA:49,0
DA:50,1
LF:50
LH:25
BRDA:1,0,0,2
BRDA:14,1,0,1
BRF:2
BRH:2
end_of_record
TN:
SF:packages/cli/src/commands/import-mcp/clients/hermes-agent.ts
FN:15,detect
FN:18,load
FNF:2
FNH:0
FNDA:0,detect
FNDA:0,load
DA:1,1
DA:2,1
DA:3,1
DA:4,1
DA:5,1
DA:6,1
DA:7,1
DA:8,1
DA:9,1
DA:10,1
DA:11,1
DA:12,1
DA:13,1
DA:14,1
DA:15,1
DA:16,0
DA:17,0
DA:18,1
DA:19,0
DA:20,0
DA:21,0
DA:22,0
DA:23,0
DA:24,1
LF:24
LH:17
BRF:0
BRH:0
end_of_record
TN:
SF:packages/cli/src/commands/import-mcp/clients/index.ts
FNF:0
FNH:0
DA:1,1
DA:2,1
DA:3,1
DA:4,1
DA:5,1
DA:6,1
DA:7,1
DA:8,1
DA:9,1
DA:10,1
DA:11,1
DA:12,1
DA:13,1
DA:14,1
DA:15,1
DA:16,1
DA:17,1
DA:18,1
DA:19,1
DA:20,1
DA:21,1
DA:22,1
LF:22
LH:22
BRF:0
BRH:0
end_of_record
TN:
SF:packages/cli/src/commands/import-mcp/clients/openclaw.ts
FN:14,detect
FN:17,load
FNF:2
FNH:0
FNDA:0,detect
FNDA:0,load
DA:1,1
DA:2,1
DA:3,1
DA:4,1
DA:5,1
DA:6,1
DA:7,1
DA:8,1
DA:9,1
DA:10,1
DA:11,1
DA:12,1
DA:13,1
DA:14,1
DA:15,0
DA:16,0
DA:17,1
DA:18,0
DA:19,0
DA:20,0
DA:21,0
DA:22,0
DA:23,1
LF:23
LH:16
BRF:0
BRH:0
end_of_record
TN:
SF:packages/client/src/file-pin-store.ts
FN:1,__name
FN:1,<static_initializer>
FN:25,<instance_members_initializer>
FN:29,FilePinStore
FN:34,get
FN:39,set
FN:48,list
FN:53,load
FN:72,flush
FNF:9
FNH:9
FNDA:9,__name
FNDA:9,<static_initializer>
FNDA:13,<instance_members_initializer>
FNDA:13,FilePinStore
FNDA:8,get
FNDA:8,set
FNDA:3,list
FNDA:19,load
FNDA:8,flush
DA:1,9
DA:2,9
DA:3,9
DA:4,9
DA:5,9
DA:6,9
DA:7,9
DA:8,9
DA:9,9
DA:10,9
DA:11,9
DA:12,9
DA:13,9
DA:14,9
DA:15,9
DA:16,9
DA:17,9
DA:18,9
DA:19,9
DA:20,9
DA:21,9
DA:22,9
DA:23,9
DA:24,9
DA:25,1
DA:26,13
DA:27,13
DA:28,1
DA:29,1
DA:30,13
DA:31,13
DA:32,13
DA:33,1
DA:34,1
DA:35,8
DA:36,8
DA:37,8
DA:38,1
DA:39,1
DA:40,8
DA:41,8
DA:42,8
DA:43,8
DA:44,8
DA:45,8
DA:46,1
DA:47,1
DA:48,1
DA:49,3
DA:50,3
DA:51,3
DA:52,1
DA:53,1
DA:54,19
DA:55,19
DA:56,12
DA:57,12
DA:58,19
DA:59,1
DA:60,1
DA:61,12
DA:62,19
DA:63,7
DA:64,6
DA:65,7
DA:66,1
DA:67,1
DA:68,7
DA:69,19
DA:70,19
DA:71,1
DA:72,1
DA:73,8
DA:74,8
DA:75,8
DA:76,8
DA:77,8
DA:78,8
DA:79,8
DA:80,8
DA:81,8
DA:82,1
LF:82
LH:82
BRDA:1,0,0,9
BRDA:1,1,0,9
BRDA:25,2,0,13
BRDA:29,3,0,13
BRDA:30,4,0,0
BRDA:34,5,0,8
BRDA:36,6,0,7
BRDA:39,7,0,8
BRDA:43,8,0,8
BRDA:48,9,0,3
BRDA:53,10,0,19
BRDA:54,11,0,7
BRDA:55,12,0,12
BRDA:57,13,0,6
BRDA:58,14,0,5
BRDA:58,15,0,12
BRDA:58,16,0,1
BRDA:61,17,0,5
BRDA:62,18,0,7
BRDA:63,19,0,6
BRDA:65,20,0,1
BRDA:69,21,0,11
BRDA:72,22,0,8
BRF:23
BRH:22
end_of_record
TN:
SF:packages/client/src/index.ts
FN:1,__name
FN:1,<static_initializer>
FN:26,GlyphVerificationError
FN:1,<static_initializer>
FN:37,<instance_members_initializer>
FN:39,GlyphRevokedError
FN:1,<static_initializer>
FN:55,<instance_members_initializer>
FN:58,GlyphNotApprovedError
FN:1,<static_initializer>
FN:87,<instance_members_initializer>
FN:97,GlyphClient
FN:139,connect
FN:151,getLexicon
FN:155,getCard
FN:175,prepare
FN:182,call
FN:200,invoke
FN:214,inspectCard
FN:234,approveCard
FN:261,revokeTool
FN:284,inspectLexicon
FN:311,getManifest
FN:335,requirePins
FN:347,ensureApproved
FN:361,buildHeaders
FN:368,get
FN:378,post
FNF:28
FNH:26
FNDA:36,__name
FNDA:9,<static_initializer>
FNDA:3,GlyphVerificationError
FNDA:9,<static_initializer>
FNDA:3,<instance_members_initializer>
FNDA:3,GlyphRevokedError
FNDA:9,<static_initializer>
FNDA:4,<instance_members_initializer>
FNDA:4,GlyphNotApprovedError
FNDA:9,<static_initializer>
FNDA:43,<instance_members_initializer>
FNDA:43,GlyphClient
FNDA:12,connect
FNDA:14,getLexicon
FNDA:33,getCard
FNDA:0,prepare
FNDA:12,call
FNDA:0,invoke
FNDA:7,inspectCard
FNDA:15,approveCard
FNDA:5,revokeTool
FNDA:2,inspectLexicon
FNDA:4,getManifest
FNDA:29,requirePins
FNDA:12,ensureApproved
FNDA:70,buildHeaders
FNDA:47,get
FNDA:19,post
DA:1,9
DA:2,9
DA:3,9
DA:4,9
DA:5,9
DA:6,9
DA:7,9
DA:8,9
DA:9,9
DA:10,9
DA:11,9
DA:12,9
DA:13,9
DA:14,9
DA:15,9
DA:16,9
DA:17,9
DA:18,9
DA:19,9
DA:20,9
DA:21,9
DA:22,9
DA:23,9
DA:24,9
DA:25,9
DA:26,9
DA:27,9
DA:28,9
DA:29,9
DA:30,9
DA:31,9
DA:32,9
DA:33,9
DA:34,9
DA:35,9
DA:36,9
DA:37,9
DA:38,9
DA:39,9
DA:40,9
DA:41,9
DA:42,9
DA:43,9
DA:44,9
DA:45,9
DA:46,9
DA:47,9
DA:48,9
DA:49,9
DA:50,9
DA:51,9
DA:52,9
DA:53,9
DA:54,9
DA:55,9
DA:56,9
DA:57,9
DA:58,9
DA:59,9
DA:60,9
DA:61,9
DA:62,9
DA:63,9
DA:64,9
DA:65,9
DA:66,9
DA:67,9
DA:68,9
DA:69,9
DA:70,9
DA:71,9
DA:72,9
DA:73,9
DA:74,9
DA:75,9
DA:76,9
DA:77,9
DA:78,9
DA:79,9
DA:80,9
DA:81,9
DA:82,9
DA:83,9
DA:84,9
DA:85,9
DA:86,9
DA:87,1
DA:88,43
DA:89,43
DA:90,43
DA:91,43
DA:92,43
DA:93,43
DA:94,43
DA:95,43
DA:96,1
DA:97,1
DA:98,43
DA:99,43
DA:100,43
DA:101,43
DA:102,43
DA:103,43
DA:104,43
DA:105,43
DA:106,43
DA:107,43
DA:108,43
DA:109,43
DA:110,43
DA:111,43
DA:112,43
DA:113,43
DA:114,43
DA:115,43
DA:116,43
DA:117,43
DA:118,43
DA:119,43
DA:120,43
DA:121,43
DA:122,43
DA:123,43
DA:124,43
DA:125,43
DA:126,1
DA:127,1
DA:128,1
DA:129,1
DA:130,42
DA:131,42
DA:132,43
DA:133,43
DA:134,43
DA:135,43
DA:136,43
DA:137,43
DA:138,1
DA:139,1
DA:140,12
DA:141,12
DA:142,12
DA:143,12
DA:144,12
DA:145,12
DA:146,12
DA:147,12
DA:148,12
DA:149,12
DA:150,1
DA:151,1
DA:152,14
DA:153,14
DA:154,1
DA:155,1
DA:156,33
DA:157,33
DA:158,33
DA:159,33
DA:160,33
DA:161,33
DA:162,33
DA:163,33
DA:164,33
DA:165,33
DA:166,33
DA:167,1
DA:168,1
DA:169,33
DA:170,32
DA:171,33
DA:172,1
DA:173,1
DA:174,1
DA:175,1
DA:176,0
DA:177,0
DA:178,0
DA:179,0
DA:180,0
DA:181,1
DA:182,1
DA:183,12
DA:184,12
DA:185,12
DA:186,12
DA:187,12
DA:188,12
DA:189,7
DA:190,7
DA:191,7
DA:192,7
DA:193,7
DA:194,12
DA:195,12
DA:196,12
DA:197,12
DA:198,12
DA:199,1
DA:200,1
DA:201,0
DA:202,0
DA:203,0
DA:204,0
DA:205,0
DA:206,0
DA:207,0
DA:208,1
DA:209,1
DA:210,1
DA:211,1
DA:212,1
DA:213,1
DA:214,1
DA:215,7
DA:216,7
DA:217,7
DA:218,7
DA:219,7
DA:220,7
DA:221,2
DA:222,2
DA:223,7
DA:224,7
DA:225,1
DA:226,1
DA:227,1
DA:228,1
DA:229,1
DA:230,1
DA:231,1
DA:232,1
DA:233,1
DA:234,1
DA:235,15
DA:236,15
DA:237,15
DA:238,15
DA:239,0
DA:240,0
DA:241,15
DA:242,15
DA:243,15
DA:244,2
DA:245,2
DA:246,15
DA:247,13
DA:248,13
DA:249,13
DA:250,13
DA:251,13
DA:252,13
DA:253,15
DA:254,1
DA:255,1
DA:256,1
DA:257,1
DA:258,1
DA:259,1
DA:260,1
DA:261,1
DA:262,5
DA:263,5
DA:264,5
DA:265,1
DA:266,1
DA:267,1
DA:268,1
DA:269,5
DA:270,5
DA:271,4
DA:272,4
DA:273,4
DA:274,4
DA:275,4
DA:276,4
DA:277,5
DA:278,1
DA:279,1
DA:280,1
DA:281,1
DA:282,1
DA:283,1
DA:284,1
DA:285,2
DA:286,2
DA:287,2
DA:288,4
DA:289,4
DA:290,4
DA:291,4
DA:292,1
DA:293,3
DA:294,1
DA:295,2
DA:296,1
DA:297,1
DA:298,4
DA:299,4
DA:300,2
DA:301,2
DA:302,1
DA:303,1
DA:304,1
DA:305,1
DA:306,1
DA:307,1
DA:308,1
DA:309,1
DA:310,1
DA:311,1
DA:312,4
DA:313,4
DA:314,4
DA:315,4
DA:316,4
DA:317,4
DA:318,4
DA:319,4
DA:320,0
DA:321,0
DA:322,4
DA:323,4
DA:324,1
DA:325,1
DA:326,4
DA:327,1
DA:328,1
DA:329,1
DA:330,1
DA:331,1
DA:332,1
DA:333,4
DA:334,1
DA:335,1
DA:336,29
DA:337,0
DA:338,0
DA:339,29
DA:340,29
DA:341,1
DA:342,1
DA:343,1
DA:344,1
DA:345,1
DA:346,1
DA:347,1
DA:348,12
DA:349,12
DA:350,8
DA:351,8
DA:352,8
DA:353,8
DA:354,8
DA:355,1
DA:356,1
DA:357,8
DA:358,12
DA:359,1
DA:360,1
DA:361,1
DA:362,70
DA:363,70
DA:364,70
DA:365,70
DA:366,70
DA:367,1
DA:368,1
DA:369,47
DA:370,47
DA:371,47
DA:372,47
DA:373,47
DA:374,47
DA:375,47
DA:376,47
DA:377,1
DA:378,1
DA:379,19
DA:380,19
DA:381,19
DA:382,19
DA:383,19
DA:384,19
DA:385,19
DA:386,19
DA:387,0
DA:388,0
DA:389,0
DA:390,19
DA:391,19
DA:392,1
LF:392
LH:371
BRDA:1,0,0,36
BRDA:1,1,0,9
BRDA:26,2,0,3
BRDA:1,3,0,9
BRDA:37,4,0,3
BRDA:39,5,0,3
BRDA:41,6,0,2
BRDA:41,7,0,1
BRDA:1,8,0,9
BRDA:55,9,0,4
BRDA:58,10,0,4
BRDA:60,11,0,1
BRDA:61,12,0,3
BRDA:1,13,0,9
BRDA:87,14,0,43
BRDA:97,15,0,43
BRDA:125,16,0,2
BRDA:125,17,0,42
BRDA:125,18,0,1
BRDA:132,19,0,42
BRDA:134,20,0,41
BRDA:135,21,0,6
BRDA:139,22,0,12
BRDA:146,23,0,0
BRDA:151,24,0,14
BRDA:155,25,0,33
BRDA:159,26,0,21
BRDA:159,27,0,12
BRDA:166,28,0,32
BRDA:166,29,0,1
BRDA:169,30,0,32
BRDA:169,31,0,31
BRDA:169,32,0,32
BRDA:169,33,0,31
BRDA:182,34,0,12
BRDA:188,35,0,7
BRDA:194,36,0,0
BRDA:197,37,0,7
BRDA:214,38,0,7
BRDA:216,39,0,1
BRDA:219,40,0,6
BRDA:219,41,0,1
BRDA:220,42,0,5
BRDA:220,43,0,3
BRDA:220,44,0,2
BRDA:223,45,0,3
BRDA:234,46,0,15
BRDA:238,47,0,0
BRDA:243,48,0,4
BRDA:243,49,0,3
BRDA:243,50,0,2
BRDA:246,51,0,13
BRDA:261,52,0,5
BRDA:264,53,0,1
BRDA:269,54,0,4
BRDA:269,55,0,0
BRDA:270,56,0,4
BRDA:284,57,0,2
BRDA:287,58,0,4
BRDA:291,59,0,1
BRDA:292,60,0,3
BRDA:293,61,0,1
BRDA:294,62,0,2
BRDA:295,63,0,1
BRDA:311,64,0,4
BRDA:318,65,0,1
BRDA:319,66,0,3
BRDA:319,67,0,0
BRDA:322,68,0,3
BRDA:323,69,0,1
BRDA:326,70,0,2
BRDA:326,71,0,1
BRDA:335,72,0,29
BRDA:336,73,0,0
BRDA:347,74,0,12
BRDA:348,75,0,5
BRDA:349,76,0,8
BRDA:349,77,0,7
BRDA:350,78,0,4
BRDA:351,79,0,7
BRDA:351,80,0,0
BRDA:352,81,0,7
BRDA:353,82,0,2
BRDA:354,83,0,5
BRDA:354,84,0,1
BRDA:357,85,0,4
BRDA:361,86,0,70
BRDA:363,87,0,19
BRDA:364,88,0,2
BRDA:368,89,0,47
BRDA:374,90,0,0
BRDA:378,91,0,19
BRDA:386,92,0,0
BRF:93
BRH:84
end_of_record
TN:
SF:packages/client/src/pins.ts
FN:18,__name
FN:1,<static_initializer>
FN:19,<instance_members_initializer>
FN:21,get
FN:25,set
FNF:5
FNH:5
FNDA:9,__name
FNDA:9,<static_initializer>
FNDA:11,<instance_members_initializer>
FNDA:27,get
FNDA:13,set
DA:1,9
DA:2,9
DA:3,9
DA:4,9
DA:5,9
DA:6,9
DA:7,9
DA:8,9
DA:9,9
DA:10,9
DA:11,9
DA:12,9
DA:13,9
DA:14,9
DA:15,9
DA:16,9
DA:17,9
DA:18,9
DA:19,1
DA:20,1
DA:21,1
DA:22,27
DA:23,27
DA:24,1
DA:25,1
DA:26,13
DA:27,13
DA:28,1
LF:28
LH:28
BRDA:18,0,0,9
BRDA:1,1,0,9
BRDA:19,2,0,11
BRDA:21,3,0,27
BRDA:25,4,0,13
BRF:5
BRH:5
end_of_record
TN:
SF:packages/client/src/render.ts
FN:1,__name
FN:9,dataPreamble
FN:43,renderEnvelope
FNF:3
FNH:3
FNDA:18,__name
FNDA:1,dataPreamble
FNDA:8,renderEnvelope
DA:1,1
DA:2,1
DA:3,1
DA:4,1
DA:5,1
DA:6,1
DA:7,1
DA:8,1
DA:9,1
DA:10,1
DA:11,1
DA:12,1
DA:13,1
DA:14,1
DA:15,1
DA:16,1
DA:17,1
DA:18,1
DA:19,1
DA:20,1
DA:21,1
DA:22,1
DA:23,1
DA:24,1
DA:25,1
DA:26,1
DA:27,1
DA:28,1
DA:29,1
DA:30,1
DA:31,1
DA:32,1
DA:33,1
DA:34,1
DA:35,1
DA:36,1
DA:37,1
DA:38,1
DA:39,1
DA:40,1
DA:41,1
DA:42,1
DA:43,1
DA:44,8
DA:45,8
DA:46,8
DA:47,8
DA:48,1
DA:49,1
DA:50,1
DA:51,1
DA:52,8
DA:53,8
DA:54,8
DA:55,8
DA:56,8
DA:57,8
DA:58,8
DA:59,8
DA:60,8
DA:61,8
DA:62,8
DA:63,8
DA:64,8
DA:65,1
DA:66,1
DA:67,1
DA:68,1
DA:69,1
DA:70,8
DA:71,7
DA:72,7
DA:73,7
DA:74,8
LF:74
LH:74
BRDA:1,0,0,18
BRDA:9,1,0,1
BRDA:43,2,0,8
BRDA:47,3,0,2
BRDA:47,4,0,1
BRDA:53,5,0,7
BRDA:54,6,0,0
BRDA:64,7,0,1
BRDA:64,8,0,1
BRDA:70,9,0,7
BRF:10
BRH:9
end_of_record
TN:
SF:packages/conformance/src/conformance.ts
FN:1,__name
FN:35,runConformance
FN:110,formatReport
FN:137,formatReportMarkdown
FN:178,formatBadgeJson
FN:195,buildHttp
FNF:6
FNH:3
FNDA:5,__name
FNDA:2,runConformance
FNDA:0,formatReport
FNDA:0,formatReportMarkdown
FNDA:0,formatBadgeJson
FNDA:2,buildHttp
DA:1,1
DA:2,1
DA:3,1
DA:4,1
DA:5,1
DA:6,1
DA:7,1
DA:8,1
DA:9,1
DA:10,1
DA:11,1
DA:12,1
DA:13,1
DA:14,1
DA:15,1
DA:16,1
DA:17,1
DA:18,1
DA:19,1
DA:20,1
DA:21,1
DA:22,1
DA:23,1
DA:24,1
DA:25,1
DA:26,1
DA:27,1
DA:28,1
DA:29,1
DA:30,1
DA:31,1
DA:32,1
DA:33,1
DA:34,1
DA:35,2
DA:36,2
DA:37,2
DA:38,2
DA:39,2
DA:40,2
DA:41,2
DA:42,2
DA:43,2
DA:44,2
DA:45,2
DA:46,2
DA:47,2
DA:48,2
DA:49,2
DA:50,2
DA:51,2
DA:52,2
DA:53,2
DA:54,2
DA:55,2
DA:56,2
DA:57,2
DA:58,2
DA:59,2
DA:60,8
DA:61,8
DA:62,8
DA:63,2
DA:64,2
DA:65,2
DA:66,2
DA:67,0
DA:68,0
DA:69,0
DA:70,0
DA:71,0
DA:72,0
DA:73,0
DA:74,0
DA:75,0
DA:76,0
DA:77,0
DA:78,2
DA:79,2
DA:80,2
DA:81,2
DA:82,2
DA:83,2
DA:84,2
DA:85,2
DA:86,2
DA:87,2
DA:88,2
DA:89,2
DA:90,2
DA:91,2
DA:92,2
DA:93,2
DA:94,2
DA:95,2
DA:96,2
DA:97,2
DA:98,2
DA:99,2
DA:100,2
DA:101,2
DA:102,2
DA:103,2
DA:104,2
DA:105,2
DA:106,2
DA:107,2
DA:108,1
DA:109,1
DA:110,1
DA:111,0
DA:112,0
DA:113,0
DA:114,0
DA:115,0
DA:116,0
DA:117,0
DA:118,0
DA:119,0
DA:120,0
DA:121,0
DA:122,0
DA:123,0
DA:124,0
DA:125,0
DA:126,0
DA:127,0
DA:128,0
DA:129,0
DA:130,0
DA:131,0
DA:132,0
DA:133,0
DA:134,0
DA:135,1
DA:136,1
DA:137,1
DA:138,0
DA:139,0
DA:140,0
DA:141,0
DA:142,0
DA:143,0
DA:144,0
DA:145,0
DA:146,0
DA:147,0
DA:148,0
DA:149,0
DA:150,0
DA:151,0
DA:152,0
DA:153,0
DA:154,0
DA:155,0
DA:156,0
DA:157,0
DA:158,0
DA:159,0
DA:160,0
DA:161,0
DA:162,0
DA:163,0
DA:164,0
DA:165,0
DA:166,0
DA:167,0
DA:168,0
DA:169,0
DA:170,0
DA:171,0
DA:172,1
DA:173,1
DA:174,1
DA:175,1
DA:176,1
DA:177,1
DA:178,1
DA:179,0
DA:180,0
DA:181,0
DA:182,0
DA:183,0
DA:184,0
DA:185,0
DA:186,0
DA:187,0
DA:188,0
DA:189,0
DA:190,0
DA:191,0
DA:192,0
DA:193,0
DA:194,1
DA:195,2
DA:196,2
DA:197,2
DA:198,2
DA:199,2
DA:200,2
DA:201,13
DA:202,13
DA:203,4
DA:204,13
DA:205,0
DA:206,0
DA:207,0
DA:208,13
DA:209,13
DA:210,0
DA:211,0
DA:212,0
DA:213,0
DA:214,0
DA:215,13
DA:216,13
DA:217,13
DA:218,13
DA:219,13
DA:220,13
DA:221,9
DA:222,4
DA:223,0
DA:224,4
DA:225,13
DA:226,13
DA:227,13
DA:228,13
DA:229,13
DA:230,13
DA:231,13
DA:232,6
DA:233,6
DA:234,13
DA:235,13
DA:236,2
DA:237,1
DA:238,1
DA:239,1
LF:239
LH:146
BRDA:1,0,0,5
BRDA:35,1,0,2
BRDA:40,2,0,0
BRDA:42,3,0,0
BRDA:56,4,0,0
BRDA:59,5,0,8
BRDA:60,6,0,2
BRDA:61,7,0,6
BRDA:61,8,0,0
BRDA:66,9,0,0
BRDA:66,10,0,0
BRDA:93,11,0,1
BRDA:95,12,0,1
BRDA:40,13,0,0
BRDA:89,14,0,18
BRDA:90,15,0,18
BRDA:91,16,0,18
BRDA:92,17,0,18
BRDA:102,18,0,2
BRDA:195,19,0,2
BRDA:200,20,0,13
BRDA:202,21,0,4
BRDA:202,22,0,4
BRDA:204,23,0,9
BRDA:204,24,0,0
BRDA:208,25,0,0
BRDA:209,26,0,0
BRDA:220,27,0,9
BRDA:221,28,0,4
BRDA:222,29,0,0
BRDA:230,30,0,0
BRDA:231,31,0,6
BRF:32
BRH:20
end_of_record
TN:
SF:packages/conformance/src/fixtures.ts
FN:1,__name
FN:24,buildFixtureGlyphs
FN:107,registerFixtures
FNF:3
FNH:1
FNDA:2,__name
FNDA:0,buildFixtureGlyphs
FNDA:0,registerFixtures
DA:1,1
DA:2,1
DA:3,1
DA:4,1
DA:5,1
DA:6,1
DA:7,1
DA:8,1
DA:9,1
DA:10,1
DA:11,1
DA:12,1
DA:13,1
DA:14,1
DA:15,1
DA:16,1
DA:17,1
DA:18,1
DA:19,1
DA:20,1
DA:21,1
DA:22,1
DA:23,1
DA:24,1
DA:25,0
DA:26,0
DA:27,0
DA:28,0
DA:29,0
DA:30,0
DA:31,0
DA:32,0
DA:33,0
DA:34,0
DA:35,0
DA:36,0
DA:37,0
DA:38,0
DA:39,0
DA:40,0
DA:41,0
DA:42,0
DA:43,0
DA:44,0
DA:45,0
DA:46,0
DA:47,0
DA:48,0
DA:49,0
DA:50,0
DA:51,0
DA:52,0
DA:53,0
DA:54,0
DA:55,0
DA:56,0
DA:57,0
DA:58,0
DA:59,0
DA:60,0
DA:61,0
DA:62,0
DA:63,0
DA:64,0
DA:65,0
DA:66,0
DA:67,0
DA:68,0
DA:69,0
DA:70,0
DA:71,0
DA:72,0
DA:73,0
DA:74,0
DA:75,0
DA:76,0
DA:77,0
DA:78,0
DA:79,0
DA:80,0
DA:81,0
DA:82,0
DA:83,0
DA:84,0
DA:85,0
DA:86,0
DA:87,0
DA:88,0
DA:89,0
DA:90,0
DA:91,0
DA:92,0
DA:93,0
DA:94,0
DA:95,0
DA:96,0
DA:97,0
DA:98,0
DA:99,0
DA:100,0
DA:101,0
DA:102,0
DA:103,1
DA:104,1
DA:105,1
DA:106,1
DA:107,1
DA:108,0
DA:109,0
DA:110,0
LF:110
LH:29
BRDA:1,0,0,2
BRF:1
BRH:1
end_of_record
TN:
SF:packages/conformance/src/index.ts
FNF:0
FNH:0
DA:1,1
DA:2,1
DA:3,1
DA:4,1
DA:5,1
DA:6,1
DA:7,1
DA:8,1
DA:9,1
DA:10,1
DA:11,1
DA:12,1
DA:13,1
DA:14,1
DA:15,1
DA:16,1
DA:17,1
DA:18,1
DA:19,1
DA:20,1
DA:21,1
DA:22,1
LF:22
LH:22
BRF:0
BRH:0
end_of_record
TN:
SF:packages/conformance/src/schemas.ts
FN:1,__name
FN:14,load
FNF:2
FNH:2
FNDA:1,__name
FNDA:11,load
DA:1,1
DA:2,1
DA:3,1
DA:4,1
DA:5,1
DA:6,1
DA:7,1
DA:8,1
DA:9,1
DA:10,1
DA:11,1
DA:12,1
DA:13,1
DA:14,11
DA:15,11
DA:16,11
DA:17,11
DA:18,1
DA:19,1
DA:20,1
DA:21,1
DA:22,1
DA:23,1
DA:24,1
DA:25,1
DA:26,1
DA:27,1
DA:28,1
DA:29,1
DA:30,1
DA:31,1
DA:32,1
LF:32
LH:32
BRDA:1,0,0,1
BRDA:14,1,0,11
BRF:2
BRH:2
end_of_record
TN:
SF:packages/conformance/src/types.ts
FNF:0
FNH:0
DA:1,1
DA:2,1
DA:3,1
DA:4,1
DA:5,1
DA:6,1
DA:7,1
DA:8,1
DA:9,1
DA:10,1
DA:11,1
DA:12,1
DA:13,1
DA:14,1
DA:15,1
DA:16,1
DA:17,1
DA:18,1
DA:19,1
DA:20,1
DA:21,1
DA:22,1
DA:23,1
DA:24,1
DA:25,1
DA:26,1
DA:27,1
DA:28,1
DA:29,1
DA:30,1
DA:31,1
DA:32,1
DA:33,1
DA:34,1
DA:35,1
DA:36,1
DA:37,1
DA:38,1
DA:39,1
DA:40,1
DA:41,1
DA:42,1
DA:43,1
DA:44,1
DA:45,1
DA:46,1
DA:47,1
DA:48,1
DA:49,1
DA:50,1
DA:51,1
DA:52,1
DA:53,1
DA:54,1
DA:55,1
DA:56,1
DA:57,1
DA:58,1
DA:59,1
DA:60,1
DA:61,1
DA:62,1
DA:63,1
DA:64,1
DA:65,1
DA:66,1
DA:67,1
DA:68,1
DA:69,1
DA:70,1
DA:71,1
DA:72,1
DA:73,1
DA:74,1
DA:75,1
DA:76,1
DA:77,1
DA:78,1
DA:79,1
DA:80,1
DA:81,1
DA:82,1
DA:83,1
DA:84,1
DA:85,1
DA:86,1
DA:87,1
DA:88,1
DA:89,1
DA:90,1
DA:91,1
DA:92,1
DA:93,1
DA:94,1
DA:95,1
DA:96,1
DA:97,1
DA:98,1
DA:99,1
DA:100,1
DA:101,1
DA:102,1
DA:103,1
DA:104,1
DA:105,1
DA:106,1
DA:107,1
DA:108,1
DA:109,1
DA:110,1
DA:111,1
DA:112,1
DA:113,1
DA:114,1
DA:115,1
DA:116,1
DA:117,1
DA:118,1
DA:119,1
DA:120,1
DA:121,1
LF:121
LH:121
BRF:0
BRH:0
end_of_record
TN:
SF:packages/conformance/src/levels/discovery.ts
FN:1,__name
FN:216,errMsg
FNF:2
FNH:1
FNDA:4,__name
FNDA:0,errMsg
DA:1,1
DA:2,1
DA:3,1
DA:4,1
DA:5,1
DA:6,1
DA:7,1
DA:8,1
DA:9,1
DA:10,1
DA:11,1
DA:12,1
DA:13,1
DA:14,2
DA:15,2
DA:16,18
DA:17,18
DA:18,18
DA:19,18
DA:20,2
DA:21,2
DA:22,2
DA:23,2
DA:24,2
DA:25,2
DA:26,2
DA:27,1
DA:28,2
DA:29,2
DA:30,2
DA:31,2
DA:32,1
DA:33,1
DA:34,2
DA:35,2
DA:36,0
DA:37,0
DA:38,2
DA:39,2
DA:40,2
DA:41,2
DA:42,2
DA:43,2
DA:44,2
DA:45,2
DA:46,2
DA:47,2
DA:48,2
DA:49,2
DA:50,2
DA:51,2
DA:52,2
DA:53,1
DA:54,1
DA:55,2
DA:56,2
DA:57,2
DA:58,0
DA:59,0
DA:60,2
DA:61,2
DA:62,2
DA:63,2
DA:64,2
DA:65,2
DA:66,2
DA:67,2
DA:68,2
DA:69,2
DA:70,2
DA:71,1
DA:72,1
DA:73,2
DA:74,2
DA:75,2
DA:76,2
DA:77,1
DA:78,1
DA:79,1
DA:80,1
DA:81,2
DA:82,2
DA:83,0
DA:84,0
DA:85,2
DA:86,2
DA:87,2
DA:88,2
DA:89,2
DA:90,2
DA:91,2
DA:92,1
DA:93,2
DA:94,2
DA:95,2
DA:96,2
DA:97,1
DA:98,1
DA:99,2
DA:100,2
DA:101,2
DA:102,0
DA:103,0
DA:104,2
DA:105,2
DA:106,2
DA:107,2
DA:108,2
DA:109,1
DA:110,1
DA:111,1
DA:112,1
DA:113,1
DA:114,1
DA:115,1
DA:116,1
DA:117,1
DA:118,1
DA:119,1
DA:120,1
DA:121,1
DA:122,1
DA:123,1
DA:124,0
DA:125,1
DA:126,1
DA:127,1
DA:128,1
DA:129,1
DA:130,1
DA:131,1
DA:132,1
DA:133,0
DA:134,1
DA:135,1
DA:136,0
DA:137,0
DA:138,0
DA:139,0
DA:140,0
DA:141,0
DA:142,1
DA:143,0
DA:144,0
DA:145,0
DA:146,1
DA:147,2
DA:148,2
DA:149,2
DA:150,2
DA:151,2
DA:152,2
DA:153,2
DA:154,2
DA:155,2
DA:156,2
DA:157,1
DA:158,1
DA:159,2
DA:160,2
DA:161,2
DA:162,2
DA:163,1
DA:164,1
DA:165,1
DA:166,1
DA:167,2
DA:168,2
DA:169,0
DA:170,0
DA:171,2
DA:172,2
DA:173,2
DA:174,2
DA:175,2
DA:176,2
DA:177,2
DA:178,2
DA:179,2
DA:180,1
DA:181,1
DA:182,2
DA:183,2
DA:184,2
DA:185,2
DA:186,1
DA:187,1
DA:188,2
DA:189,2
DA:190,0
DA:191,0
DA:192,2
DA:193,2
DA:194,2
DA:195,2
DA:196,2
DA:197,2
DA:198,2
DA:199,2
DA:200,2
DA:201,2
DA:202,2
DA:203,2
DA:204,2
DA:205,2
DA:206,2
DA:207,0
DA:208,2
DA:209,2
DA:210,0
DA:211,0
DA:212,2
DA:213,2
DA:214,2
DA:215,1
DA:216,0
DA:217,0
DA:218,0
LF:218
LH:189
BRDA:1,0,0,4
BRDA:13,1,0,2
BRDA:26,2,0,1
BRDA:26,3,0,1
BRDA:30,4,0,1
BRDA:31,5,0,1
BRDA:35,6,0,0
BRDA:51,7,0,1
BRDA:52,8,0,1
BRDA:56,9,0,1
BRDA:57,10,0,0
BRDA:70,11,0,1
BRDA:75,12,0,1
BRDA:76,13,0,1
BRDA:79,14,0,0
BRDA:82,15,0,0
BRDA:91,16,0,1
BRDA:95,17,0,1
BRDA:96,18,0,1
BRDA:97,19,0,0
BRDA:100,20,0,1
BRDA:100,21,0,0
BRDA:101,22,0,0
BRDA:108,23,0,1
BRDA:121,24,0,0
BRDA:123,25,0,0
BRDA:130,26,0,0
BRDA:132,27,0,0
BRDA:135,28,0,0
BRDA:142,29,0,0
BRDA:149,30,0,1
BRDA:156,31,0,1
BRDA:161,32,0,1
BRDA:162,33,0,1
BRDA:165,34,0,0
BRDA:168,35,0,0
BRDA:179,36,0,1
BRDA:184,37,0,1
BRDA:185,38,0,1
BRDA:187,39,0,0
BRDA:189,40,0,0
BRDA:204,41,0,0
BRDA:206,42,0,0
BRDA:209,43,0,0
BRDA:15,44,0,18
BRDA:92,45,0,1
BRDA:105,46,0,1
BRF:47
BRH:27
end_of_record
TN:
SF:packages/conformance/src/levels/execution.ts
FN:1,__name
FN:180,errMsg
FNF:2
FNH:1
FNDA:2,__name
FNDA:0,errMsg
DA:1,1
DA:2,1
DA:3,1
DA:4,1
DA:5,1
DA:6,1
DA:7,1
DA:8,1
DA:9,1
DA:10,1
DA:11,0
DA:12,0
DA:13,0
DA:14,0
DA:15,0
DA:16,0
DA:17,0
DA:18,0
DA:19,0
DA:20,0
DA:21,0
DA:22,0
DA:23,0
DA:24,0
DA:25,0
DA:26,0
DA:27,0
DA:28,0
DA:29,0
DA:30,0
DA:31,0
DA:32,0
DA:33,0
DA:34,0
DA:35,0
DA:36,0
DA:37,0
DA:38,0
DA:39,0
DA:40,0
DA:41,0
DA:42,0
DA:43,0
DA:44,0
DA:45,0
DA:46,0
DA:47,0
DA:48,0
DA:49,0
DA:50,0
DA:51,0
DA:52,0
DA:53,0
DA:54,0
DA:55,0
DA:56,0
DA:57,0
DA:58,0
DA:59,0
DA:60,0
DA:61,0
DA:62,0
DA:63,0
DA:64,0
DA:65,0
DA:66,0
DA:67,0
DA:68,0
DA:69,0
DA:70,0
DA:71,0
DA:72,0
DA:73,0
DA:74,0
DA:75,0
DA:76,0
DA:77,0
DA:78,0
DA:79,0
DA:80,0
DA:81,0
DA:82,0
DA:83,0
DA:84,0
DA:85,0
DA:86,0
DA:87,0
DA:88,0
DA:89,0
DA:90,0
DA:91,0
DA:92,0
DA:93,0
DA:94,0
DA:95,0
DA:96,0
DA:97,0
DA:98,0
DA:99,0
DA:100,0
DA:101,0
DA:102,0
DA:103,0
DA:104,0
DA:105,0
DA:106,0
DA:107,0
DA:108,0
DA:109,0
DA:110,0
DA:111,0
DA:112,0
DA:113,0
DA:114,0
DA:115,0
DA:116,0
DA:117,0
DA:118,0
DA:119,0
DA:120,0
DA:121,0
DA:122,0
DA:123,0
DA:124,0
DA:125,0
DA:126,0
DA:127,0
DA:128,0
DA:129,0
DA:130,0
DA:131,0
DA:132,0
DA:133,0
DA:134,0
DA:135,0
DA:136,0
DA:137,0
DA:138,0
DA:139,0
DA:140,0
DA:141,0
DA:142,0
DA:143,0
DA:144,0
DA:145,0
DA:146,0
DA:147,0
DA:148,0
DA:149,0
DA:150,0
DA:151,0
DA:152,0
DA:153,0
DA:154,0
DA:155,0
DA:156,0
DA:157,0
DA:158,0
DA:159,0
DA:160,0
DA:161,0
DA:162,0
DA:163,0
DA:164,0
DA:165,0
DA:166,0
DA:167,0
DA:168,0
DA:169,0
DA:170,0
DA:171,0
DA:172,0
DA:173,0
DA:174,0
DA:175,0
DA:176,0
DA:177,0
DA:178,0
DA:179,1
DA:180,0
DA:181,0
DA:182,0
LF:182
LH:11
BRDA:1,0,0,2
BRF:1
BRH:1
end_of_record
TN:
SF:packages/conformance/src/levels/governance.ts
FN:10,__name
FN:120,errMsg
FNF:2
FNH:1
FNDA:2,__name
FNDA:0,errMsg
DA:1,1
DA:2,1
DA:3,1
DA:4,1
DA:5,1
DA:6,1
DA:7,1
DA:8,1
DA:9,1
DA:10,1
DA:11,0
DA:12,0
DA:13,0
DA:14,0
DA:15,0
DA:16,0
DA:17,0
DA:18,0
DA:19,0
DA:20,0
DA:21,0
DA:22,0
DA:23,0
DA:24,0
DA:25,0
DA:26,0
DA:27,0
DA:28,0
DA:29,0
DA:30,0
DA:31,0
DA:32,0
DA:33,0
DA:34,0
DA:35,0
DA:36,0
DA:37,0
DA:38,0
DA:39,0
DA:40,0
DA:41,0
DA:42,0
DA:43,0
DA:44,0
DA:45,0
DA:46,0
DA:47,0
DA:48,0
DA:49,0
DA:50,0
DA:51,0
DA:52,0
DA:53,0
DA:54,0
DA:55,0
DA:56,0
DA:57,0
DA:58,0
DA:59,0
DA:60,0
DA:61,0
DA:62,0
DA:63,0
DA:64,0
DA:65,0
DA:66,0
DA:67,0
DA:68,0
DA:69,0
DA:70,0
DA:71,0
DA:72,0
DA:73,0
DA:74,0
DA:75,0
DA:76,0
DA:77,0
DA:78,0
DA:79,0
DA:80,0
DA:81,0
DA:82,0
DA:83,0
DA:84,0
DA:85,0
DA:86,0
DA:87,0
DA:88,0
DA:89,0
DA:90,0
DA:91,0
DA:92,0
DA:93,0
DA:94,0
DA:95,0
DA:96,0
DA:97,0
DA:98,0
DA:99,0
DA:100,0
DA:101,0
DA:102,0
DA:103,0
DA:104,0
DA:105,0
DA:106,0
DA:107,0
DA:108,0
DA:109,0
DA:110,0
DA:111,0
DA:112,0
DA:113,0
DA:114,0
DA:115,0
DA:116,0
DA:117,0
DA:118,0
DA:119,1
DA:120,0
DA:121,0
DA:122,0
LF:122
LH:11
BRDA:10,0,0,2
BRF:1
BRH:1
end_of_record
TN:
SF:packages/conformance/src/levels/security.ts
FN:10,__name
FN:219,errMsg
FNF:2
FNH:1
FNDA:2,__name
FNDA:0,errMsg
DA:1,1
DA:2,1
DA:3,1
DA:4,1
DA:5,1
DA:6,1
DA:7,1
DA:8,1
DA:9,1
DA:10,1
DA:11,0
DA:12,0
DA:13,0
DA:14,0
DA:15,0
DA:16,0
DA:17,0
DA:18,0
DA:19,0
DA:20,0
DA:21,0
DA:22,0
DA:23,0
DA:24,0
DA:25,0
DA:26,0
DA:27,0
DA:28,0
DA:29,0
DA:30,0
DA:31,0
DA:32,0
DA:33,0
DA:34,0
DA:35,0
DA:36,0
DA:37,0
DA:38,0
DA:39,0
DA:40,0
DA:41,0
DA:42,0
DA:43,0
DA:44,0
DA:45,0
DA:46,0
DA:47,0
DA:48,0
DA:49,0
DA:50,0
DA:51,0
DA:52,0
DA:53,0
DA:54,0
DA:55,0
DA:56,0
DA:57,0
DA:58,0
DA:59,0
DA:60,0
DA:61,0
DA:62,0
DA:63,0
DA:64,0
DA:65,0
DA:66,0
DA:67,0
DA:68,0
DA:69,0
DA:70,0
DA:71,0
DA:72,0
DA:73,0
DA:74,0
DA:75,0
DA:76,0
DA:77,0
DA:78,0
DA:79,0
DA:80,0
DA:81,0
DA:82,0
DA:83,0
DA:84,0
DA:85,0
DA:86,0
DA:87,0
DA:88,0
DA:89,0
DA:90,0
DA:91,0
DA:92,0
DA:93,0
DA:94,0
DA:95,0
DA:96,0
DA:97,0
DA:98,0
DA:99,0
DA:100,0
DA:101,0
DA:102,0
DA:103,0
DA:104,0
DA:105,0
DA:106,0
DA:107,0
DA:108,0
DA:109,0
DA:110,0
DA:111,0
DA:112,0
DA:113,0
DA:114,0
DA:115,0
DA:116,0
DA:117,0
DA:118,0
DA:119,0
DA:120,0
DA:121,0
DA:122,0
DA:123,0
DA:124,0
DA:125,0
DA:126,0
DA:127,0
DA:128,0
DA:129,0
DA:130,0
DA:131,0
DA:132,0
DA:133,0
DA:134,0
DA:135,0
DA:136,0
DA:137,0
DA:138,0
DA:139,0
DA:140,0
DA:141,0
DA:142,0
DA:143,0
DA:144,0
DA:145,0
DA:146,0
DA:147,0
DA:148,0
DA:149,0
DA:150,0
DA:151,0
DA:152,0
DA:153,0
DA:154,0
DA:155,0
DA:156,0
DA:157,0
DA:158,0
DA:159,0
DA:160,0
DA:161,0
DA:162,0
DA:163,0
DA:164,0
DA:165,0
DA:166,0
DA:167,0
DA:168,0
DA:169,0
DA:170,0
DA:171,0
DA:172,0
DA:173,0
DA:174,0
DA:175,0
DA:176,0
DA:177,0
DA:178,0
DA:179,0
DA:180,0
DA:181,0
DA:182,0
DA:183,0
DA:184,0
DA:185,0
DA:186,0
DA:187,0
DA:188,0
DA:189,0
DA:190,0
DA:191,0
DA:192,0
DA:193,0
DA:194,0
DA:195,0
DA:196,0
DA:197,0
DA:198,0
DA:199,0
DA:200,0
DA:201,0
DA:202,0
DA:203,0
DA:204,0
DA:205,0
DA:206,0
DA:207,0
DA:208,0
DA:209,0
DA:210,0
DA:211,0
DA:212,0
DA:213,0
DA:214,0
DA:215,0
DA:216,0
DA:217,0
DA:218,1
DA:219,0
DA:220,0
DA:221,0
LF:221
LH:11
BRDA:10,0,0,2
BRF:1
BRH:1
end_of_record
TN:
SF:packages/core/src/index.ts
FN:1,__name
FN:17,ed.etc.sha512Sync
FN:49,canonicalize
FN:63,computeGlyphId
FN:75,generateKeyPair
FN:81,signGlyph
FN:86,verifyGlyph
FN:132,diffCards
FN:177,canonicalHash
FN:184,signReceipt
FN:193,verifyReceipt
FN:209,signManifest
FN:218,verifyManifest
FN:249,verifyAttestation
FN:266,toLexiconEntry
FN:276,applyDepth
FN:301,sealResult
FN:380,sanitizeString
FN:404,sanitizeValue
FN:434,sanitize
FNF:20
FNH:20
FNDA:701,__name
FNDA:635,ed.etc.sha512Sync
FNDA:9848,canonicalize
FNDA:269,computeGlyphId
FNDA:109,generateKeyPair
FNDA:95,signGlyph
FNDA:57,verifyGlyph
FNDA:11,diffCards
FNDA:182,canonicalHash
FNDA:28,signReceipt
FNDA:5,verifyReceipt
FNDA:10,signManifest
FNDA:11,verifyManifest
FNDA:5,verifyAttestation
FNDA:50,toLexiconEntry
FNDA:37,applyDepth
FNDA:27,sealResult
FNDA:32,sanitizeString
FNDA:92,sanitizeValue
FNDA:39,sanitize
DA:1,1
DA:2,1
DA:3,1
DA:4,1
DA:5,1
DA:6,1
DA:7,1
DA:8,1
DA:9,1
DA:10,1
DA:11,1
DA:12,1
DA:13,1
DA:14,1
DA:15,1
DA:16,1
DA:17,1
DA:18,635
DA:19,635
DA:20,635
DA:21,635
DA:22,1
DA:23,1
DA:24,1
DA:25,1
DA:26,1
DA:27,1
DA:28,1
DA:29,1
DA:30,1
DA:31,1
DA:32,1
DA:33,1
DA:34,1
DA:35,1
DA:36,1
DA:37,1
DA:38,1
DA:39,1
DA:40,1
DA:41,1
DA:42,1
DA:43,1
DA:44,1
DA:45,1
DA:46,1
DA:47,1
DA:48,1
DA:49,1
DA:50,9848
DA:51,9848
DA:52,2189
DA:53,2189
DA:54,8361
DA:55,8361
DA:56,2189
DA:57,2189
DA:58,9848
DA:59,9848
DA:60,1
DA:61,1
DA:62,1
DA:63,1
DA:64,269
DA:65,269
DA:66,269
DA:67,269
DA:68,3497
DA:69,3497
DA:70,269
DA:71,269
DA:72,269
DA:73,269
DA:74,1
DA:75,1
DA:76,109
DA:77,109
DA:78,109
DA:79,109
DA:80,1
DA:81,1
DA:82,95
DA:83,95
DA:84,95
DA:85,1
DA:86,1
DA:87,57
DA:88,57
DA:89,57
DA:90,57
DA:91,57
DA:92,52
DA:93,52
DA:94,57
DA:95,0
DA:96,0
DA:97,57
DA:98,1
DA:99,1
DA:100,1
DA:101,1
DA:102,1
DA:103,1
DA:104,1
DA:105,1
DA:106,1
DA:107,1
DA:108,1
DA:109,1
DA:110,1
DA:111,1
DA:112,1
DA:113,1
DA:114,1
DA:115,1
DA:116,1
DA:117,1
DA:118,1
DA:119,1
DA:120,1
DA:121,1
DA:122,1
DA:123,1
DA:124,187
DA:125,1
DA:126,1
DA:127,1
DA:128,1
DA:129,1
DA:130,1
DA:131,1
DA:132,1
DA:133,11
DA:134,11
DA:135,187
DA:136,9
DA:137,9
DA:138,9
DA:139,9
DA:140,9
DA:141,9
DA:142,9
DA:143,187
DA:144,11
DA:145,11
DA:146,11
DA:147,11
DA:148,11
DA:149,11
DA:150,11
DA:151,11
DA:152,11
DA:153,11
DA:154,11
DA:155,11
DA:156,55
DA:157,55
DA:158,11
DA:159,11
DA:160,11
DA:161,11
DA:162,11
DA:163,11
DA:164,11
DA:165,11
DA:166,11
DA:167,11
DA:168,11
DA:169,11
DA:170,11
DA:171,11
DA:172,11
DA:173,11
DA:174,11
DA:175,1
DA:176,1
DA:177,1
DA:178,182
DA:179,182
DA:180,182
DA:181,182
DA:182,1
DA:183,1
DA:184,1
DA:185,28
DA:186,28
DA:187,28
DA:188,28
DA:189,28
DA:190,28
DA:191,1
DA:192,1
DA:193,1
DA:194,5
DA:195,5
DA:196,5
DA:197,5
DA:198,5
DA:199,5
DA:200,5
DA:201,5
DA:202,5
DA:203,5
DA:204,0
DA:205,0
DA:206,5
DA:207,1
DA:208,1
DA:209,1
DA:210,10
DA:211,10
DA:212,10
DA:213,10
DA:214,10
DA:215,10
DA:216,1
DA:217,1
DA:218,1
DA:219,11
DA:220,11
DA:221,10
DA:222,10
DA:223,10
DA:224,10
DA:225,10
DA:226,10
DA:227,10
DA:228,11
DA:229,0
DA:230,0
DA:231,11
DA:232,1
DA:233,1
DA:234,1
DA:235,1
DA:236,1
DA:237,1
DA:238,1
DA:239,1
DA:240,1
DA:241,1
DA:242,1
DA:243,1
DA:244,1
DA:245,1
DA:246,1
DA:247,1
DA:248,1
DA:249,1
DA:250,5
DA:251,5
DA:252,5
DA:253,5
DA:254,4
DA:255,4
DA:256,3
DA:257,3
DA:258,5
DA:259,5
DA:260,5
DA:261,5
DA:262,5
DA:263,5
DA:264,5
DA:265,1
DA:266,1
DA:267,50
DA:268,50
DA:269,50
DA:270,50
DA:271,50
DA:272,50
DA:273,50
DA:274,50
DA:275,1
DA:276,1
DA:277,37
DA:278,37
DA:279,37
DA:280,37
DA:281,35
DA:282,35
DA:283,4
DA:284,4
DA:285,4
DA:286,4
DA:287,4
DA:288,4
DA:289,4
DA:290,37
DA:291,2
DA:292,2
DA:293,2
DA:294,2
DA:295,2
DA:296,2
DA:297,2
DA:298,2
DA:299,37
DA:300,1
DA:301,1
DA:302,27
DA:303,27
DA:304,27
DA:305,27
DA:306,27
DA:307,27
DA:308,27
DA:309,27
DA:310,27
DA:311,27
DA:312,27
DA:313,27
DA:314,27
DA:315,27
DA:316,27
DA:317,27
DA:318,27
DA:319,27
DA:320,27
DA:321,27
DA:322,27
DA:323,1
DA:324,1
DA:325,1
DA:326,1
DA:327,1
DA:328,1
DA:329,1
DA:330,1
DA:331,1
DA:332,1
DA:333,1
DA:334,1
DA:335,1
DA:336,1
DA:337,1
DA:338,1
DA:339,1
DA:340,1
DA:341,1
DA:342,1
DA:343,1
DA:344,1
DA:345,1
DA:346,1
DA:347,1
DA:348,1
DA:349,1
DA:350,1
DA:351,1
DA:352,1
DA:353,1
DA:354,1
DA:355,1
DA:356,1
DA:357,1
DA:358,1
DA:359,1
DA:360,120
DA:361,120
DA:362,120
DA:363,270
DA:364,30
DA:365,240
DA:366,120
DA:367,120
DA:368,120
DA:369,120
DA:370,1
DA:371,1
DA:372,1
DA:373,1
DA:374,1
DA:375,1
DA:376,1
DA:377,1
DA:378,45
DA:379,1
DA:380,32
DA:381,32
DA:382,32
DA:383,32
DA:384,32
DA:385,32
DA:386,32
DA:387,128
DA:388,128
DA:389,21
DA:390,21
DA:391,21
DA:392,128
DA:393,32
DA:394,32
DA:395,32
DA:396,1
DA:397,1
DA:398,1
DA:399,1
DA:400,1
DA:401,32
DA:402,32
DA:403,1
DA:404,92
DA:405,92
DA:406,92
DA:407,92
DA:408,92
DA:409,92
DA:410,92
DA:411,4
DA:412,4
DA:413,92
DA:414,40
DA:415,40
DA:416,45
DA:417,45
DA:418,45
DA:419,45
DA:420,45
DA:421,45
DA:422,40
DA:423,40
DA:424,79
DA:425,92
DA:426,1
DA:427,1
DA:428,1
DA:429,1
DA:430,1
DA:431,1
DA:432,1
DA:433,1
DA:434,1
DA:435,39
DA:436,39
DA:437,39
DA:438,39
DA:439,39
DA:440,39
DA:441,10
DA:442,0
DA:443,10
DA:444,2
DA:445,8
DA:446,7
DA:447,1
DA:448,1
DA:449,0
DA:450,39
DA:451,39
DA:452,39
DA:453,1
DA:454,1
DA:455,1
DA:456,1
DA:457,1
DA:458,1
DA:459,1
DA:460,1
DA:461,1
DA:462,1
DA:463,1
DA:464,1
DA:465,1
DA:466,1
LF:466
LH:458
BRDA:1,0,0,701
BRDA:17,1,0,635
BRDA:19,2,0,785
BRDA:23,3,0,351
BRDA:24,4,0,267
BRDA:49,5,0,9848
BRDA:50,6,0,1221
BRDA:51,7,0,8627
BRDA:51,8,0,2189
BRDA:53,9,0,8361
BRDA:58,10,0,6438
BRDA:63,11,0,269
BRDA:67,12,0,3497
BRDA:75,13,0,109
BRDA:81,14,0,95
BRDA:86,15,0,57
BRDA:87,16,0,56
BRDA:87,17,0,2
BRDA:89,18,0,55
BRDA:89,19,0,3
BRDA:91,20,0,52
BRDA:94,21,0,0
BRDA:123,22,0,187
BRDA:132,23,0,11
BRDA:155,24,0,55
BRDA:134,25,0,187
BRDA:135,26,0,9
BRDA:138,27,0,0
BRDA:172,28,0,9
BRDA:177,29,0,182
BRDA:184,30,0,28
BRDA:193,31,0,5
BRDA:194,32,0,0
BRDA:203,33,0,0
BRDA:209,34,0,10
BRDA:218,35,0,11
BRDA:219,36,0,10
BRDA:219,37,0,1
BRDA:220,38,0,10
BRDA:228,39,0,0
BRDA:249,40,0,5
BRDA:252,41,0,1
BRDA:253,42,0,4
BRDA:255,43,0,3
BRDA:263,44,0,2
BRDA:266,45,0,50
BRDA:276,46,0,37
BRDA:280,47,0,35
BRDA:280,48,0,33
BRDA:282,49,0,4
BRDA:290,50,0,2
BRDA:301,51,0,27
BRDA:312,52,0,1
BRDA:320,53,0,25
BRDA:359,54,0,120
BRDA:362,55,0,270
BRDA:363,56,0,30
BRDA:364,57,0,240
BRDA:374,58,0,120
BRDA:377,59,0,45
BRDA:380,60,0,32
BRDA:386,61,0,128
BRDA:388,62,0,21
BRDA:388,63,0,21
BRDA:395,64,0,1
BRDA:397,65,0,2
BRDA:398,66,0,0
BRDA:404,67,0,92
BRDA:409,68,0,79
BRDA:409,69,0,32
BRDA:410,70,0,60
BRDA:410,71,0,4
BRDA:413,72,0,79
BRDA:413,73,0,56
BRDA:413,74,0,55
BRDA:413,75,0,79
BRDA:413,76,0,40
BRDA:415,77,0,45
BRDA:424,78,0,16
BRDA:411,79,0,8
BRDA:434,80,0,39
BRDA:440,81,0,10
BRDA:441,82,0,0
BRDA:443,83,0,2
BRDA:444,84,0,8
BRDA:445,85,0,7
BRDA:446,86,0,1
BRDA:448,87,0,0
BRF:88
BRH:80
end_of_record
TN:
SF:packages/core/src/json-schema-validator.ts
FN:3,__name
FN:20,SchemaComplexityError
FN:22,<instance_members_initializer>
FN:1,<static_initializer>
FN:36,validateSchemaComplexity
FN:44,walk
FN:86,compileJsonSchema
FNF:7
FNH:7
FNDA:130,__name
FNDA:2,SchemaComplexityError
FNDA:2,<instance_members_initializer>
FNDA:31,<static_initializer>
FNDA:37,validateSchemaComplexity
FNDA:2093,walk
FNDA:38,compileJsonSchema
DA:1,31
DA:2,31
DA:3,31
DA:4,31
DA:5,31
DA:6,31
DA:7,31
DA:8,31
DA:9,31
DA:10,31
DA:11,31
DA:12,31
DA:13,31
DA:14,31
DA:15,31
DA:16,31
DA:17,31
DA:18,31
DA:19,31
DA:20,1
DA:21,2
DA:22,2
DA:23,2
DA:24,2
DA:25,2
DA:26,2
DA:27,1
DA:28,1
DA:29,1
DA:30,1
DA:31,1
DA:32,1
DA:33,1
DA:34,1
DA:35,1
DA:36,1
DA:37,37
DA:38,37
DA:39,37
DA:40,37
DA:41,37
DA:42,37
DA:43,37
DA:44,37
DA:45,2093
DA:46,2093
DA:47,1909
DA:48,2093
DA:49,1
DA:50,1
DA:51,1
DA:52,1
DA:53,1
DA:54,2093
DA:55,1
DA:56,1
DA:57,1
DA:58,1
DA:59,1
DA:60,2093
DA:61,36
DA:62,2093
DA:63,1185
DA:64,1654
DA:65,1654
DA:66,1185
DA:67,2093
DA:68,37
DA:69,37
DA:70,37
DA:71,1
DA:72,1
DA:73,1
DA:74,1
DA:75,1
DA:76,1
DA:77,1
DA:78,1
DA:79,1
DA:80,1
DA:81,1
DA:82,1
DA:83,1
DA:84,1
DA:85,1
DA:86,1
DA:87,38
DA:88,38
DA:89,38
DA:90,38
DA:91,38
DA:92,38
DA:93,38
DA:94,1
DA:95,1
DA:96,1
DA:97,38
DA:98,38
DA:99,37
DA:100,37
DA:101,37
DA:102,37
DA:103,37
DA:104,37
DA:105,37
DA:106,37
DA:107,37
DA:108,37
DA:109,37
DA:110,38
DA:111,0
DA:112,0
DA:113,0
DA:114,38
DA:115,38
DA:116,7
DA:117,7
DA:118,4
DA:119,4
DA:120,4
DA:121,4
DA:122,2
DA:123,2
DA:124,4
DA:125,4
DA:126,4
DA:127,4
DA:128,4
DA:129,4
DA:130,4
DA:131,35
DA:132,38
LF:132
LH:129
BRDA:8,0,0,0
BRDA:15,1,0,0
BRDA:3,2,0,130
BRDA:20,3,0,2
BRDA:22,4,0,2
BRDA:1,5,0,31
BRDA:36,6,0,37
BRDA:44,7,0,2093
BRDA:45,8,0,193
BRDA:46,9,0,1909
BRDA:46,10,0,870
BRDA:47,11,0,1223
BRDA:48,12,0,1
BRDA:54,13,0,1222
BRDA:54,14,0,1
BRDA:60,15,0,1221
BRDA:60,16,0,36
BRDA:61,17,0,402
BRDA:62,18,0,35
BRDA:62,19,0,1185
BRDA:63,20,0,1654
BRDA:66,21,0,1150
BRDA:86,22,0,38
BRDA:93,23,0,1
BRDA:98,24,0,37
BRDA:110,25,0,0
BRDA:115,26,0,35
BRDA:115,27,0,7
BRDA:116,28,0,5
BRDA:116,29,0,3
BRDA:117,30,0,4
BRDA:117,31,0,0
BRDA:117,32,0,4
BRDA:118,33,0,2
BRDA:127,34,0,2
BRDA:127,35,0,0
BRDA:121,36,0,2
BRDA:123,37,0,0
BRF:38
BRH:32
end_of_record
TN:
SF:packages/core/src/key-registry.ts
FN:1,__name
FN:14,fingerprintKey
FN:23,entrySigningPayload
FN:37,registrySigningPayload
FN:59,verifyKeyRegistry
FN:100,resolveKey
FN:132,buildKeyRegistry
FN:164,buildKeyEntry
FN:203,StaticKeyRegistry
FN:203,<instance_members_initializer>
FN:1,<static_initializer>
FN:204,registry
FN:207,resolve
FN:211,update
FN:222,FileKeyRegistry
FN:1,<static_initializer>
FN:224,load
FN:235,save
FN:245,registry
FN:249,resolve
FN:261,HttpKeyRegistry
FN:1,<static_initializer>
FN:266,registry
FN:288,resolve
FNF:24
FNH:21
FNDA:360,__name
FNDA:41,fingerprintKey
FNDA:5,entrySigningPayload
FNDA:22,registrySigningPayload
FNDA:11,verifyKeyRegistry
FNDA:6,resolveKey
FNDA:14,buildKeyRegistry
FNDA:17,buildKeyEntry
FNDA:3,StaticKeyRegistry
FNDA:3,<instance_members_initializer>
FNDA:30,<static_initializer>
FNDA:2,registry
FNDA:1,resolve
FNDA:0,update
FNDA:2,FileKeyRegistry
FNDA:30,<static_initializer>
FNDA:1,load
FNDA:2,save
FNDA:1,registry
FNDA:0,resolve
FNDA:2,HttpKeyRegistry
FNDA:30,<static_initializer>
FNDA:2,registry
FNDA:0,resolve
DA:1,30
DA:2,30
DA:3,30
DA:4,30
DA:5,30
DA:6,30
DA:7,30
DA:8,30
DA:9,30
DA:10,30
DA:11,30
DA:12,30
DA:13,30
DA:14,30
DA:15,30
DA:16,30
DA:17,30
DA:18,30
DA:19,30
DA:20,30
DA:21,30
DA:22,30
DA:23,30
DA:24,30
DA:25,30
DA:26,30
DA:27,30
DA:28,30
DA:29,30
DA:30,30
DA:31,30
DA:32,30
DA:33,30
DA:34,30
DA:35,30
DA:36,30
DA:37,30
DA:38,30
DA:39,30
DA:40,30
DA:41,30
DA:42,30
DA:43,30
DA:44,30
DA:45,30
DA:46,30
DA:47,30
DA:48,30
DA:49,30
DA:50,30
DA:51,30
DA:52,30
DA:53,30
DA:54,30
DA:55,30
DA:56,30
DA:57,30
DA:58,30
DA:59,30
DA:60,30
DA:61,30
DA:62,30
DA:63,30
DA:64,30
DA:65,30
DA:66,30
DA:67,30
DA:68,30
DA:69,30
DA:70,30
DA:71,30
DA:72,30
DA:73,30
DA:74,30
DA:75,30
DA:76,30
DA:77,30
DA:78,30
DA:79,30
DA:80,30
DA:81,30
DA:82,30
DA:83,30
DA:84,30
DA:85,30
DA:86,30
DA:87,30
DA:88,30
DA:89,30
DA:90,30
DA:91,30
DA:92,30
DA:93,30
DA:94,30
DA:95,30
DA:96,30
DA:97,30
DA:98,30
DA:99,30
DA:100,30
DA:101,30
DA:102,30
DA:103,30
DA:104,30
DA:105,30
DA:106,30
DA:107,30
DA:108,30
DA:109,30
DA:110,30
DA:111,30
DA:112,30
DA:113,30
DA:114,30
DA:115,30
DA:116,30
DA:117,30
DA:118,30
DA:119,30
DA:120,30
DA:121,30
DA:122,30
DA:123,30
DA:124,30
DA:125,30
DA:126,30
DA:127,30
DA:128,30
DA:129,30
DA:130,30
DA:131,30
DA:132,30
DA:133,30
DA:134,30
DA:135,30
DA:136,30
DA:137,30
DA:138,30
DA:139,30
DA:140,30
DA:141,30
DA:142,30
DA:143,30
DA:144,30
DA:145,30
DA:146,30
DA:147,30
DA:148,30
DA:149,30
DA:150,30
DA:151,30
DA:152,30
DA:153,30
DA:154,30
DA:155,30
DA:156,30
DA:157,30
DA:158,30
DA:159,30
DA:160,30
DA:161,30
DA:162,30
DA:163,30
DA:164,30
DA:165,30
DA:166,30
DA:167,30
DA:168,30
DA:169,30
DA:170,30
DA:171,30
DA:172,30
DA:173,30
DA:174,30
DA:175,30
DA:176,30
DA:177,30
DA:178,30
DA:179,30
DA:180,30
DA:181,30
DA:182,30
DA:183,30
DA:184,30
DA:185,30
DA:186,30
DA:187,30
DA:188,30
DA:189,30
DA:190,30
DA:191,30
DA:192,30
DA:193,30
DA:194,30
DA:195,30
DA:196,30
DA:197,30
DA:198,30
DA:199,30
DA:200,30
DA:201,30
DA:202,30
DA:203,30
DA:204,30
DA:205,30
DA:206,30
DA:207,30
DA:208,30
DA:209,30
DA:210,30
DA:211,30
DA:212,30
DA:213,30
DA:214,30
DA:215,30
DA:216,30
DA:217,30
DA:218,30
DA:219,30
DA:220,30
DA:221,30
DA:222,30
DA:223,30
DA:224,30
DA:225,30
DA:226,30
DA:227,30
DA:228,30
DA:229,30
DA:230,30
DA:231,30
DA:232,30
DA:233,30
DA:234,30
DA:235,30
DA:236,30
DA:237,30
DA:238,30
DA:239,30
DA:240,30
DA:241,30
DA:242,30
DA:243,30
DA:244,30
DA:245,30
DA:246,30
DA:247,30
DA:248,30
DA:249,30
DA:250,30
DA:251,30
DA:252,30
DA:253,30
DA:254,30
DA:255,30
DA:256,30
DA:257,30
DA:258,30
DA:259,30
DA:260,1
DA:261,1
DA:262,2
DA:263,2
DA:264,2
DA:265,1
DA:266,1
DA:267,2
DA:268,2
DA:269,2
DA:270,2
DA:271,2
DA:272,0
DA:273,0
DA:274,0
DA:275,0
DA:276,2
DA:277,2
DA:278,1
DA:279,1
DA:280,1
DA:281,1
DA:282,1
DA:283,2
DA:284,2
DA:285,2
DA:286,2
DA:287,1
DA:288,1
DA:289,0
DA:290,0
DA:291,1
LF:291
LH:285
BRDA:1,0,0,360
BRDA:7,1,0,17
BRDA:8,2,0,37
BRDA:14,3,0,41
BRDA:23,4,0,5
BRDA:28,5,0,0
BRDA:37,6,0,22
BRDA:59,7,0,11
BRDA:60,8,0,0
BRDA:62,9,0,14
BRDA:63,10,0,0
BRDA:67,11,0,14
BRDA:68,12,0,11
BRDA:69,13,0,3
BRDA:69,14,0,0
BRDA:70,15,0,3
BRDA:71,16,0,4
BRDA:71,17,0,1
BRDA:72,18,0,2
BRDA:77,19,0,0
BRDA:80,20,0,10
BRDA:81,21,0,2
BRDA:82,22,0,8
BRDA:82,23,0,0
BRDA:83,24,0,8
BRDA:100,25,0,6
BRDA:105,26,0,7
BRDA:106,27,0,2
BRDA:107,28,0,5
BRDA:107,29,0,1
BRDA:110,30,0,4
BRDA:110,31,0,1
BRDA:111,32,0,3
BRDA:113,33,0,1
BRDA:132,34,0,14
BRDA:139,35,0,0
BRDA:138,36,0,14
BRDA:164,37,0,17
BRDA:174,38,0,3
BRDA:176,39,0,14
BRDA:177,40,0,3
BRDA:203,41,0,3
BRDA:203,42,0,3
BRDA:1,43,0,30
BRDA:204,44,0,2
BRDA:207,45,0,1
BRDA:222,46,0,2
BRDA:1,47,0,30
BRDA:224,48,0,1
BRDA:226,49,0,0
BRDA:235,50,0,2
BRDA:236,51,0,0
BRDA:239,52,0,1
BRDA:245,53,0,1
BRDA:261,54,0,2
BRDA:1,55,0,30
BRDA:266,56,0,2
BRDA:268,57,0,0
BRDA:268,58,0,0
BRDA:269,59,0,0
BRDA:271,60,0,0
BRDA:277,61,0,1
BRF:62
BRH:49
end_of_record
TN:
SF:packages/exporter-otel/src/index.ts
FN:41,__name
FN:41,otelReceiptCallback
FN:83,jsonlReceiptCallback
FN:98,composeReceiptCallbacks
FNF:4
FNH:4
FNDA:3,__name
FNDA:2,otelReceiptCallback
FNDA:2,jsonlReceiptCallback
FNDA:1,composeReceiptCallbacks
DA:1,1
DA:2,1
DA:3,1
DA:4,1
DA:5,1
DA:6,1
DA:7,1
DA:8,1
DA:9,1
DA:10,1
DA:11,1
DA:12,1
DA:13,1
DA:14,1
DA:15,1
DA:16,1
DA:17,1
DA:18,1
DA:19,1
DA:20,1
DA:21,1
DA:22,1
DA:23,1
DA:24,1
DA:25,1
DA:26,1
DA:27,1
DA:28,1
DA:29,1
DA:30,1
DA:31,1
DA:32,1
DA:33,1
DA:34,1
DA:35,1
DA:36,1
DA:37,1
DA:38,1
DA:39,1
DA:40,1
DA:41,1
DA:42,2
DA:43,2
DA:44,2
DA:45,2
DA:46,2
DA:47,2
DA:48,2
DA:49,2
DA:50,2
DA:51,2
DA:52,2
DA:53,2
DA:54,2
DA:55,2
DA:56,2
DA:57,2
DA:58,2
DA:59,2
DA:60,2
DA:61,2
DA:62,2
DA:63,2
DA:64,2
DA:65,2
DA:66,2
DA:67,2
DA:68,2
DA:69,2
DA:70,2
DA:71,2
DA:72,2
DA:73,1
DA:74,1
DA:75,1
DA:76,1
DA:77,1
DA:78,1
DA:79,1
DA:80,1
DA:81,1
DA:82,1
DA:83,1
DA:84,2
DA:85,2
DA:86,2
DA:87,3
DA:88,3
DA:89,2
DA:90,1
DA:91,1
DA:92,1
DA:93,1
DA:94,1
DA:95,1
DA:96,1
DA:97,1
DA:98,1
DA:99,1
DA:100,1
DA:101,1
DA:102,1
DA:103,3
DA:104,3
DA:105,3
DA:106,1
DA:107,1
DA:108,3
DA:109,1
DA:110,1
LF:110
LH:110
BRDA:41,0,0,3
BRDA:41,1,0,2
BRDA:50,2,0,2
BRDA:83,3,0,2
BRDA:86,4,0,3
BRDA:98,5,0,1
BRDA:101,6,0,1
BRDA:102,7,0,3
BRDA:105,8,0,1
BRF:9
BRH:9
end_of_record
TN:
SF:packages/integrations/langchain/src/index.ts
FN:32,__name
FN:32,glyphsAsLangChainTools
FN:48,fromLexicon
FN:61,buildTool
FN:83,makeInvoke
FNF:5
FNH:5
FNDA:4,__name
FNDA:4,glyphsAsLangChainTools
FNDA:2,fromLexicon
FNDA:4,buildTool
FNDA:6,makeInvoke
DA:1,1
DA:2,1
DA:3,1
DA:4,1
DA:5,1
DA:6,1
DA:7,1
DA:8,1
DA:9,1
DA:10,1
DA:11,1
DA:12,1
DA:13,1
DA:14,1
DA:15,1
DA:16,1
DA:17,1
DA:18,1
DA:19,1
DA:20,1
DA:21,1
DA:22,1
DA:23,1
DA:24,1
DA:25,1
DA:26,1
DA:27,1
DA:28,1
DA:29,1
DA:30,1
DA:31,1
DA:32,4
DA:33,4
DA:34,4
DA:35,4
DA:36,4
DA:37,4
DA:38,4
DA:39,4
DA:40,4
DA:41,4
DA:42,4
DA:43,1
DA:44,1
DA:45,1
DA:46,1
DA:47,1
DA:48,1
DA:49,2
DA:50,2
DA:51,2
DA:52,2
DA:53,2
DA:54,2
DA:55,2
DA:56,2
DA:57,2
DA:58,2
DA:59,2
DA:60,1
DA:61,4
DA:62,4
DA:63,4
DA:64,4
DA:65,4
DA:66,4
DA:67,4
DA:68,4
DA:69,4
DA:70,4
DA:71,0
DA:72,0
DA:73,0
DA:74,0
DA:75,4
DA:76,4
DA:77,4
DA:78,4
DA:79,4
DA:80,4
DA:81,4
DA:82,1
DA:83,6
DA:84,6
DA:85,6
DA:86,6
DA:87,6
DA:88,6
DA:89,4
DA:90,3
DA:91,3
DA:92,3
DA:93,3
DA:94,3
DA:95,3
DA:96,3
DA:97,3
DA:98,3
DA:99,3
DA:100,3
DA:101,3
DA:102,3
DA:103,3
DA:104,0
DA:105,3
DA:106,3
DA:107,1
DA:108,3
DA:109,4
DA:110,4
DA:111,4
DA:112,4
DA:113,4
DA:114,6
LF:114
LH:109
BRDA:32,0,0,4
BRDA:32,1,0,4
BRDA:48,2,0,2
BRDA:53,3,0,2
BRDA:61,4,0,4
BRDA:70,5,0,0
BRDA:83,6,0,6
BRDA:88,7,0,4
BRDA:112,8,0,2
BRDA:89,9,0,3
BRDA:103,10,0,0
BRDA:105,11,0,2
BRDA:106,12,0,1
BRDA:108,13,0,0
BRF:14
BRH:11
end_of_record
TN:
SF:packages/integrations/llamaindex/src/index.ts
FN:25,__name
FN:25,glyphsAsLlamaIndexTools
FN:41,fromLexicon
FN:54,buildTool
FN:82,mapToObjectSchema
FN:101,makeFn
FNF:6
FNH:6
FNDA:5,__name
FNDA:4,glyphsAsLlamaIndexTools
FNDA:2,fromLexicon
FNDA:4,buildTool
FNDA:4,mapToObjectSchema
FNDA:6,makeFn
DA:1,1
DA:2,1
DA:3,1
DA:4,1
DA:5,1
DA:6,1
DA:7,1
DA:8,1
DA:9,1
DA:10,1
DA:11,1
DA:12,1
DA:13,1
DA:14,1
DA:15,1
DA:16,1
DA:17,1
DA:18,1
DA:19,1
DA:20,1
DA:21,1
DA:22,1
DA:23,1
DA:24,1
DA:25,4
DA:26,4
DA:27,4
DA:28,4
DA:29,4
DA:30,4
DA:31,4
DA:32,4
DA:33,4
DA:34,4
DA:35,4
DA:36,1
DA:37,1
DA:38,1
DA:39,1
DA:40,1
DA:41,1
DA:42,2
DA:43,2
DA:44,2
DA:45,2
DA:46,2
DA:47,2
DA:48,2
DA:49,2
DA:50,2
DA:51,2
DA:52,2
DA:53,1
DA:54,4
DA:55,4
DA:56,4
DA:57,4
DA:58,4
DA:59,4
DA:60,4
DA:61,4
DA:62,4
DA:63,4
DA:64,0
DA:65,0
DA:66,0
DA:67,0
DA:68,4
DA:69,4
DA:70,4
DA:71,4
DA:72,4
DA:73,4
DA:74,4
DA:75,1
DA:76,1
DA:77,1
DA:78,1
DA:79,1
DA:80,1
DA:81,1
DA:82,4
DA:83,4
DA:84,4
DA:85,4
DA:86,4
DA:87,4
DA:88,4
DA:89,4
DA:90,4
DA:91,4
DA:92,4
DA:93,4
DA:94,4
DA:95,4
DA:96,4
DA:97,4
DA:98,0
DA:99,4
DA:100,1
DA:101,6
DA:102,6
DA:103,6
DA:104,6
DA:105,6
DA:106,6
DA:107,4
DA:108,3
DA:109,3
DA:110,3
DA:111,3
DA:112,3
DA:113,3
DA:114,3
DA:115,3
DA:116,3
DA:117,3
DA:118,3
DA:119,3
DA:120,3
DA:121,3
DA:122,0
DA:123,3
DA:124,3
DA:125,1
DA:126,3
DA:127,4
DA:128,4
DA:129,4
DA:130,6
LF:130
LH:124
BRDA:25,0,0,5
BRDA:25,1,0,4
BRDA:41,2,0,2
BRDA:46,3,0,2
BRDA:54,4,0,4
BRDA:63,5,0,0
BRDA:82,6,0,4
BRDA:94,7,0,0
BRDA:97,8,0,0
BRDA:101,9,0,6
BRDA:106,10,0,4
BRDA:128,11,0,2
BRDA:107,12,0,3
BRDA:121,13,0,0
BRDA:123,14,0,2
BRDA:124,15,0,1
BRDA:126,16,0,0
BRF:17
BRH:12
end_of_record
TN:
SF:packages/integrations/openai-agents/src/index.ts
FN:24,__name
FN:24,glyphsAsOpenAiAgentTools
FN:40,fromLexicon
FN:53,buildTool
FN:75,makeExecute
FNF:5
FNH:5
FNDA:4,__name
FNDA:4,glyphsAsOpenAiAgentTools
FNDA:2,fromLexicon
FNDA:4,buildTool
FNDA:6,makeExecute
DA:1,1
DA:2,1
DA:3,1
DA:4,1
DA:5,1
DA:6,1
DA:7,1
DA:8,1
DA:9,1
DA:10,1
DA:11,1
DA:12,1
DA:13,1
DA:14,1
DA:15,1
DA:16,1
DA:17,1
DA:18,1
DA:19,1
DA:20,1
DA:21,1
DA:22,1
DA:23,1
DA:24,4
DA:25,4
DA:26,4
DA:27,4
DA:28,4
DA:29,4
DA:30,4
DA:31,4
DA:32,4
DA:33,4
DA:34,4
DA:35,1
DA:36,1
DA:37,1
DA:38,1
DA:39,1
DA:40,1
DA:41,2
DA:42,2
DA:43,2
DA:44,2
DA:45,2
DA:46,2
DA:47,2
DA:48,2
DA:49,2
DA:50,2
DA:51,2
DA:52,1
DA:53,4
DA:54,4
DA:55,4
DA:56,4
DA:57,4
DA:58,4
DA:59,4
DA:60,4
DA:61,4
DA:62,4
DA:63,0
DA:64,0
DA:65,0
DA:66,0
DA:67,4
DA:68,4
DA:69,4
DA:70,4
DA:71,4
DA:72,4
DA:73,4
DA:74,1
DA:75,6
DA:76,6
DA:77,6
DA:78,6
DA:79,6
DA:80,6
DA:81,4
DA:82,3
DA:83,3
DA:84,3
DA:85,3
DA:86,3
DA:87,3
DA:88,3
DA:89,3
DA:90,3
DA:91,3
DA:92,3
DA:93,3
DA:94,3
DA:95,3
DA:96,0
DA:97,3
DA:98,3
DA:99,1
DA:100,3
DA:101,4
DA:102,4
DA:103,4
DA:104,6
LF:104
LH:99
BRDA:24,0,0,4
BRDA:24,1,0,4
BRDA:40,2,0,2
BRDA:45,3,0,2
BRDA:53,4,0,4
BRDA:62,5,0,0
BRDA:75,6,0,6
BRDA:80,7,0,4
BRDA:102,8,0,2
BRDA:81,9,0,3
BRDA:95,10,0,0
BRDA:97,11,0,2
BRDA:98,12,0,1
BRDA:100,13,0,0
BRF:14
BRH:11
end_of_record
TN:
SF:packages/integrations/vercel-ai/src/index.ts
FN:43,__name
FN:43,glyphsAsVercelAiTools
FN:61,fromLexicon
FN:77,buildTool
FN:98,makeExecute
FNF:5
FNH:5
FNDA:4,__name
FNDA:5,glyphsAsVercelAiTools
FNDA:2,fromLexicon
FNDA:5,buildTool
FNDA:7,makeExecute
DA:1,1
DA:2,1
DA:3,1
DA:4,1
DA:5,1
DA:6,1
DA:7,1
DA:8,1
DA:9,1
DA:10,1
DA:11,1
DA:12,1
DA:13,1
DA:14,1
DA:15,1
DA:16,1
DA:17,1
DA:18,1
DA:19,1
DA:20,1
DA:21,1
DA:22,1
DA:23,1
DA:24,1
DA:25,1
DA:26,1
DA:27,1
DA:28,1
DA:29,1
DA:30,1
DA:31,1
DA:32,1
DA:33,1
DA:34,1
DA:35,1
DA:36,1
DA:37,1
DA:38,1
DA:39,1
DA:40,1
DA:41,1
DA:42,1
DA:43,5
DA:44,5
DA:45,5
DA:46,5
DA:47,5
DA:48,5
DA:49,5
DA:50,5
DA:51,5
DA:52,5
DA:53,5
DA:54,1
DA:55,1
DA:56,1
DA:57,1
DA:58,1
DA:59,1
DA:60,1
DA:61,1
DA:62,2
DA:63,2
DA:64,2
DA:65,2
DA:66,2
DA:67,2
DA:68,2
DA:69,2
DA:70,2
DA:71,2
DA:72,2
DA:73,2
DA:74,2
DA:75,2
DA:76,1
DA:77,5
DA:78,5
DA:79,5
DA:80,5
DA:81,5
DA:82,5
DA:83,5
DA:84,5
DA:85,5
DA:86,5
DA:87,0
DA:88,0
DA:89,0
DA:90,0
DA:91,5
DA:92,5
DA:93,5
DA:94,5
DA:95,5
DA:96,5
DA:97,1
DA:98,7
DA:99,7
DA:100,7
DA:101,7
DA:102,7
DA:103,7
DA:104,5
DA:105,4
DA:106,4
DA:107,4
DA:108,4
DA:109,4
DA:110,4
DA:111,4
DA:112,4
DA:113,4
DA:114,4
DA:115,3
DA:116,3
DA:117,3
DA:118,3
DA:119,3
DA:120,3
DA:121,1
DA:122,4
DA:123,4
DA:124,4
DA:125,4
DA:126,4
DA:127,1
DA:128,4
DA:129,5
DA:130,5
DA:131,5
DA:132,7
LF:132
LH:128
BRDA:43,0,0,4
BRDA:43,1,0,5
BRDA:61,2,0,2
BRDA:77,3,0,5
BRDA:86,4,0,0
BRDA:98,5,0,7
BRDA:103,6,0,5
BRDA:130,7,0,2
BRDA:104,8,0,4
BRDA:114,9,0,3
BRDA:120,10,0,1
BRDA:125,11,0,3
BRDA:126,12,0,1
BRDA:128,13,0,0
BRF:14
BRH:12
end_of_record
TN:
SF:packages/resolver/src/embedding.ts
FN:6,__name
FN:6,cosineSimilarity
FN:25,EmbeddingScorer
FN:25,<instance_members_initializer>
FN:1,<static_initializer>
FN:27,rank
FN:43,createTransformersScorer
FNF:7
FNH:7
FNDA:3,__name
FNDA:2,cosineSimilarity
FNDA:1,EmbeddingScorer
FNDA:1,<instance_members_initializer>
FNDA:1,<static_initializer>
FNDA:1,rank
FNDA:1,createTransformersScorer
DA:1,1
DA:2,1
DA:3,1
DA:4,1
DA:5,1
DA:6,1
DA:7,1
DA:8,1
DA:9,1
DA:10,1
DA:11,1
DA:12,1
DA:13,1
DA:14,1
DA:15,1
DA:16,1
DA:17,1
DA:18,1
DA:19,1
DA:20,1
DA:21,1
DA:22,1
DA:23,1
DA:24,1
DA:25,1
DA:26,1
DA:27,1
DA:28,1
DA:29,1
DA:30,1
DA:31,1
DA:32,2
DA:33,2
DA:34,1
DA:35,1
DA:36,1
DA:37,1
DA:38,1
DA:39,1
DA:40,1
DA:41,1
DA:42,1
DA:43,1
DA:44,1
DA:45,1
DA:46,1
DA:47,1
DA:48,1
DA:49,1
DA:50,1
DA:51,1
DA:52,1
DA:53,1
DA:54,1
DA:55,1
DA:56,1
DA:57,1
DA:58,1
DA:59,0
DA:60,0
DA:61,0
DA:62,0
DA:63,0
DA:64,1
LF:64
LH:59
BRDA:6,0,0,3
BRDA:6,1,0,2
BRDA:10,2,0,4
BRDA:15,3,0,0
BRDA:25,4,0,1
BRDA:25,5,0,1
BRDA:1,6,0,1
BRDA:27,7,0,1
BRDA:28,8,0,0
BRDA:29,9,0,2
BRDA:31,10,0,2
BRDA:43,11,0,1
BRDA:52,12,0,0
BRDA:58,13,0,0
BRF:14
BRH:10
end_of_record
TN:
SF:packages/resolver/src/index.ts
FNF:0
FNH:0
DA:1,1
DA:2,1
DA:3,1
DA:4,1
LF:4
LH:4
BRF:0
BRH:0
end_of_record
TN:
SF:packages/resolver/src/resolver.ts
FN:12,__name
FN:21,tokenize
FN:28,queryTokens
FN:1,<static_initializer>
FN:39,rank
FN:1,<static_initializer>
FN:65,<instance_members_initializer>
FN:68,GlyphResolver
FN:73,resolve
FNF:9
FNH:9
FNDA:4,__name
FNDA:55,tokenize
FNDA:5,queryTokens
FNDA:1,<static_initializer>
FNDA:5,rank
FNDA:1,<static_initializer>
FNDA:4,<instance_members_initializer>
FNDA:4,GlyphResolver
FNDA:4,resolve
DA:1,1
DA:2,1
DA:3,1
DA:4,1
DA:5,1
DA:6,1
DA:7,1
DA:8,1
DA:9,1
DA:10,1
DA:11,1
DA:12,1
DA:13,1
DA:14,1
DA:15,1
DA:16,1
DA:17,1
DA:18,1
DA:19,1
DA:20,1
DA:21,1
DA:22,1
DA:23,1
DA:24,1
DA:25,1
DA:26,1
DA:27,1
DA:28,1
DA:29,1
DA:30,1
DA:31,1
DA:32,1
DA:33,1
DA:34,1
DA:35,1
DA:36,1
DA:37,1
DA:38,1
DA:39,1
DA:40,1
DA:41,1
DA:42,1
DA:43,1
DA:44,1
DA:45,1
DA:46,1
DA:47,1
DA:48,1
DA:49,1
DA:50,1
DA:51,1
DA:52,1
DA:53,1
DA:54,1
DA:55,1
DA:56,1
DA:57,1
DA:58,1
DA:59,1
DA:60,1
DA:61,1
DA:62,1
DA:63,1
DA:64,1
DA:65,1
DA:66,4
DA:67,1
DA:68,1
DA:69,4
DA:70,4
DA:71,4
DA:72,1
DA:73,1
DA:74,4
DA:75,4
DA:76,4
DA:77,4
DA:78,4
DA:79,4
DA:80,4
DA:81,4
DA:82,4
DA:83,4
DA:84,4
DA:85,1
LF:85
LH:85
BRDA:12,0,0,4
BRDA:21,1,0,55
BRDA:25,2,0,170
BRDA:28,3,0,5
BRDA:31,4,0,0
BRDA:30,5,0,10
BRDA:1,6,0,1
BRDA:39,7,0,5
BRDA:41,8,0,0
BRDA:44,9,0,15
BRDA:51,10,0,30
BRDA:52,11,0,4
BRDA:52,12,0,26
BRDA:53,13,0,4
BRDA:1,14,0,1
BRDA:65,15,0,4
BRDA:68,16,0,4
BRDA:73,17,0,4
BRDA:77,18,0,2
BRDA:77,19,0,3
BRDA:78,20,0,2
BRDA:78,21,0,3
BRDA:81,22,0,11
BRDA:82,23,0,6
BRF:24
BRH:22
end_of_record
TN:
SF:packages/server/src/define.ts
FN:2,__name
FN:23,defineGlyph
FNF:2
FNH:2
FNDA:16,__name
FNDA:46,defineGlyph
DA:1,1
DA:2,1
DA:3,1
DA:4,1
DA:5,1
DA:6,1
DA:7,1
DA:8,1
DA:9,1
DA:10,1
DA:11,1
DA:12,1
DA:13,1
DA:14,1
DA:15,1
DA:16,1
DA:17,1
DA:18,1
DA:19,1
DA:20,1
DA:21,1
DA:22,1
DA:23,1
DA:24,46
DA:25,46
DA:26,46
DA:27,46
DA:28,46
DA:29,46
DA:30,46
DA:31,46
DA:32,46
DA:33,46
DA:34,46
DA:35,46
DA:36,46
DA:37,46
DA:38,46
DA:39,46
DA:40,46
DA:41,46
DA:42,46
DA:43,46
DA:44,46
DA:45,46
DA:46,46
DA:47,2
DA:48,44
DA:49,46
DA:50,46
DA:51,46
DA:52,46
DA:53,46
DA:54,46
DA:55,46
DA:56,46
DA:57,46
DA:58,46
DA:59,46
DA:60,46
DA:61,46
DA:62,46
DA:63,46
DA:64,46
DA:65,46
DA:66,46
DA:67,46
DA:68,46
DA:69,46
DA:70,46
DA:71,46
DA:72,46
DA:73,46
DA:74,46
DA:75,46
LF:75
LH:75
BRDA:2,0,0,16
BRDA:23,1,0,46
BRDA:46,2,0,2
BRDA:47,3,0,44
BRDA:61,4,0,2
BRDA:61,5,0,44
BRF:6
BRH:6
end_of_record
TN:
SF:packages/server/src/errors.ts
FN:25,__name
FN:25,errorResponse
FNF:2
FNH:2
FNDA:17,__name
FNDA:42,errorResponse
DA:1,1
DA:2,1
DA:3,1
DA:4,1
DA:5,1
DA:6,1
DA:7,1
DA:8,1
DA:9,1
DA:10,1
DA:11,1
DA:12,1
DA:13,1
DA:14,1
DA:15,1
DA:16,1
DA:17,1
DA:18,1
DA:19,1
DA:20,1
DA:21,1
DA:22,1
DA:23,1
DA:24,1
DA:25,1
DA:26,42
DA:27,42
DA:28,42
DA:29,42
DA:30,42
DA:31,42
DA:32,42
DA:33,42
DA:34,42
DA:35,42
LF:35
LH:35
BRDA:25,0,0,17
BRDA:25,1,0,42
BRDA:33,2,0,14
BRF:3
BRH:3
end_of_record
TN:
SF:packages/server/src/index.ts
FNF:0
FNH:0
DA:1,1
DA:2,1
DA:3,1
DA:4,1
DA:5,1
DA:6,1
LF:6
LH:6
BRF:0
BRH:0
end_of_record
TN:
SF:packages/server/src/middleware.ts
FN:2,__name
FN:16,bearerToken
FN:22,sha256
FN:27,buildVerify
FN:48,authMiddleware
FN:68,rateLimitMiddleware
FN:96,clientKey
FNF:7
FNH:7
FNDA:102,__name
FNDA:29,bearerToken
FNDA:24,sha256
FNDA:11,buildVerify
FNDA:9,authMiddleware
FNDA:7,rateLimitMiddleware
FNDA:17,clientKey
DA:1,1
DA:2,1
DA:3,1
DA:4,1
DA:5,1
DA:6,1
DA:7,1
DA:8,1
DA:9,1
DA:10,1
DA:11,1
DA:12,1
DA:13,1
DA:14,1
DA:15,1
DA:16,29
DA:17,29
DA:18,29
DA:19,29
DA:20,1
DA:21,1
DA:22,24
DA:23,24
DA:24,24
DA:25,1
DA:26,1
DA:27,1
DA:28,11
DA:29,11
DA:30,11
DA:31,11
DA:32,11
DA:33,11
DA:34,11
DA:35,14
DA:36,14
DA:37,14
DA:38,14
DA:39,14
DA:40,14
DA:41,14
DA:42,11
DA:43,1
DA:44,1
DA:45,1
DA:46,1
DA:47,1
DA:48,1
DA:49,9
DA:50,9
DA:51,13
DA:52,13
DA:53,13
DA:54,8
DA:55,8
DA:56,13
DA:57,13
DA:58,9
DA:59,1
DA:60,1
DA:61,1
DA:62,1
DA:63,1
DA:64,1
DA:65,1
DA:66,1
DA:67,1
DA:68,1
DA:69,7
DA:70,7
DA:71,7
DA:72,7
DA:73,7
DA:74,20
DA:75,20
DA:76,20
DA:77,0
DA:78,0
DA:79,0
DA:80,0
DA:81,20
DA:82,17
DA:83,20
DA:84,8
DA:85,8
DA:86,8
DA:87,20
DA:88,20
DA:89,5
DA:90,5
DA:91,5
DA:92,20
DA:93,20
DA:94,7
DA:95,1
DA:96,17
DA:97,17
DA:98,17
DA:99,17
DA:100,17
DA:101,17
DA:102,17
DA:103,17
DA:104,17
DA:105,17
DA:106,17
DA:107,17
DA:108,11
DA:109,11
DA:110,17
LF:110
LH:106
BRDA:2,0,0,102
BRDA:16,1,0,29
BRDA:17,2,0,8
BRDA:18,3,0,21
BRDA:18,4,0,8
BRDA:22,5,0,24
BRDA:27,6,0,11
BRDA:28,7,0,1
BRDA:33,8,0,10
BRDA:33,9,0,0
BRDA:33,10,0,10
BRDA:34,11,0,14
BRDA:38,12,0,6
BRDA:40,13,0,8
BRDA:48,14,0,9
BRDA:50,15,0,13
BRDA:51,16,0,1
BRDA:52,17,0,12
BRDA:53,18,0,10
BRDA:53,19,0,8
BRDA:56,20,0,4
BRDA:68,21,0,7
BRDA:73,22,0,20
BRDA:74,23,0,3
BRDA:75,24,0,17
BRDA:76,25,0,0
BRDA:81,26,0,17
BRDA:83,27,0,9
BRDA:83,28,0,8
BRDA:87,29,0,17
BRDA:88,30,0,5
BRDA:92,31,0,12
BRDA:96,32,0,17
BRDA:104,33,0,11
BRDA:104,34,0,6
BRDA:105,35,0,11
BRDA:106,36,0,0
BRDA:107,37,0,11
BRF:38
BRH:35
end_of_record
TN:
SF:packages/server/src/policy.ts
FN:32,__name
FN:32,missingScopes
FNF:2
FNH:2
FNDA:16,__name
FNDA:47,missingScopes
DA:1,1
DA:2,1
DA:3,1
DA:4,1
DA:5,1
DA:6,1
DA:7,1
DA:8,1
DA:9,1
DA:10,1
DA:11,1
DA:12,1
DA:13,1
DA:14,1
DA:15,1
DA:16,1
DA:17,1
DA:18,1
DA:19,1
DA:20,1
DA:21,1
DA:22,1
DA:23,1
DA:24,1
DA:25,1
DA:26,1
DA:27,1
DA:28,1
DA:29,1
DA:30,1
DA:31,1
DA:32,1
DA:33,47
DA:34,47
DA:35,47
DA:36,47
DA:37,47
DA:38,47
DA:39,47
LF:39
LH:39
BRDA:32,0,0,16
BRDA:32,1,0,47
BRDA:36,2,0,5
BRDA:36,3,0,42
BRDA:37,4,0,6
BRDA:37,5,0,5
BRDA:37,6,0,4
BRDA:37,7,0,1
BRDA:38,8,0,5
BRF:9
BRH:9
end_of_record
TN:
SF:packages/server/src/server.ts
FN:1,__name
FN:1,<static_initializer>
FN:1,<static_initializer>
FN:1,<static_initializer>
FN:51,readJson
FN:78,withTimeout
FN:1,<static_initializer>
FN:94,<instance_members_initializer>
FN:112,GlyphServer
FN:160,register
FN:182,registerManifest
FN:216,get fetch
FN:225,resolvePrincipal
FN:235,setupRoutes
FN:620,start
FNF:15
FNH:14
FNDA:96,__name
FNDA:16,<static_initializer>
FNDA:16,<static_initializer>
FNDA:16,<static_initializer>
FNDA:69,readJson
FNDA:29,withTimeout
FNDA:16,<static_initializer>
FNDA:39,<instance_members_initializer>
FNDA:39,GlyphServer
FNDA:53,register
FNDA:2,registerManifest
FNDA:95,get fetch
FNDA:47,resolvePrincipal
FNDA:39,setupRoutes
FNDA:0,start
DA:1,16
DA:2,16
DA:3,16
DA:4,16
DA:5,16
DA:6,16
DA:7,16
DA:8,16
DA:9,16
DA:10,16
DA:11,16
DA:12,16
DA:13,16
DA:14,16
DA:15,16
DA:16,16
DA:17,16
DA:18,16
DA:19,16
DA:20,16
DA:21,16
DA:22,16
DA:23,16
DA:24,16
DA:25,16
DA:26,16
DA:27,16
DA:28,16
DA:29,16
DA:30,16
DA:31,16
DA:32,16
DA:33,16
DA:34,16
DA:35,16
DA:36,16
DA:37,16
DA:38,16
DA:39,16
DA:40,16
DA:41,16
DA:42,16
DA:43,16
DA:44,16
DA:45,16
DA:46,16
DA:47,16
DA:48,16
DA:49,16
DA:50,16
DA:51,16
DA:52,16
DA:53,16
DA:54,16
DA:55,16
DA:56,16
DA:57,16
DA:58,16
DA:59,16
DA:60,16
DA:61,16
DA:62,16
DA:63,16
DA:64,16
DA:65,16
DA:66,16
DA:67,16
DA:68,16
DA:69,16
DA:70,16
DA:71,16
DA:72,16
DA:73,16
DA:74,16
DA:75,16
DA:76,16
DA:77,16
DA:78,16
DA:79,16
DA:80,16
DA:81,16
DA:82,16
DA:83,16
DA:84,16
DA:85,16
DA:86,16
DA:87,16
DA:88,16
DA:89,16
DA:90,16
DA:91,16
DA:92,16
DA:93,16
DA:94,1
DA:95,39
DA:96,39
DA:97,39
DA:98,39
DA:99,39
DA:100,39
DA:101,39
DA:102,39
DA:103,39
DA:104,39
DA:105,39
DA:106,39
DA:107,39
DA:108,39
DA:109,39
DA:110,39
DA:111,1
DA:112,1
DA:113,39
DA:114,39
DA:115,39
DA:116,39
DA:117,39
DA:118,39
DA:119,39
DA:120,39
DA:121,39
DA:122,39
DA:123,39
DA:124,39
DA:125,39
DA:126,39
DA:127,39
DA:128,39
DA:129,39
DA:130,39
DA:131,39
DA:132,39
DA:133,39
DA:134,39
DA:135,39
DA:136,39
DA:137,39
DA:138,39
DA:139,39
DA:140,39
DA:141,39
DA:142,39
DA:143,39
DA:144,39
DA:145,39
DA:146,39
DA:147,39
DA:148,39
DA:149,2
DA:150,39
DA:151,37
DA:152,37
DA:153,37
DA:154,37
DA:155,37
DA:156,39
DA:157,39
DA:158,39
DA:159,1
DA:160,1
DA:161,53
DA:162,1
DA:163,1
DA:164,1
DA:165,1
DA:166,53
DA:167,52
DA:168,52
DA:169,52
DA:170,52
DA:171,52
DA:172,52
DA:173,53
DA:174,1
DA:175,1
DA:176,1
DA:177,1
DA:178,1
DA:179,1
DA:180,1
DA:181,1
DA:182,1
DA:183,2
DA:184,2
DA:185,2
DA:186,2
DA:187,2
DA:188,2
DA:189,2
DA:190,2
DA:191,2
DA:192,2
DA:193,1
DA:194,1
DA:195,1
DA:196,1
DA:197,1
DA:198,1
DA:199,1
DA:200,1
DA:201,1
DA:202,1
DA:203,1
DA:204,1
DA:205,1
DA:206,1
DA:207,1
DA:208,1
DA:209,1
DA:210,1
DA:211,1
DA:212,1
DA:213,2
DA:214,1
DA:215,1
DA:216,1
DA:217,95
DA:218,95
DA:219,1
DA:220,1
DA:221,1
DA:222,1
DA:223,1
DA:224,1
DA:225,1
DA:226,47
DA:227,47
DA:228,5
DA:229,6
DA:230,0
DA:231,0
DA:232,0
DA:233,47
DA:234,1
DA:235,1
DA:236,39
DA:237,39
DA:238,39
DA:239,4
DA:240,3
DA:241,3
DA:242,3
DA:243,3
DA:244,3
DA:245,3
DA:246,3
DA:247,4
DA:248,1
DA:249,1
DA:250,1
DA:251,1
DA:252,1
DA:253,1
DA:254,1
DA:255,4
DA:256,0
DA:257,39
DA:258,39
DA:259,39
DA:260,39
DA:261,39
DA:262,2
DA:263,2
DA:264,2
DA:265,39
DA:266,39
DA:267,39
DA:268,2
DA:269,2
DA:270,2
DA:271,2
DA:272,2
DA:273,39
DA:274,39
DA:275,39
DA:276,39
DA:277,39
DA:278,3
DA:279,1
DA:280,1
DA:281,3
DA:282,2
DA:283,2
DA:284,3
DA:285,0
DA:286,0
DA:287,0
DA:288,0
DA:289,0
DA:290,0
DA:291,0
DA:292,0
DA:293,39
DA:294,39
DA:295,39
DA:296,17
DA:297,17
DA:298,17
DA:299,17
DA:300,17
DA:301,3
DA:302,3
DA:303,3
DA:304,3
DA:305,3
DA:306,3
DA:307,3
DA:308,3
DA:309,3
DA:310,3
DA:311,3
DA:312,17
DA:313,17
DA:314,25
DA:315,14
DA:316,14
DA:317,14
DA:318,14
DA:319,14
DA:320,17
DA:321,17
DA:322,17
DA:323,17
DA:324,39
DA:325,39
DA:326,39
DA:327,14
DA:328,24
DA:329,14
DA:330,14
DA:331,39
DA:332,39
DA:333,39
DA:334,39
DA:335,39
DA:336,39
DA:337,39
DA:338,39
DA:339,37
DA:340,39
DA:341,4
DA:342,4
DA:343,4
DA:344,4
DA:345,4
DA:346,4
DA:347,4
DA:348,4
DA:349,39
DA:350,39
DA:351,39
DA:352,37
DA:353,39
DA:354,39
DA:355,39
DA:356,3
DA:357,3
DA:358,1
DA:359,1
DA:360,3
DA:361,3
DA:362,1
DA:363,1
DA:364,1
DA:365,1
DA:366,1
DA:367,1
DA:368,1
DA:369,1
DA:370,39
DA:371,39
DA:372,39
DA:373,13
DA:374,13
DA:375,13
DA:376,13
DA:377,13
DA:378,13
DA:379,13
DA:380,1
DA:381,1
DA:382,1
DA:383,1
DA:384,1
DA:385,1
DA:386,1
DA:387,1
DA:388,13
DA:389,13
DA:390,13
DA:391,13
DA:392,12
DA:393,13
DA:394,0
DA:395,0
DA:396,0
DA:397,0
DA:398,0
DA:399,0
DA:400,0
DA:401,0
DA:402,13
DA:403,13
DA:404,12
DA:405,12
DA:406,13
DA:407,11
DA:408,11
DA:409,13
DA:410,13
DA:411,2
DA:412,2
DA:413,2
DA:414,4
DA:415,4
DA:416,2
DA:417,2
DA:418,2
DA:419,2
DA:420,2
DA:421,2
DA:422,2
DA:423,2
DA:424,2
DA:425,2
DA:426,2
DA:427,2
DA:428,2
DA:429,13
DA:430,13
DA:431,10
DA:432,10
DA:433,10
DA:434,10
DA:435,10
DA:436,10
DA:437,10
DA:438,10
DA:439,10
DA:440,10
DA:441,10
DA:442,10
DA:443,10
DA:444,10
DA:445,10
DA:446,10
DA:447,39
DA:448,39
DA:449,39
DA:450,40
DA:451,40
DA:452,40
DA:453,40
DA:454,40
DA:455,39
DA:456,39
DA:457,39
DA:458,39
DA:459,40
DA:460,35
DA:461,35
DA:462,35
DA:463,40
DA:464,0
DA:465,0
DA:466,0
DA:467,0
DA:468,0
DA:469,0
DA:470,0
DA:471,0
DA:472,40
DA:473,40
DA:474,40
DA:475,40
DA:476,40
DA:477,40
DA:478,35
DA:479,40
DA:480,2
DA:481,2
DA:482,2
DA:483,2
DA:484,2
DA:485,2
DA:486,2
DA:487,2
DA:488,40
DA:489,40
DA:490,40
DA:491,40
DA:492,40
DA:493,6
DA:494,6
DA:495,6
DA:496,6
DA:497,6
DA:498,1
DA:499,1
DA:500,1
DA:501,1
DA:502,1
DA:503,1
DA:504,1
DA:505,1
DA:506,1
DA:507,1
DA:508,1
DA:509,1
DA:510,6
DA:511,6
DA:512,2
DA:513,2
DA:514,2
DA:515,2
DA:516,2
DA:517,2
DA:518,2
DA:519,6
DA:520,3
DA:521,3
DA:522,3
DA:523,3
DA:524,6
DA:525,1
DA:526,1
DA:527,1
DA:528,1
DA:529,1
DA:530,1
DA:531,1
DA:532,6
DA:533,40
DA:534,40
DA:535,40
DA:536,40
DA:537,40
DA:538,29
DA:539,29
DA:540,29
DA:541,29
DA:542,29
DA:543,29
DA:544,29
DA:545,29
DA:546,40
DA:547,3
DA:548,2
DA:549,2
DA:550,2
DA:551,2
DA:552,2
DA:553,2
DA:554,2
DA:555,3
DA:556,1
DA:557,1
DA:558,1
DA:559,3
DA:560,3
DA:561,3
DA:562,40
DA:563,26
DA:564,26
DA:565,40
DA:566,1
DA:567,1
DA:568,1
DA:569,1
DA:570,1
DA:571,1
DA:572,1
DA:573,1
DA:574,40
DA:575,40
DA:576,40
DA:577,40
DA:578,40
DA:579,25
DA:580,25
DA:581,25
DA:582,25
DA:583,25
DA:584,25
DA:585,25
DA:586,25
DA:587,25
DA:588,25
DA:589,25
DA:590,25
DA:591,25
DA:592,25
DA:593,25
DA:594,40
DA:595,40
DA:596,40
DA:597,40
DA:598,40
DA:599,40
DA:600,40
DA:601,8
DA:602,8
DA:603,8
DA:604,0
DA:605,0
DA:606,8
DA:607,40
DA:608,40
DA:609,25
DA:610,25
DA:611,25
DA:612,25
DA:613,25
DA:614,25
DA:615,25
DA:616,25
DA:617,39
DA:618,39
DA:619,1
DA:620,1
DA:621,0
DA:622,0
DA:623,0
DA:624,0
DA:625,0
DA:626,0
DA:627,0
DA:628,1
LF:628
LH:591
BRDA:1,0,0,96
BRDA:1,1,0,16
BRDA:1,2,0,16
BRDA:1,3,0,16
BRDA:51,4,0,69
BRDA:53,5,0,3
BRDA:55,6,0,2
BRDA:59,7,0,67
BRDA:62,8,0,66
BRDA:64,9,0,1
BRDA:67,10,0,65
BRDA:70,11,0,11
BRDA:70,12,0,1
BRDA:71,13,0,2
BRDA:72,14,0,1
BRDA:74,15,0,0
BRDA:78,16,0,29
BRDA:84,17,0,29
BRDA:85,18,0,2
BRDA:90,19,0,29
BRDA:1,20,0,16
BRDA:94,21,0,39
BRDA:112,22,0,39
BRDA:138,23,0,14
BRDA:139,24,0,14
BRDA:140,25,0,14
BRDA:141,26,0,14
BRDA:141,27,0,38
BRDA:142,28,0,14
BRDA:143,29,0,14
BRDA:144,30,0,14
BRDA:146,31,0,14
BRDA:146,32,0,36
BRDA:147,33,0,14
BRDA:147,34,0,38
BRDA:148,35,0,14
BRDA:148,36,0,2
BRDA:150,37,0,37
BRDA:160,38,0,53
BRDA:161,39,0,1
BRDA:166,40,0,52
BRDA:182,41,0,2
BRDA:192,42,0,1
BRDA:216,43,0,95
BRDA:225,44,0,47
BRDA:226,45,0,42
BRDA:227,46,0,6
BRDA:227,47,0,5
BRDA:229,48,0,0
BRDA:235,49,0,39
BRDA:261,50,0,2
BRDA:262,51,0,0
BRDA:265,52,0,2
BRDA:238,53,0,4
BRDA:239,54,0,3
BRDA:247,55,0,1
BRDA:255,56,0,0
BRDA:267,57,0,2
BRDA:277,58,0,3
BRDA:278,59,0,1
BRDA:281,60,0,2
BRDA:284,61,0,0
BRDA:295,62,0,17
BRDA:300,63,0,3
BRDA:308,64,0,1
BRDA:313,65,0,14
BRDA:320,66,0,0
BRDA:313,67,0,25
BRDA:326,68,0,14
BRDA:327,69,0,24
BRDA:333,70,0,39
BRDA:338,71,0,37
BRDA:340,72,0,4
BRDA:349,73,0,35
BRDA:349,74,0,2
BRDA:351,75,0,37
BRDA:351,76,0,1
BRDA:352,77,0,34
BRDA:355,78,0,3
BRDA:357,79,0,1
BRDA:360,80,0,2
BRDA:361,81,0,1
BRDA:372,82,0,13
BRDA:375,83,0,0
BRDA:379,84,0,1
BRDA:391,85,0,12
BRDA:393,86,0,0
BRDA:403,87,0,12
BRDA:406,88,0,11
BRDA:407,89,0,0
BRDA:410,90,0,12
BRDA:410,91,0,2
BRDA:413,92,0,4
BRDA:414,93,0,2
BRDA:430,94,0,10
BRDA:449,95,0,40
BRDA:452,96,0,1
BRDA:454,97,0,39
BRDA:459,98,0,35
BRDA:463,99,0,0
BRDA:477,100,0,35
BRDA:479,101,0,2
BRDA:492,102,0,33
BRDA:492,103,0,6
BRDA:497,104,0,1
BRDA:510,105,0,5
BRDA:511,106,0,2
BRDA:519,107,0,3
BRDA:524,108,0,1
BRDA:537,109,0,34
BRDA:537,110,0,29
BRDA:546,111,0,26
BRDA:546,112,0,3
BRDA:547,113,0,2
BRDA:555,114,0,1
BRDA:559,115,0,0
BRDA:562,116,0,26
BRDA:565,117,0,1
BRDA:578,118,0,25
BRDA:594,119,0,5
BRDA:594,120,0,20
BRDA:600,121,0,8
BRDA:603,122,0,0
BRDA:608,123,0,25
BRDA:544,124,0,2
BRF:125
BRH:113
end_of_record
TN:
SF:packages/types/src/index.ts
FNF:0
FNH:0
DA:1,1
DA:2,1
DA:3,1
DA:4,1
DA:5,1
DA:6,1
DA:7,1
DA:8,1
DA:9,1
DA:10,1
DA:11,1
DA:12,1
DA:13,1
DA:14,1
DA:15,1
DA:16,1
DA:17,1
DA:18,1
DA:19,1
DA:20,1
DA:21,1
DA:22,1
LF:22
LH:22
BRF:0
BRH:0
end_of_record
TN:
SF:packages/types/src/protocol.ts
FNF:0
FNH:0
DA:1,1
DA:2,1
DA:3,1
DA:4,1
DA:5,1
DA:6,1
DA:7,1
DA:8,1
DA:9,1
DA:10,1
DA:11,1
DA:12,1
DA:13,1
DA:14,1
DA:15,1
LF:15
LH:15
BRF:0
BRH:0
end_of_record
